[0.569s] DEBUG:colcon:Command line arguments: ['/home/haydenccarroll/.local/bin/colcon', 'build']
[0.569s] DEBUG:colcon:Parsed command line arguments: Namespace(log_base=None, log_level=None, verb_name='build', build_base='build', install_base='install', merge_install=False, symlink_install=False, test_result_base=None, continue_on_error=False, executor='parallel', parallel_workers=4, event_handlers=None, ignore_user_meta=False, metas=['./colcon.meta'], base_paths=['.'], packages_ignore=None, packages_ignore_regex=None, paths=None, packages_up_to=None, packages_up_to_regex=None, packages_above=None, packages_above_and_dependencies=None, packages_above_depth=None, packages_select_by_dep=None, packages_skip_by_dep=None, packages_skip_up_to=None, packages_select_build_failed=False, packages_skip_build_finished=False, packages_select_test_failures=False, packages_skip_test_passed=False, packages_select=None, packages_skip=None, packages_select_regex=None, packages_skip_regex=None, packages_start=None, packages_end=None, cmake_args=None, cmake_target=None, cmake_target_skip_unavailable=False, cmake_clean_cache=False, cmake_clean_first=False, cmake_force_configure=False, ament_cmake_args=None, catkin_cmake_args=None, catkin_skip_building_tests=False, verb_parser=<colcon_defaults.argument_parser.defaults.DefaultArgumentsDecorator object at 0x7f07c0a8a650>, verb_extension=<colcon_core.verb.build.BuildVerb object at 0x7f07c14067d0>, main=<bound method BuildVerb.main of <colcon_core.verb.build.BuildVerb object at 0x7f07c14067d0>>)
[0.608s] Level 1:colcon.colcon_core.package_discovery:discover_packages(colcon_meta) check parameters
[0.608s] Level 1:colcon.colcon_core.package_discovery:discover_packages(recursive) check parameters
[0.608s] Level 1:colcon.colcon_core.package_discovery:discover_packages(ignore) check parameters
[0.608s] Level 1:colcon.colcon_core.package_discovery:discover_packages(path) check parameters
[0.608s] Level 1:colcon.colcon_core.package_discovery:discover_packages(colcon_meta) discover
[0.608s] Level 1:colcon.colcon_core.package_discovery:discover_packages(recursive) discover
[0.608s] INFO:colcon.colcon_core.package_discovery:Crawling recursively for packages in '/home/haydenccarroll/Repositories/create3_examples_ws/src/hw1_assignment'
[0.608s] Level 1:colcon.colcon_core.package_identification:_identify(.) by extensions ['ignore', 'ignore_ament_install']
[0.608s] Level 1:colcon.colcon_core.package_identification:_identify(.) by extension 'ignore'
[0.608s] Level 1:colcon.colcon_core.package_identification:_identify(.) by extension 'ignore_ament_install'
[0.609s] Level 1:colcon.colcon_core.package_identification:_identify(.) by extensions ['colcon_pkg']
[0.609s] Level 1:colcon.colcon_core.package_identification:_identify(.) by extension 'colcon_pkg'
[0.609s] Level 1:colcon.colcon_core.package_identification:_identify(.) by extensions ['colcon_meta']
[0.609s] Level 1:colcon.colcon_core.package_identification:_identify(.) by extension 'colcon_meta'
[0.609s] Level 1:colcon.colcon_core.package_identification:_identify(.) by extensions ['ros']
[0.609s] Level 1:colcon.colcon_core.package_identification:_identify(.) by extension 'ros'
[0.628s] DEBUG:colcon.colcon_core.package_identification:Package '.' with type 'ros.ament_python' and name 'hw1_assignment'
[0.628s] Level 1:colcon.colcon_core.package_discovery:discover_packages(recursive) using defaults
[0.628s] Level 1:colcon.colcon_core.package_discovery:discover_packages(ignore) discover
[0.628s] Level 1:colcon.colcon_core.package_discovery:discover_packages(ignore) using defaults
[0.628s] Level 1:colcon.colcon_core.package_discovery:discover_packages(path) discover
[0.628s] Level 1:colcon.colcon_core.package_discovery:discover_packages(path) using defaults
[0.675s] Level 5:colcon.colcon_core.verb:set package 'hw1_assignment' build argument 'cmake_args' from command line to 'None'
[0.675s] Level 5:colcon.colcon_core.verb:set package 'hw1_assignment' build argument 'cmake_target' from command line to 'None'
[0.675s] Level 5:colcon.colcon_core.verb:set package 'hw1_assignment' build argument 'cmake_target_skip_unavailable' from command line to 'False'
[0.676s] Level 5:colcon.colcon_core.verb:set package 'hw1_assignment' build argument 'cmake_clean_cache' from command line to 'False'
[0.676s] Level 5:colcon.colcon_core.verb:set package 'hw1_assignment' build argument 'cmake_clean_first' from command line to 'False'
[0.676s] Level 5:colcon.colcon_core.verb:set package 'hw1_assignment' build argument 'cmake_force_configure' from command line to 'False'
[0.676s] Level 5:colcon.colcon_core.verb:set package 'hw1_assignment' build argument 'ament_cmake_args' from command line to 'None'
[0.676s] Level 5:colcon.colcon_core.verb:set package 'hw1_assignment' build argument 'catkin_cmake_args' from command line to 'None'
[0.676s] Level 5:colcon.colcon_core.verb:set package 'hw1_assignment' build argument 'catkin_skip_building_tests' from command line to 'False'
[0.676s] DEBUG:colcon.colcon_core.verb:Building package 'hw1_assignment' with the following arguments: {'ament_cmake_args': None, 'build_base': '/home/haydenccarroll/Repositories/create3_examples_ws/src/hw1_assignment/build/hw1_assignment', 'catkin_cmake_args': None, 'catkin_skip_building_tests': False, 'cmake_args': None, 'cmake_clean_cache': False, 'cmake_clean_first': False, 'cmake_force_configure': False, 'cmake_target': None, 'cmake_target_skip_unavailable': False, 'install_base': '/home/haydenccarroll/Repositories/create3_examples_ws/src/hw1_assignment/install/hw1_assignment', 'merge_install': False, 'path': '/home/haydenccarroll/Repositories/create3_examples_ws/src/hw1_assignment', 'symlink_install': False, 'test_result_base': None}
[0.678s] INFO:colcon.colcon_core.executor:Executing jobs using 'parallel' executor
[0.691s] DEBUG:colcon.colcon_parallel_executor.executor.parallel:run_until_complete
[0.692s] INFO:colcon.colcon_ros.task.ament_python.build:Building ROS package in '/home/haydenccarroll/Repositories/create3_examples_ws/src/hw1_assignment' with build type 'ament_python'
[0.692s] Level 1:colcon.colcon_core.shell:create_environment_hook('hw1_assignment', 'ament_prefix_path')
[0.701s] INFO:colcon.colcon_core.plugin_system:Skipping extension 'colcon_core.shell.bat': Not used on non-Windows systems
[0.701s] INFO:colcon.colcon_core.shell:Creating environment hook '/home/haydenccarroll/Repositories/create3_examples_ws/src/hw1_assignment/install/hw1_assignment/share/hw1_assignment/hook/ament_prefix_path.ps1'
[0.702s] INFO:colcon.colcon_core.shell:Creating environment descriptor '/home/haydenccarroll/Repositories/create3_examples_ws/src/hw1_assignment/install/hw1_assignment/share/hw1_assignment/hook/ament_prefix_path.dsv'
[0.703s] INFO:colcon.colcon_core.shell:Creating environment hook '/home/haydenccarroll/Repositories/create3_examples_ws/src/hw1_assignment/install/hw1_assignment/share/hw1_assignment/hook/ament_prefix_path.sh'
[0.710s] INFO:colcon.colcon_core.shell:Skip shell extension 'powershell' for command environment: Not usable outside of PowerShell
[0.710s] DEBUG:colcon.colcon_core.shell:Skip shell extension 'dsv' for command environment
[1.044s] INFO:colcon.colcon_core.task.python.build:Building Python package in '/home/haydenccarroll/Repositories/create3_examples_ws/src/hw1_assignment'
[1.050s] INFO:colcon.colcon_core.shell:Skip shell extension 'powershell' for command environment: Not usable outside of PowerShell
[1.050s] DEBUG:colcon.colcon_core.shell:Skip shell extension 'dsv' for command environment
[1.542s] DEBUG:colcon.colcon_core.event_handler.log_command:Invoking command in '/home/haydenccarroll/Repositories/create3_examples_ws/src/hw1_assignment': PYTHONPATH=/home/haydenccarroll/Repositories/create3_examples_ws/src/hw1_assignment/install/hw1_assignment/lib/python3.10/site-packages:${PYTHONPATH} /usr/bin/python3 setup.py egg_info --egg-base build/hw1_assignment build --build-base /home/haydenccarroll/Repositories/create3_examples_ws/src/hw1_assignment/build/hw1_assignment/build install --prefix /home/haydenccarroll/Repositories/create3_examples_ws/src/hw1_assignment/install/hw1_assignment --record /home/haydenccarroll/Repositories/create3_examples_ws/src/hw1_assignment/build/hw1_assignment/install.log --single-version-externally-managed
[1.908s] DEBUG:colcon.colcon_core.event_handler.log_command:Invoked command in '/home/haydenccarroll/Repositories/create3_examples_ws/src/hw1_assignment' returned '0': PYTHONPATH=/home/haydenccarroll/Repositories/create3_examples_ws/src/hw1_assignment/install/hw1_assignment/lib/python3.10/site-packages:${PYTHONPATH} /usr/bin/python3 setup.py egg_info --egg-base build/hw1_assignment build --build-base /home/haydenccarroll/Repositories/create3_examples_ws/src/hw1_assignment/build/hw1_assignment/build install --prefix /home/haydenccarroll/Repositories/create3_examples_ws/src/hw1_assignment/install/hw1_assignment --record /home/haydenccarroll/Repositories/create3_examples_ws/src/hw1_assignment/build/hw1_assignment/install.log --single-version-externally-managed
[1.919s] Level 1:colcon.colcon_core.environment:checking '/home/haydenccarroll/Repositories/create3_examples_ws/src/hw1_assignment/install/hw1_assignment' for CMake module files
[1.920s] Level 1:colcon.colcon_core.environment:checking '/home/haydenccarroll/Repositories/create3_examples_ws/src/hw1_assignment/install/hw1_assignment' for CMake config files
[1.921s] Level 1:colcon.colcon_core.environment:checking '/home/haydenccarroll/Repositories/create3_examples_ws/src/hw1_assignment/install/hw1_assignment/lib'
[1.922s] Level 1:colcon.colcon_core.environment:checking '/home/haydenccarroll/Repositories/create3_examples_ws/src/hw1_assignment/install/hw1_assignment/bin'
[1.922s] Level 1:colcon.colcon_core.environment:checking '/home/haydenccarroll/Repositories/create3_examples_ws/src/hw1_assignment/install/hw1_assignment/lib/pkgconfig/hw1_assignment.pc'
[1.922s] Level 1:colcon.colcon_core.environment:checking '/home/haydenccarroll/Repositories/create3_examples_ws/src/hw1_assignment/install/hw1_assignment/lib/python3.10/site-packages'
[1.922s] Level 1:colcon.colcon_core.shell:create_environment_hook('hw1_assignment', 'pythonpath')
[1.928s] INFO:colcon.colcon_core.shell:Creating environment hook '/home/haydenccarroll/Repositories/create3_examples_ws/src/hw1_assignment/install/hw1_assignment/share/hw1_assignment/hook/pythonpath.ps1'
[1.928s] INFO:colcon.colcon_core.shell:Creating environment descriptor '/home/haydenccarroll/Repositories/create3_examples_ws/src/hw1_assignment/install/hw1_assignment/share/hw1_assignment/hook/pythonpath.dsv'
[1.929s] INFO:colcon.colcon_core.shell:Creating environment hook '/home/haydenccarroll/Repositories/create3_examples_ws/src/hw1_assignment/install/hw1_assignment/share/hw1_assignment/hook/pythonpath.sh'
[1.929s] Level 1:colcon.colcon_core.environment:checking '/home/haydenccarroll/Repositories/create3_examples_ws/src/hw1_assignment/install/hw1_assignment/bin'
[1.930s] Level 1:colcon.colcon_core.environment:create_environment_scripts_only(hw1_assignment)
[1.935s] INFO:colcon.colcon_core.shell:Creating package script '/home/haydenccarroll/Repositories/create3_examples_ws/src/hw1_assignment/install/hw1_assignment/share/hw1_assignment/package.ps1'
[1.936s] INFO:colcon.colcon_core.shell:Creating package descriptor '/home/haydenccarroll/Repositories/create3_examples_ws/src/hw1_assignment/install/hw1_assignment/share/hw1_assignment/package.dsv'
[1.938s] INFO:colcon.colcon_core.shell:Creating package script '/home/haydenccarroll/Repositories/create3_examples_ws/src/hw1_assignment/install/hw1_assignment/share/hw1_assignment/package.sh'
[1.939s] INFO:colcon.colcon_core.shell:Creating package script '/home/haydenccarroll/Repositories/create3_examples_ws/src/hw1_assignment/install/hw1_assignment/share/hw1_assignment/package.bash'
[1.940s] INFO:colcon.colcon_core.shell:Creating package script '/home/haydenccarroll/Repositories/create3_examples_ws/src/hw1_assignment/install/hw1_assignment/share/hw1_assignment/package.zsh'
[1.941s] Level 1:colcon.colcon_core.environment:create_file_with_runtime_dependencies(/home/haydenccarroll/Repositories/create3_examples_ws/src/hw1_assignment/install/hw1_assignment/share/colcon-core/packages/hw1_assignment)
[1.941s] DEBUG:colcon.colcon_parallel_executor.executor.parallel:closing loop
[1.942s] DEBUG:colcon.colcon_parallel_executor.executor.parallel:loop closed
[1.942s] DEBUG:colcon.colcon_parallel_executor.executor.parallel:run_until_complete finished with '0'
[1.942s] DEBUG:colcon.colcon_core.event_reactor:joining thread
[1.956s] INFO:colcon.colcon_core.plugin_system:Skipping extension 'colcon_notification.desktop_notification.terminal_notifier': Not used on non-Darwin systems
[1.956s] INFO:colcon.colcon_core.plugin_system:Skipping extension 'colcon_notification.desktop_notification.win32': Not used on non-Windows systems
[1.956s] INFO:colcon.colcon_notification.desktop_notification:Sending desktop notification using 'notify2'
[1.971s] DEBUG:colcon.colcon_core.event_reactor:joined thread
[1.977s] INFO:colcon.colcon_core.shell:Creating prefix script '/home/haydenccarroll/Repositories/create3_examples_ws/src/hw1_assignment/install/local_setup.ps1'
[1.979s] INFO:colcon.colcon_core.shell:Creating prefix util module '/home/haydenccarroll/Repositories/create3_examples_ws/src/hw1_assignment/install/_local_setup_util_ps1.py'
[1.981s] INFO:colcon.colcon_core.shell:Creating prefix chain script '/home/haydenccarroll/Repositories/create3_examples_ws/src/hw1_assignment/install/setup.ps1'
[1.988s] INFO:colcon.colcon_core.shell:Creating prefix script '/home/haydenccarroll/Repositories/create3_examples_ws/src/hw1_assignment/install/local_setup.sh'
[1.988s] INFO:colcon.colcon_core.shell:Creating prefix util module '/home/haydenccarroll/Repositories/create3_examples_ws/src/hw1_assignment/install/_local_setup_util_sh.py'
[1.989s] INFO:colcon.colcon_core.shell:Creating prefix chain script '/home/haydenccarroll/Repositories/create3_examples_ws/src/hw1_assignment/install/setup.sh'
[1.995s] INFO:colcon.colcon_core.shell:Creating prefix script '/home/haydenccarroll/Repositories/create3_examples_ws/src/hw1_assignment/install/local_setup.bash'
[1.996s] INFO:colcon.colcon_core.shell:Creating prefix chain script '/home/haydenccarroll/Repositories/create3_examples_ws/src/hw1_assignment/install/setup.bash'
[2.003s] INFO:colcon.colcon_core.shell:Creating prefix script '/home/haydenccarroll/Repositories/create3_examples_ws/src/hw1_assignment/install/local_setup.zsh'
[2.004s] INFO:colcon.colcon_core.shell:Creating prefix chain script '/home/haydenccarroll/Repositories/create3_examples_ws/src/hw1_assignment/install/setup.zsh'
