[1.518s] Invoking command in '/home/haydenccarroll/Repositories/cs-453/hw2_assignment': PYTHONPATH=/home/haydenccarroll/Repositories/cs-453/hw2_assignment/install/hw2_assignment/lib/python3.10/site-packages:${PYTHONPATH} /usr/bin/python3 setup.py egg_info --egg-base build/hw2_assignment build --build-base /home/haydenccarroll/Repositories/cs-453/hw2_assignment/build/hw2_assignment/build install --prefix /home/haydenccarroll/Repositories/cs-453/hw2_assignment/install/hw2_assignment --record /home/haydenccarroll/Repositories/cs-453/hw2_assignment/build/hw2_assignment/install.log --single-version-externally-managed
[2.011s] running egg_info
[2.012s] writing build/hw2_assignment/hw2_assignment.egg-info/PKG-INFO
[2.013s] writing dependency_links to build/hw2_assignment/hw2_assignment.egg-info/dependency_links.txt
[2.013s] writing entry points to build/hw2_assignment/hw2_assignment.egg-info/entry_points.txt
[2.013s] writing requirements to build/hw2_assignment/hw2_assignment.egg-info/requires.txt
[2.014s] writing top-level names to build/hw2_assignment/hw2_assignment.egg-info/top_level.txt
[2.018s] reading manifest file 'build/hw2_assignment/hw2_assignment.egg-info/SOURCES.txt'
[2.022s] writing manifest file 'build/hw2_assignment/hw2_assignment.egg-info/SOURCES.txt'
[2.022s] running build
[2.022s] running build_py
[2.022s] creating /home/haydenccarroll/Repositories/cs-453/hw2_assignment/build/hw2_assignment/build
[2.022s] creating /home/haydenccarroll/Repositories/cs-453/hw2_assignment/build/hw2_assignment/build/lib
[2.023s] creating /home/haydenccarroll/Repositories/cs-453/hw2_assignment/build/hw2_assignment/build/lib/hw2_assignment
[2.023s] copying hw2_assignment/main.py -> /home/haydenccarroll/Repositories/cs-453/hw2_assignment/build/hw2_assignment/build/lib/hw2_assignment
[2.023s] copying hw2_assignment/__init__.py -> /home/haydenccarroll/Repositories/cs-453/hw2_assignment/build/hw2_assignment/build/lib/hw2_assignment
[2.023s] copying hw2_assignment/rotator.py -> /home/haydenccarroll/Repositories/cs-453/hw2_assignment/build/hw2_assignment/build/lib/hw2_assignment
[2.024s] copying hw2_assignment/docker.py -> /home/haydenccarroll/Repositories/cs-453/hw2_assignment/build/hw2_assignment/build/lib/hw2_assignment
[2.024s] copying hw2_assignment/audio_manager.py -> /home/haydenccarroll/Repositories/cs-453/hw2_assignment/build/hw2_assignment/build/lib/hw2_assignment
[2.024s] copying hw2_assignment/driver.py -> /home/haydenccarroll/Repositories/cs-453/hw2_assignment/build/hw2_assignment/build/lib/hw2_assignment
[2.024s] copying hw2_assignment/navigator.py -> /home/haydenccarroll/Repositories/cs-453/hw2_assignment/build/hw2_assignment/build/lib/hw2_assignment
[2.024s] running install
[2.025s] /usr/lib/python3/dist-packages/setuptools/command/install.py:34: SetuptoolsDeprecationWarning: setup.py install is deprecated. Use build and pip and other standards-based tools.
[2.025s]   warnings.warn(
[2.025s] running install_lib
[2.027s] creating /home/haydenccarroll/Repositories/cs-453/hw2_assignment/install/hw2_assignment/lib/python3.10/site-packages/hw2_assignment
[2.028s] copying /home/haydenccarroll/Repositories/cs-453/hw2_assignment/build/hw2_assignment/build/lib/hw2_assignment/main.py -> /home/haydenccarroll/Repositories/cs-453/hw2_assignment/install/hw2_assignment/lib/python3.10/site-packages/hw2_assignment
[2.028s] copying /home/haydenccarroll/Repositories/cs-453/hw2_assignment/build/hw2_assignment/build/lib/hw2_assignment/__init__.py -> /home/haydenccarroll/Repositories/cs-453/hw2_assignment/install/hw2_assignment/lib/python3.10/site-packages/hw2_assignment
[2.028s] copying /home/haydenccarroll/Repositories/cs-453/hw2_assignment/build/hw2_assignment/build/lib/hw2_assignment/rotator.py -> /home/haydenccarroll/Repositories/cs-453/hw2_assignment/install/hw2_assignment/lib/python3.10/site-packages/hw2_assignment
[2.029s] copying /home/haydenccarroll/Repositories/cs-453/hw2_assignment/build/hw2_assignment/build/lib/hw2_assignment/docker.py -> /home/haydenccarroll/Repositories/cs-453/hw2_assignment/install/hw2_assignment/lib/python3.10/site-packages/hw2_assignment
[2.029s] copying /home/haydenccarroll/Repositories/cs-453/hw2_assignment/build/hw2_assignment/build/lib/hw2_assignment/audio_manager.py -> /home/haydenccarroll/Repositories/cs-453/hw2_assignment/install/hw2_assignment/lib/python3.10/site-packages/hw2_assignment
[2.029s] copying /home/haydenccarroll/Repositories/cs-453/hw2_assignment/build/hw2_assignment/build/lib/hw2_assignment/driver.py -> /home/haydenccarroll/Repositories/cs-453/hw2_assignment/install/hw2_assignment/lib/python3.10/site-packages/hw2_assignment
[2.029s] copying /home/haydenccarroll/Repositories/cs-453/hw2_assignment/build/hw2_assignment/build/lib/hw2_assignment/navigator.py -> /home/haydenccarroll/Repositories/cs-453/hw2_assignment/install/hw2_assignment/lib/python3.10/site-packages/hw2_assignment
[2.030s] byte-compiling /home/haydenccarroll/Repositories/cs-453/hw2_assignment/install/hw2_assignment/lib/python3.10/site-packages/hw2_assignment/main.py to main.cpython-310.pyc
[2.036s] byte-compiling /home/haydenccarroll/Repositories/cs-453/hw2_assignment/install/hw2_assignment/lib/python3.10/site-packages/hw2_assignment/__init__.py to __init__.cpython-310.pyc
[2.036s] byte-compiling /home/haydenccarroll/Repositories/cs-453/hw2_assignment/install/hw2_assignment/lib/python3.10/site-packages/hw2_assignment/rotator.py to rotator.cpython-310.pyc
[2.037s] byte-compiling /home/haydenccarroll/Repositories/cs-453/hw2_assignment/install/hw2_assignment/lib/python3.10/site-packages/hw2_assignment/docker.py to docker.cpython-310.pyc
[2.039s] byte-compiling /home/haydenccarroll/Repositories/cs-453/hw2_assignment/install/hw2_assignment/lib/python3.10/site-packages/hw2_assignment/audio_manager.py to audio_manager.cpython-310.pyc
[2.041s] byte-compiling /home/haydenccarroll/Repositories/cs-453/hw2_assignment/install/hw2_assignment/lib/python3.10/site-packages/hw2_assignment/driver.py to driver.cpython-310.pyc
[2.042s] byte-compiling /home/haydenccarroll/Repositories/cs-453/hw2_assignment/install/hw2_assignment/lib/python3.10/site-packages/hw2_assignment/navigator.py to navigator.cpython-310.pyc
[2.043s] running install_data
[2.045s] running install_egg_info
[2.048s] removing '/home/haydenccarroll/Repositories/cs-453/hw2_assignment/install/hw2_assignment/lib/python3.10/site-packages/hw2_assignment-0.0.0-py3.10.egg-info' (and everything under it)
[2.049s] Copying build/hw2_assignment/hw2_assignment.egg-info to /home/haydenccarroll/Repositories/cs-453/hw2_assignment/install/hw2_assignment/lib/python3.10/site-packages/hw2_assignment-0.0.0-py3.10.egg-info
[2.051s] running install_scripts
[2.083s] writing list of installed files to '/home/haydenccarroll/Repositories/cs-453/hw2_assignment/build/hw2_assignment/install.log'
[2.141s] Invoked command in '/home/haydenccarroll/Repositories/cs-453/hw2_assignment' returned '0': PYTHONPATH=/home/haydenccarroll/Repositories/cs-453/hw2_assignment/install/hw2_assignment/lib/python3.10/site-packages:${PYTHONPATH} /usr/bin/python3 setup.py egg_info --egg-base build/hw2_assignment build --build-base /home/haydenccarroll/Repositories/cs-453/hw2_assignment/build/hw2_assignment/build install --prefix /home/haydenccarroll/Repositories/cs-453/hw2_assignment/install/hw2_assignment --record /home/haydenccarroll/Repositories/cs-453/hw2_assignment/build/hw2_assignment/install.log --single-version-externally-managed
