[1.804s] Invoking command in '/home/haydenccarroll/Repositories/cs-453/hw2_assignment': PYTHONPATH=/home/haydenccarroll/Repositories/cs-453/install/hw2_assignment/lib/python3.10/site-packages:${PYTHONPATH} /usr/bin/python3 setup.py egg_info --egg-base ../build/hw2_assignment build --build-base /home/haydenccarroll/Repositories/cs-453/build/hw2_assignment/build install --prefix /home/haydenccarroll/Repositories/cs-453/install/hw2_assignment --record /home/haydenccarroll/Repositories/cs-453/build/hw2_assignment/install.log --single-version-externally-managed
[2.218s] running egg_info
[2.219s] writing ../build/hw2_assignment/hw2_assignment.egg-info/PKG-INFO
[2.220s] writing dependency_links to ../build/hw2_assignment/hw2_assignment.egg-info/dependency_links.txt
[2.220s] writing entry points to ../build/hw2_assignment/hw2_assignment.egg-info/entry_points.txt
[2.220s] writing requirements to ../build/hw2_assignment/hw2_assignment.egg-info/requires.txt
[2.221s] writing top-level names to ../build/hw2_assignment/hw2_assignment.egg-info/top_level.txt
[2.223s] reading manifest file '../build/hw2_assignment/hw2_assignment.egg-info/SOURCES.txt'
[2.228s] writing manifest file '../build/hw2_assignment/hw2_assignment.egg-info/SOURCES.txt'
[2.229s] running build
[2.229s] running build_py
[2.229s] creating /home/haydenccarroll/Repositories/cs-453/build/hw2_assignment/build
[2.229s] creating /home/haydenccarroll/Repositories/cs-453/build/hw2_assignment/build/lib
[2.230s] creating /home/haydenccarroll/Repositories/cs-453/build/hw2_assignment/build/lib/hw2_assignment
[2.230s] copying hw2_assignment/main.py -> /home/haydenccarroll/Repositories/cs-453/build/hw2_assignment/build/lib/hw2_assignment
[2.230s] copying hw2_assignment/__init__.py -> /home/haydenccarroll/Repositories/cs-453/build/hw2_assignment/build/lib/hw2_assignment
[2.230s] copying hw2_assignment/rotator.py -> /home/haydenccarroll/Repositories/cs-453/build/hw2_assignment/build/lib/hw2_assignment
[2.231s] copying hw2_assignment/docker.py -> /home/haydenccarroll/Repositories/cs-453/build/hw2_assignment/build/lib/hw2_assignment
[2.231s] copying hw2_assignment/audio_manager.py -> /home/haydenccarroll/Repositories/cs-453/build/hw2_assignment/build/lib/hw2_assignment
[2.231s] copying hw2_assignment/driver.py -> /home/haydenccarroll/Repositories/cs-453/build/hw2_assignment/build/lib/hw2_assignment
[2.231s] copying hw2_assignment/navigator.py -> /home/haydenccarroll/Repositories/cs-453/build/hw2_assignment/build/lib/hw2_assignment
[2.231s] running install
[2.232s] /usr/lib/python3/dist-packages/setuptools/command/install.py:34: SetuptoolsDeprecationWarning: setup.py install is deprecated. Use build and pip and other standards-based tools.
[2.232s]   warnings.warn(
[2.233s] running install_lib
[2.234s] creating /home/haydenccarroll/Repositories/cs-453/install/hw2_assignment/lib/python3.10/site-packages/hw2_assignment
[2.235s] copying /home/haydenccarroll/Repositories/cs-453/build/hw2_assignment/build/lib/hw2_assignment/main.py -> /home/haydenccarroll/Repositories/cs-453/install/hw2_assignment/lib/python3.10/site-packages/hw2_assignment
[2.236s] copying /home/haydenccarroll/Repositories/cs-453/build/hw2_assignment/build/lib/hw2_assignment/__init__.py -> /home/haydenccarroll/Repositories/cs-453/install/hw2_assignment/lib/python3.10/site-packages/hw2_assignment
[2.236s] copying /home/haydenccarroll/Repositories/cs-453/build/hw2_assignment/build/lib/hw2_assignment/rotator.py -> /home/haydenccarroll/Repositories/cs-453/install/hw2_assignment/lib/python3.10/site-packages/hw2_assignment
[2.236s] copying /home/haydenccarroll/Repositories/cs-453/build/hw2_assignment/build/lib/hw2_assignment/docker.py -> /home/haydenccarroll/Repositories/cs-453/install/hw2_assignment/lib/python3.10/site-packages/hw2_assignment
[2.236s] copying /home/haydenccarroll/Repositories/cs-453/build/hw2_assignment/build/lib/hw2_assignment/audio_manager.py -> /home/haydenccarroll/Repositories/cs-453/install/hw2_assignment/lib/python3.10/site-packages/hw2_assignment
[2.237s] copying /home/haydenccarroll/Repositories/cs-453/build/hw2_assignment/build/lib/hw2_assignment/driver.py -> /home/haydenccarroll/Repositories/cs-453/install/hw2_assignment/lib/python3.10/site-packages/hw2_assignment
[2.237s] copying /home/haydenccarroll/Repositories/cs-453/build/hw2_assignment/build/lib/hw2_assignment/navigator.py -> /home/haydenccarroll/Repositories/cs-453/install/hw2_assignment/lib/python3.10/site-packages/hw2_assignment
[2.238s] byte-compiling /home/haydenccarroll/Repositories/cs-453/install/hw2_assignment/lib/python3.10/site-packages/hw2_assignment/main.py to main.cpython-310.pyc
[2.242s] byte-compiling /home/haydenccarroll/Repositories/cs-453/install/hw2_assignment/lib/python3.10/site-packages/hw2_assignment/__init__.py to __init__.cpython-310.pyc
[2.242s] byte-compiling /home/haydenccarroll/Repositories/cs-453/install/hw2_assignment/lib/python3.10/site-packages/hw2_assignment/rotator.py to rotator.cpython-310.pyc
[2.243s] byte-compiling /home/haydenccarroll/Repositories/cs-453/install/hw2_assignment/lib/python3.10/site-packages/hw2_assignment/docker.py to docker.cpython-310.pyc
[2.245s] byte-compiling /home/haydenccarroll/Repositories/cs-453/install/hw2_assignment/lib/python3.10/site-packages/hw2_assignment/audio_manager.py to audio_manager.cpython-310.pyc
[2.247s] byte-compiling /home/haydenccarroll/Repositories/cs-453/install/hw2_assignment/lib/python3.10/site-packages/hw2_assignment/driver.py to driver.cpython-310.pyc
[2.248s] byte-compiling /home/haydenccarroll/Repositories/cs-453/install/hw2_assignment/lib/python3.10/site-packages/hw2_assignment/navigator.py to navigator.cpython-310.pyc
[2.249s] running install_data
[2.251s] running install_egg_info
[2.264s] removing '/home/haydenccarroll/Repositories/cs-453/install/hw2_assignment/lib/python3.10/site-packages/hw2_assignment-0.0.0-py3.10.egg-info' (and everything under it)
[2.272s] Copying ../build/hw2_assignment/hw2_assignment.egg-info to /home/haydenccarroll/Repositories/cs-453/install/hw2_assignment/lib/python3.10/site-packages/hw2_assignment-0.0.0-py3.10.egg-info
[2.274s] running install_scripts
[2.319s] Installing test script to /home/haydenccarroll/Repositories/cs-453/install/hw2_assignment/lib/hw2_assignment
[2.320s] writing list of installed files to '/home/haydenccarroll/Repositories/cs-453/build/hw2_assignment/install.log'
[2.420s] Invoked command in '/home/haydenccarroll/Repositories/cs-453/hw2_assignment' returned '0': PYTHONPATH=/home/haydenccarroll/Repositories/cs-453/install/hw2_assignment/lib/python3.10/site-packages:${PYTHONPATH} /usr/bin/python3 setup.py egg_info --egg-base ../build/hw2_assignment build --build-base /home/haydenccarroll/Repositories/cs-453/build/hw2_assignment/build install --prefix /home/haydenccarroll/Repositories/cs-453/install/hw2_assignment --record /home/haydenccarroll/Repositories/cs-453/build/hw2_assignment/install.log --single-version-externally-managed
