[0.399s] Invoking command in '/home/robotnik/OneDrive/Documents/U_of_I/2022-23_UofI/CS553_AdvancedRobotics/HW/1_Drive_Figure_4/src/figure_four': PYTHONPATH=/home/robotnik/OneDrive/Documents/U_of_I/2022-23_UofI/CS553_AdvancedRobotics/HW/1_Drive_Figure_4/install/figure_four/lib/python3.10/site-packages:${PYTHONPATH} /usr/bin/python3 setup.py egg_info --egg-base ../../build/figure_four build --build-base /home/robotnik/OneDrive/Documents/U_of_I/2022-23_UofI/CS553_AdvancedRobotics/HW/1_Drive_Figure_4/build/figure_four/build install --prefix /home/robotnik/OneDrive/Documents/U_of_I/2022-23_UofI/CS553_AdvancedRobotics/HW/1_Drive_Figure_4/install/figure_four --record /home/robotnik/OneDrive/Documents/U_of_I/2022-23_UofI/CS553_AdvancedRobotics/HW/1_Drive_Figure_4/build/figure_four/install.log --single-version-externally-managed
[0.558s] running egg_info
[0.558s] writing ../../build/figure_four/figure_four.egg-info/PKG-INFO
[0.559s] writing dependency_links to ../../build/figure_four/figure_four.egg-info/dependency_links.txt
[0.559s] writing entry points to ../../build/figure_four/figure_four.egg-info/entry_points.txt
[0.559s] writing requirements to ../../build/figure_four/figure_four.egg-info/requires.txt
[0.559s] writing top-level names to ../../build/figure_four/figure_four.egg-info/top_level.txt
[0.560s] reading manifest file '../../build/figure_four/figure_four.egg-info/SOURCES.txt'
[0.565s] writing manifest file '../../build/figure_four/figure_four.egg-info/SOURCES.txt'
[0.565s] running build
[0.566s] running build_py
[0.566s] copying figure_four/figure_four.py -> /home/robotnik/OneDrive/Documents/U_of_I/2022-23_UofI/CS553_AdvancedRobotics/HW/1_Drive_Figure_4/build/figure_four/build/lib/figure_four
[0.566s] running install
[0.566s] /usr/lib/python3/dist-packages/setuptools/command/install.py:34: SetuptoolsDeprecationWarning: setup.py install is deprecated. Use build and pip and other standards-based tools.
[0.566s]   warnings.warn(
[0.566s] running install_lib
[0.567s] copying /home/robotnik/OneDrive/Documents/U_of_I/2022-23_UofI/CS553_AdvancedRobotics/HW/1_Drive_Figure_4/build/figure_four/build/lib/figure_four/figure_four.py -> /home/robotnik/OneDrive/Documents/U_of_I/2022-23_UofI/CS553_AdvancedRobotics/HW/1_Drive_Figure_4/install/figure_four/lib/python3.10/site-packages/figure_four
[0.567s] byte-compiling /home/robotnik/OneDrive/Documents/U_of_I/2022-23_UofI/CS553_AdvancedRobotics/HW/1_Drive_Figure_4/install/figure_four/lib/python3.10/site-packages/figure_four/figure_four.py to figure_four.cpython-310.pyc
[0.567s] running install_data
[0.568s] running install_egg_info
[0.569s] removing '/home/robotnik/OneDrive/Documents/U_of_I/2022-23_UofI/CS553_AdvancedRobotics/HW/1_Drive_Figure_4/install/figure_four/lib/python3.10/site-packages/figure_four-0.0.0-py3.10.egg-info' (and everything under it)
[0.569s] Copying ../../build/figure_four/figure_four.egg-info to /home/robotnik/OneDrive/Documents/U_of_I/2022-23_UofI/CS553_AdvancedRobotics/HW/1_Drive_Figure_4/install/figure_four/lib/python3.10/site-packages/figure_four-0.0.0-py3.10.egg-info
[0.569s] running install_scripts
[0.584s] writing list of installed files to '/home/robotnik/OneDrive/Documents/U_of_I/2022-23_UofI/CS553_AdvancedRobotics/HW/1_Drive_Figure_4/build/figure_four/install.log'
[0.600s] Invoked command in '/home/robotnik/OneDrive/Documents/U_of_I/2022-23_UofI/CS553_AdvancedRobotics/HW/1_Drive_Figure_4/src/figure_four' returned '0': PYTHONPATH=/home/robotnik/OneDrive/Documents/U_of_I/2022-23_UofI/CS553_AdvancedRobotics/HW/1_Drive_Figure_4/install/figure_four/lib/python3.10/site-packages:${PYTHONPATH} /usr/bin/python3 setup.py egg_info --egg-base ../../build/figure_four build --build-base /home/robotnik/OneDrive/Documents/U_of_I/2022-23_UofI/CS553_AdvancedRobotics/HW/1_Drive_Figure_4/build/figure_four/build install --prefix /home/robotnik/OneDrive/Documents/U_of_I/2022-23_UofI/CS553_AdvancedRobotics/HW/1_Drive_Figure_4/install/figure_four --record /home/robotnik/OneDrive/Documents/U_of_I/2022-23_UofI/CS553_AdvancedRobotics/HW/1_Drive_Figure_4/build/figure_four/install.log --single-version-externally-managed
