running egg_info
creating build/hw1_assignment/hw1_assignment.egg-info
writing build/hw1_assignment/hw1_assignment.egg-info/PKG-INFO
writing dependency_links to build/hw1_assignment/hw1_assignment.egg-info/dependency_links.txt
writing entry points to build/hw1_assignment/hw1_assignment.egg-info/entry_points.txt
writing requirements to build/hw1_assignment/hw1_assignment.egg-info/requires.txt
writing top-level names to build/hw1_assignment/hw1_assignment.egg-info/top_level.txt
writing manifest file 'build/hw1_assignment/hw1_assignment.egg-info/SOURCES.txt'
reading manifest file 'build/hw1_assignment/hw1_assignment.egg-info/SOURCES.txt'
writing manifest file 'build/hw1_assignment/hw1_assignment.egg-info/SOURCES.txt'
running build
running build_py
creating /home/haydenccarroll/Repositories/create3_examples_ws/src/hw1_assignment/build/hw1_assignment/build
creating /home/haydenccarroll/Repositories/create3_examples_ws/src/hw1_assignment/build/hw1_assignment/build/lib
creating /home/haydenccarroll/Repositories/create3_examples_ws/src/hw1_assignment/build/hw1_assignment/build/lib/hw1_assignment
copying hw1_assignment/drive_node.py -> /home/haydenccarroll/Repositories/create3_examples_ws/src/hw1_assignment/build/hw1_assignment/build/lib/hw1_assignment
copying hw1_assignment/__init__.py -> /home/haydenccarroll/Repositories/create3_examples_ws/src/hw1_assignment/build/hw1_assignment/build/lib/hw1_assignment
copying hw1_assignment/odom_node.py -> /home/haydenccarroll/Repositories/create3_examples_ws/src/hw1_assignment/build/hw1_assignment/build/lib/hw1_assignment
running install
/usr/lib/python3/dist-packages/setuptools/command/install.py:34: SetuptoolsDeprecationWarning: setup.py install is deprecated. Use build and pip and other standards-based tools.
  warnings.warn(
running install_lib
creating /home/haydenccarroll/Repositories/create3_examples_ws/src/hw1_assignment/install/hw1_assignment/lib/python3.10/site-packages/hw1_assignment
copying /home/haydenccarroll/Repositories/create3_examples_ws/src/hw1_assignment/build/hw1_assignment/build/lib/hw1_assignment/drive_node.py -> /home/haydenccarroll/Repositories/create3_examples_ws/src/hw1_assignment/install/hw1_assignment/lib/python3.10/site-packages/hw1_assignment
copying /home/haydenccarroll/Repositories/create3_examples_ws/src/hw1_assignment/build/hw1_assignment/build/lib/hw1_assignment/__init__.py -> /home/haydenccarroll/Repositories/create3_examples_ws/src/hw1_assignment/install/hw1_assignment/lib/python3.10/site-packages/hw1_assignment
copying /home/haydenccarroll/Repositories/create3_examples_ws/src/hw1_assignment/build/hw1_assignment/build/lib/hw1_assignment/odom_node.py -> /home/haydenccarroll/Repositories/create3_examples_ws/src/hw1_assignment/install/hw1_assignment/lib/python3.10/site-packages/hw1_assignment
byte-compiling /home/haydenccarroll/Repositories/create3_examples_ws/src/hw1_assignment/install/hw1_assignment/lib/python3.10/site-packages/hw1_assignment/drive_node.py to drive_node.cpython-310.pyc
byte-compiling /home/haydenccarroll/Repositories/create3_examples_ws/src/hw1_assignment/install/hw1_assignment/lib/python3.10/site-packages/hw1_assignment/__init__.py to __init__.cpython-310.pyc
byte-compiling /home/haydenccarroll/Repositories/create3_examples_ws/src/hw1_assignment/install/hw1_assignment/lib/python3.10/site-packages/hw1_assignment/odom_node.py to odom_node.cpython-310.pyc
running install_data
creating /home/haydenccarroll/Repositories/create3_examples_ws/src/hw1_assignment/install/hw1_assignment/share/ament_index
creating /home/haydenccarroll/Repositories/create3_examples_ws/src/hw1_assignment/install/hw1_assignment/share/ament_index/resource_index
creating /home/haydenccarroll/Repositories/create3_examples_ws/src/hw1_assignment/install/hw1_assignment/share/ament_index/resource_index/packages
copying resource/hw1_assignment -> /home/haydenccarroll/Repositories/create3_examples_ws/src/hw1_assignment/install/hw1_assignment/share/ament_index/resource_index/packages
copying package.xml -> /home/haydenccarroll/Repositories/create3_examples_ws/src/hw1_assignment/install/hw1_assignment/share/hw1_assignment
running install_egg_info
Copying build/hw1_assignment/hw1_assignment.egg-info to /home/haydenccarroll/Repositories/create3_examples_ws/src/hw1_assignment/install/hw1_assignment/lib/python3.10/site-packages/hw1_assignment-0.0.0-py3.10.egg-info
running install_scripts
Installing test script to /home/haydenccarroll/Repositories/create3_examples_ws/src/hw1_assignment/install/hw1_assignment/lib/hw1_assignment
writing list of installed files to '/home/haydenccarroll/Repositories/create3_examples_ws/src/hw1_assignment/build/hw1_assignment/install.log'
