[2.416s] Invoking command in '/home/haydenccarroll/Repositories/cs-453/hw1_assignment': AMENT_PREFIX_PATH=/home/haydenccarroll/Repositories/cs-453/install/irobot_create_msgs:${AMENT_PREFIX_PATH} CMAKE_PREFIX_PATH=/home/haydenccarroll/Repositories/cs-453/install/irobot_create_msgs LD_LIBRARY_PATH=/home/haydenccarroll/Repositories/cs-453/install/irobot_create_msgs/lib:${LD_LIBRARY_PATH} PYTHONPATH=/home/haydenccarroll/Repositories/cs-453/install/hw1_assignment/lib/python3.10/site-packages:/home/haydenccarroll/Repositories/cs-453/install/irobot_create_msgs/local/lib/python3.10/dist-packages:${PYTHONPATH} /usr/bin/python3 setup.py egg_info --egg-base ../build/hw1_assignment build --build-base /home/haydenccarroll/Repositories/cs-453/build/hw1_assignment/build install --prefix /home/haydenccarroll/Repositories/cs-453/install/hw1_assignment --record /home/haydenccarroll/Repositories/cs-453/build/hw1_assignment/install.log --single-version-externally-managed
[3.198s] running egg_info
[3.201s] writing ../build/hw1_assignment/hw1_assignment.egg-info/PKG-INFO
[3.202s] writing dependency_links to ../build/hw1_assignment/hw1_assignment.egg-info/dependency_links.txt
[3.202s] writing entry points to ../build/hw1_assignment/hw1_assignment.egg-info/entry_points.txt
[3.203s] writing requirements to ../build/hw1_assignment/hw1_assignment.egg-info/requires.txt
[3.203s] writing top-level names to ../build/hw1_assignment/hw1_assignment.egg-info/top_level.txt
[3.209s] reading manifest file '../build/hw1_assignment/hw1_assignment.egg-info/SOURCES.txt'
[3.219s] writing manifest file '../build/hw1_assignment/hw1_assignment.egg-info/SOURCES.txt'
[3.219s] running build
[3.219s] running build_py
[3.221s] running install
[3.222s] /usr/lib/python3/dist-packages/setuptools/command/install.py:34: SetuptoolsDeprecationWarning: setup.py install is deprecated. Use build and pip and other standards-based tools.
[3.222s]   warnings.warn(
[3.223s] running install_lib
[3.227s] running install_data
[3.229s] running install_egg_info
[3.235s] removing '/home/haydenccarroll/Repositories/cs-453/install/hw1_assignment/lib/python3.10/site-packages/hw1_assignment-0.0.0-py3.10.egg-info' (and everything under it)
[3.235s] Copying ../build/hw1_assignment/hw1_assignment.egg-info to /home/haydenccarroll/Repositories/cs-453/install/hw1_assignment/lib/python3.10/site-packages/hw1_assignment-0.0.0-py3.10.egg-info
[3.243s] running install_scripts
[3.298s] Installing test script to /home/haydenccarroll/Repositories/cs-453/install/hw1_assignment/lib/hw1_assignment
[3.299s] writing list of installed files to '/home/haydenccarroll/Repositories/cs-453/build/hw1_assignment/install.log'
[3.394s] Invoked command in '/home/haydenccarroll/Repositories/cs-453/hw1_assignment' returned '0': AMENT_PREFIX_PATH=/home/haydenccarroll/Repositories/cs-453/install/irobot_create_msgs:${AMENT_PREFIX_PATH} CMAKE_PREFIX_PATH=/home/haydenccarroll/Repositories/cs-453/install/irobot_create_msgs LD_LIBRARY_PATH=/home/haydenccarroll/Repositories/cs-453/install/irobot_create_msgs/lib:${LD_LIBRARY_PATH} PYTHONPATH=/home/haydenccarroll/Repositories/cs-453/install/hw1_assignment/lib/python3.10/site-packages:/home/haydenccarroll/Repositories/cs-453/install/irobot_create_msgs/local/lib/python3.10/dist-packages:${PYTHONPATH} /usr/bin/python3 setup.py egg_info --egg-base ../build/hw1_assignment build --build-base /home/haydenccarroll/Repositories/cs-453/build/hw1_assignment/build install --prefix /home/haydenccarroll/Repositories/cs-453/install/hw1_assignment --record /home/haydenccarroll/Repositories/cs-453/build/hw1_assignment/install.log --single-version-externally-managed
