[1.868s] Invoking command in '/home/haydenccarroll/Repositories/cs-453/hw1_assignment': PYTHONPATH=/home/haydenccarroll/Repositories/cs-453/install/hw1_assignment/lib/python3.10/site-packages:${PYTHONPATH} /usr/bin/python3 setup.py egg_info --egg-base ../build/hw1_assignment build --build-base /home/haydenccarroll/Repositories/cs-453/build/hw1_assignment/build install --prefix /home/haydenccarroll/Repositories/cs-453/install/hw1_assignment --record /home/haydenccarroll/Repositories/cs-453/build/hw1_assignment/install.log --single-version-externally-managed
[2.293s] running egg_info
[2.294s] writing ../build/hw1_assignment/hw1_assignment.egg-info/PKG-INFO
[2.295s] writing dependency_links to ../build/hw1_assignment/hw1_assignment.egg-info/dependency_links.txt
[2.295s] writing entry points to ../build/hw1_assignment/hw1_assignment.egg-info/entry_points.txt
[2.295s] writing requirements to ../build/hw1_assignment/hw1_assignment.egg-info/requires.txt
[2.296s] writing top-level names to ../build/hw1_assignment/hw1_assignment.egg-info/top_level.txt
[2.301s] reading manifest file '../build/hw1_assignment/hw1_assignment.egg-info/SOURCES.txt'
[2.305s] writing manifest file '../build/hw1_assignment/hw1_assignment.egg-info/SOURCES.txt'
[2.305s] running build
[2.305s] running build_py
[2.307s] running install
[2.307s] /usr/lib/python3/dist-packages/setuptools/command/install.py:34: SetuptoolsDeprecationWarning: setup.py install is deprecated. Use build and pip and other standards-based tools.
[2.307s]   warnings.warn(
[2.308s] running install_lib
[2.310s] running install_data
[2.312s] running install_egg_info
[2.315s] removing '/home/haydenccarroll/Repositories/cs-453/install/hw1_assignment/lib/python3.10/site-packages/hw1_assignment-0.0.0-py3.10.egg-info' (and everything under it)
[2.316s] Copying ../build/hw1_assignment/hw1_assignment.egg-info to /home/haydenccarroll/Repositories/cs-453/install/hw1_assignment/lib/python3.10/site-packages/hw1_assignment-0.0.0-py3.10.egg-info
[2.318s] running install_scripts
[2.360s] Installing test script to /home/haydenccarroll/Repositories/cs-453/install/hw1_assignment/lib/hw1_assignment
[2.361s] writing list of installed files to '/home/haydenccarroll/Repositories/cs-453/build/hw1_assignment/install.log'
[2.426s] Invoked command in '/home/haydenccarroll/Repositories/cs-453/hw1_assignment' returned '0': PYTHONPATH=/home/haydenccarroll/Repositories/cs-453/install/hw1_assignment/lib/python3.10/site-packages:${PYTHONPATH} /usr/bin/python3 setup.py egg_info --egg-base ../build/hw1_assignment build --build-base /home/haydenccarroll/Repositories/cs-453/build/hw1_assignment/build install --prefix /home/haydenccarroll/Repositories/cs-453/install/hw1_assignment --record /home/haydenccarroll/Repositories/cs-453/build/hw1_assignment/install.log --single-version-externally-managed
