[0.659s] DEBUG:colcon:Command line arguments: ['/home/haydenccarroll/.local/bin/colcon', 'build']
[0.659s] DEBUG:colcon:Parsed command line arguments: Namespace(log_base=None, log_level=None, verb_name='build', build_base='build', install_base='install', merge_install=False, symlink_install=False, test_result_base=None, continue_on_error=False, executor='parallel', parallel_workers=4, event_handlers=None, ignore_user_meta=False, metas=['./colcon.meta'], base_paths=['.'], packages_ignore=None, packages_ignore_regex=None, paths=None, packages_up_to=None, packages_up_to_regex=None, packages_above=None, packages_above_and_dependencies=None, packages_above_depth=None, packages_select_by_dep=None, packages_skip_by_dep=None, packages_skip_up_to=None, packages_select_build_failed=False, packages_skip_build_finished=False, packages_select_test_failures=False, packages_skip_test_passed=False, packages_select=None, packages_skip=None, packages_select_regex=None, packages_skip_regex=None, packages_start=None, packages_end=None, cmake_args=None, cmake_target=None, cmake_target_skip_unavailable=False, cmake_clean_cache=False, cmake_clean_first=False, cmake_force_configure=False, ament_cmake_args=None, catkin_cmake_args=None, catkin_skip_building_tests=False, verb_parser=<colcon_defaults.argument_parser.defaults.DefaultArgumentsDecorator object at 0x7f2d04d3fd60>, verb_extension=<colcon_core.verb.build.BuildVerb object at 0x7f2d05607fa0>, main=<bound method BuildVerb.main of <colcon_core.verb.build.BuildVerb object at 0x7f2d05607fa0>>)
[0.696s] Level 1:colcon.colcon_core.package_discovery:discover_packages(colcon_meta) check parameters
[0.696s] Level 1:colcon.colcon_core.package_discovery:discover_packages(recursive) check parameters
[0.696s] Level 1:colcon.colcon_core.package_discovery:discover_packages(ignore) check parameters
[0.697s] Level 1:colcon.colcon_core.package_discovery:discover_packages(path) check parameters
[0.697s] Level 1:colcon.colcon_core.package_discovery:discover_packages(colcon_meta) discover
[0.697s] Level 1:colcon.colcon_core.package_discovery:discover_packages(recursive) discover
[0.697s] INFO:colcon.colcon_core.package_discovery:Crawling recursively for packages in '/home/haydenccarroll/Repositories/cs-453/hw2_assignment'
[0.697s] Level 1:colcon.colcon_core.package_identification:_identify(.) by extensions ['ignore', 'ignore_ament_install']
[0.697s] Level 1:colcon.colcon_core.package_identification:_identify(.) by extension 'ignore'
[0.697s] Level 1:colcon.colcon_core.package_identification:_identify(.) by extension 'ignore_ament_install'
[0.697s] Level 1:colcon.colcon_core.package_identification:_identify(.) by extensions ['colcon_pkg']
[0.697s] Level 1:colcon.colcon_core.package_identification:_identify(.) by extension 'colcon_pkg'
[0.697s] Level 1:colcon.colcon_core.package_identification:_identify(.) by extensions ['colcon_meta']
[0.697s] Level 1:colcon.colcon_core.package_identification:_identify(.) by extension 'colcon_meta'
[0.698s] Level 1:colcon.colcon_core.package_identification:_identify(.) by extensions ['ros']
[0.698s] Level 1:colcon.colcon_core.package_identification:_identify(.) by extension 'ros'
[0.715s] DEBUG:colcon.colcon_core.package_identification:Package '.' with type 'ros.ament_python' and name 'hw2_assignment'
[0.715s] Level 1:colcon.colcon_core.package_discovery:discover_packages(recursive) using defaults
[0.715s] Level 1:colcon.colcon_core.package_discovery:discover_packages(ignore) discover
[0.715s] Level 1:colcon.colcon_core.package_discovery:discover_packages(ignore) using defaults
[0.715s] Level 1:colcon.colcon_core.package_discovery:discover_packages(path) discover
[0.715s] Level 1:colcon.colcon_core.package_discovery:discover_packages(path) using defaults
[0.762s] Level 5:colcon.colcon_core.verb:set package 'hw2_assignment' build argument 'cmake_args' from command line to 'None'
[0.762s] Level 5:colcon.colcon_core.verb:set package 'hw2_assignment' build argument 'cmake_target' from command line to 'None'
[0.762s] Level 5:colcon.colcon_core.verb:set package 'hw2_assignment' build argument 'cmake_target_skip_unavailable' from command line to 'False'
[0.762s] Level 5:colcon.colcon_core.verb:set package 'hw2_assignment' build argument 'cmake_clean_cache' from command line to 'False'
[0.762s] Level 5:colcon.colcon_core.verb:set package 'hw2_assignment' build argument 'cmake_clean_first' from command line to 'False'
[0.762s] Level 5:colcon.colcon_core.verb:set package 'hw2_assignment' build argument 'cmake_force_configure' from command line to 'False'
[0.762s] Level 5:colcon.colcon_core.verb:set package 'hw2_assignment' build argument 'ament_cmake_args' from command line to 'None'
[0.762s] Level 5:colcon.colcon_core.verb:set package 'hw2_assignment' build argument 'catkin_cmake_args' from command line to 'None'
[0.763s] Level 5:colcon.colcon_core.verb:set package 'hw2_assignment' build argument 'catkin_skip_building_tests' from command line to 'False'
[0.763s] DEBUG:colcon.colcon_core.verb:Building package 'hw2_assignment' with the following arguments: {'ament_cmake_args': None, 'build_base': '/home/haydenccarroll/Repositories/cs-453/hw2_assignment/build/hw2_assignment', 'catkin_cmake_args': None, 'catkin_skip_building_tests': False, 'cmake_args': None, 'cmake_clean_cache': False, 'cmake_clean_first': False, 'cmake_force_configure': False, 'cmake_target': None, 'cmake_target_skip_unavailable': False, 'install_base': '/home/haydenccarroll/Repositories/cs-453/hw2_assignment/install/hw2_assignment', 'merge_install': False, 'path': '/home/haydenccarroll/Repositories/cs-453/hw2_assignment', 'symlink_install': False, 'test_result_base': None}
[0.765s] INFO:colcon.colcon_core.executor:Executing jobs using 'parallel' executor
[0.778s] DEBUG:colcon.colcon_parallel_executor.executor.parallel:run_until_complete
[0.778s] INFO:colcon.colcon_ros.task.ament_python.build:Building ROS package in '/home/haydenccarroll/Repositories/cs-453/hw2_assignment' with build type 'ament_python'
[0.778s] Level 1:colcon.colcon_core.shell:create_environment_hook('hw2_assignment', 'ament_prefix_path')
[0.793s] INFO:colcon.colcon_core.plugin_system:Skipping extension 'colcon_core.shell.bat': Not used on non-Windows systems
[0.794s] INFO:colcon.colcon_core.shell:Creating environment hook '/home/haydenccarroll/Repositories/cs-453/hw2_assignment/install/hw2_assignment/share/hw2_assignment/hook/ament_prefix_path.ps1'
[0.795s] INFO:colcon.colcon_core.shell:Creating environment descriptor '/home/haydenccarroll/Repositories/cs-453/hw2_assignment/install/hw2_assignment/share/hw2_assignment/hook/ament_prefix_path.dsv'
[0.796s] INFO:colcon.colcon_core.shell:Creating environment hook '/home/haydenccarroll/Repositories/cs-453/hw2_assignment/install/hw2_assignment/share/hw2_assignment/hook/ament_prefix_path.sh'
[0.808s] INFO:colcon.colcon_core.shell:Skip shell extension 'powershell' for command environment: Not usable outside of PowerShell
[0.808s] DEBUG:colcon.colcon_core.shell:Skip shell extension 'dsv' for command environment
[1.426s] INFO:colcon.colcon_core.task.python.build:Building Python package in '/home/haydenccarroll/Repositories/cs-453/hw2_assignment'
[1.437s] INFO:colcon.colcon_core.shell:Skip shell extension 'powershell' for command environment: Not usable outside of PowerShell
[1.438s] DEBUG:colcon.colcon_core.shell:Skip shell extension 'dsv' for command environment
[2.298s] DEBUG:colcon.colcon_core.event_handler.log_command:Invoking command in '/home/haydenccarroll/Repositories/cs-453/hw2_assignment': PYTHONPATH=/home/haydenccarroll/Repositories/cs-453/hw2_assignment/install/hw2_assignment/lib/python3.10/site-packages:${PYTHONPATH} /usr/bin/python3 setup.py egg_info --egg-base build/hw2_assignment build --build-base /home/haydenccarroll/Repositories/cs-453/hw2_assignment/build/hw2_assignment/build install --prefix /home/haydenccarroll/Repositories/cs-453/hw2_assignment/install/hw2_assignment --record /home/haydenccarroll/Repositories/cs-453/hw2_assignment/build/hw2_assignment/install.log --single-version-externally-managed
[2.921s] DEBUG:colcon.colcon_core.event_handler.log_command:Invoked command in '/home/haydenccarroll/Repositories/cs-453/hw2_assignment' returned '0': PYTHONPATH=/home/haydenccarroll/Repositories/cs-453/hw2_assignment/install/hw2_assignment/lib/python3.10/site-packages:${PYTHONPATH} /usr/bin/python3 setup.py egg_info --egg-base build/hw2_assignment build --build-base /home/haydenccarroll/Repositories/cs-453/hw2_assignment/build/hw2_assignment/build install --prefix /home/haydenccarroll/Repositories/cs-453/hw2_assignment/install/hw2_assignment --record /home/haydenccarroll/Repositories/cs-453/hw2_assignment/build/hw2_assignment/install.log --single-version-externally-managed
[2.925s] Level 1:colcon.colcon_core.environment:checking '/home/haydenccarroll/Repositories/cs-453/hw2_assignment/install/hw2_assignment' for CMake module files
[2.926s] Level 1:colcon.colcon_core.environment:checking '/home/haydenccarroll/Repositories/cs-453/hw2_assignment/install/hw2_assignment' for CMake config files
[2.927s] Level 1:colcon.colcon_core.environment:checking '/home/haydenccarroll/Repositories/cs-453/hw2_assignment/install/hw2_assignment/lib'
[2.928s] Level 1:colcon.colcon_core.environment:checking '/home/haydenccarroll/Repositories/cs-453/hw2_assignment/install/hw2_assignment/bin'
[2.928s] Level 1:colcon.colcon_core.environment:checking '/home/haydenccarroll/Repositories/cs-453/hw2_assignment/install/hw2_assignment/lib/pkgconfig/hw2_assignment.pc'
[2.928s] Level 1:colcon.colcon_core.environment:checking '/home/haydenccarroll/Repositories/cs-453/hw2_assignment/install/hw2_assignment/lib/python3.10/site-packages'
[2.928s] Level 1:colcon.colcon_core.shell:create_environment_hook('hw2_assignment', 'pythonpath')
[2.935s] INFO:colcon.colcon_core.shell:Creating environment hook '/home/haydenccarroll/Repositories/cs-453/hw2_assignment/install/hw2_assignment/share/hw2_assignment/hook/pythonpath.ps1'
[2.936s] INFO:colcon.colcon_core.shell:Creating environment descriptor '/home/haydenccarroll/Repositories/cs-453/hw2_assignment/install/hw2_assignment/share/hw2_assignment/hook/pythonpath.dsv'
[2.936s] INFO:colcon.colcon_core.shell:Creating environment hook '/home/haydenccarroll/Repositories/cs-453/hw2_assignment/install/hw2_assignment/share/hw2_assignment/hook/pythonpath.sh'
[2.937s] Level 1:colcon.colcon_core.environment:checking '/home/haydenccarroll/Repositories/cs-453/hw2_assignment/install/hw2_assignment/bin'
[2.937s] Level 1:colcon.colcon_core.environment:create_environment_scripts_only(hw2_assignment)
[2.942s] INFO:colcon.colcon_core.shell:Creating package script '/home/haydenccarroll/Repositories/cs-453/hw2_assignment/install/hw2_assignment/share/hw2_assignment/package.ps1'
[2.943s] INFO:colcon.colcon_core.shell:Creating package descriptor '/home/haydenccarroll/Repositories/cs-453/hw2_assignment/install/hw2_assignment/share/hw2_assignment/package.dsv'
[2.944s] INFO:colcon.colcon_core.shell:Creating package script '/home/haydenccarroll/Repositories/cs-453/hw2_assignment/install/hw2_assignment/share/hw2_assignment/package.sh'
[2.945s] INFO:colcon.colcon_core.shell:Creating package script '/home/haydenccarroll/Repositories/cs-453/hw2_assignment/install/hw2_assignment/share/hw2_assignment/package.bash'
[2.946s] INFO:colcon.colcon_core.shell:Creating package script '/home/haydenccarroll/Repositories/cs-453/hw2_assignment/install/hw2_assignment/share/hw2_assignment/package.zsh'
[2.947s] Level 1:colcon.colcon_core.environment:create_file_with_runtime_dependencies(/home/haydenccarroll/Repositories/cs-453/hw2_assignment/install/hw2_assignment/share/colcon-core/packages/hw2_assignment)
[2.948s] DEBUG:colcon.colcon_parallel_executor.executor.parallel:closing loop
[2.948s] DEBUG:colcon.colcon_parallel_executor.executor.parallel:loop closed
[2.948s] DEBUG:colcon.colcon_parallel_executor.executor.parallel:run_until_complete finished with '0'
[2.948s] DEBUG:colcon.colcon_core.event_reactor:joining thread
[2.961s] INFO:colcon.colcon_core.plugin_system:Skipping extension 'colcon_notification.desktop_notification.terminal_notifier': Not used on non-Darwin systems
[2.962s] INFO:colcon.colcon_core.plugin_system:Skipping extension 'colcon_notification.desktop_notification.win32': Not used on non-Windows systems
[2.962s] INFO:colcon.colcon_notification.desktop_notification:Sending desktop notification using 'notify2'
[2.982s] DEBUG:colcon.colcon_core.event_reactor:joined thread
[2.994s] INFO:colcon.colcon_core.shell:Creating prefix script '/home/haydenccarroll/Repositories/cs-453/hw2_assignment/install/local_setup.ps1'
[2.996s] INFO:colcon.colcon_core.shell:Creating prefix util module '/home/haydenccarroll/Repositories/cs-453/hw2_assignment/install/_local_setup_util_ps1.py'
[3.000s] INFO:colcon.colcon_core.shell:Creating prefix chain script '/home/haydenccarroll/Repositories/cs-453/hw2_assignment/install/setup.ps1'
[3.016s] INFO:colcon.colcon_core.shell:Creating prefix script '/home/haydenccarroll/Repositories/cs-453/hw2_assignment/install/local_setup.sh'
[3.019s] INFO:colcon.colcon_core.shell:Creating prefix util module '/home/haydenccarroll/Repositories/cs-453/hw2_assignment/install/_local_setup_util_sh.py'
[3.022s] INFO:colcon.colcon_core.shell:Creating prefix chain script '/home/haydenccarroll/Repositories/cs-453/hw2_assignment/install/setup.sh'
[3.032s] INFO:colcon.colcon_core.shell:Creating prefix script '/home/haydenccarroll/Repositories/cs-453/hw2_assignment/install/local_setup.bash'
[3.035s] INFO:colcon.colcon_core.shell:Creating prefix chain script '/home/haydenccarroll/Repositories/cs-453/hw2_assignment/install/setup.bash'
[3.046s] INFO:colcon.colcon_core.shell:Creating prefix script '/home/haydenccarroll/Repositories/cs-453/hw2_assignment/install/local_setup.zsh'
[3.047s] INFO:colcon.colcon_core.shell:Creating prefix chain script '/home/haydenccarroll/Repositories/cs-453/hw2_assignment/install/setup.zsh'
