[0.649s] DEBUG:colcon:Command line arguments: ['/home/haydenccarroll/.local/bin/colcon', 'build']
[0.649s] DEBUG:colcon:Parsed command line arguments: Namespace(log_base=None, log_level=None, verb_name='build', build_base='build', install_base='install', merge_install=False, symlink_install=False, test_result_base=None, continue_on_error=False, executor='parallel', parallel_workers=4, event_handlers=None, ignore_user_meta=False, metas=['./colcon.meta'], base_paths=['.'], packages_ignore=None, packages_ignore_regex=None, paths=None, packages_up_to=None, packages_up_to_regex=None, packages_above=None, packages_above_and_dependencies=None, packages_above_depth=None, packages_select_by_dep=None, packages_skip_by_dep=None, packages_skip_up_to=None, packages_select_build_failed=False, packages_skip_build_finished=False, packages_select_test_failures=False, packages_skip_test_passed=False, packages_select=None, packages_skip=None, packages_select_regex=None, packages_skip_regex=None, packages_start=None, packages_end=None, cmake_args=None, cmake_target=None, cmake_target_skip_unavailable=False, cmake_clean_cache=False, cmake_clean_first=False, cmake_force_configure=False, ament_cmake_args=None, catkin_cmake_args=None, catkin_skip_building_tests=False, verb_parser=<colcon_defaults.argument_parser.defaults.DefaultArgumentsDecorator object at 0x7fba79497e50>, verb_extension=<colcon_core.verb.build.BuildVerb object at 0x7fba79de3010>, main=<bound method BuildVerb.main of <colcon_core.verb.build.BuildVerb object at 0x7fba79de3010>>)
[0.690s] Level 1:colcon.colcon_core.package_discovery:discover_packages(colcon_meta) check parameters
[0.690s] Level 1:colcon.colcon_core.package_discovery:discover_packages(recursive) check parameters
[0.690s] Level 1:colcon.colcon_core.package_discovery:discover_packages(ignore) check parameters
[0.690s] Level 1:colcon.colcon_core.package_discovery:discover_packages(path) check parameters
[0.690s] Level 1:colcon.colcon_core.package_discovery:discover_packages(colcon_meta) discover
[0.690s] Level 1:colcon.colcon_core.package_discovery:discover_packages(recursive) discover
[0.690s] INFO:colcon.colcon_core.package_discovery:Crawling recursively for packages in '/home/haydenccarroll/Repositories/cs-453'
[0.690s] Level 1:colcon.colcon_core.package_identification:_identify(.) by extensions ['ignore', 'ignore_ament_install']
[0.691s] Level 1:colcon.colcon_core.package_identification:_identify(.) by extension 'ignore'
[0.691s] Level 1:colcon.colcon_core.package_identification:_identify(.) by extension 'ignore_ament_install'
[0.691s] Level 1:colcon.colcon_core.package_identification:_identify(.) by extensions ['colcon_pkg']
[0.691s] Level 1:colcon.colcon_core.package_identification:_identify(.) by extension 'colcon_pkg'
[0.691s] Level 1:colcon.colcon_core.package_identification:_identify(.) by extensions ['colcon_meta']
[0.691s] Level 1:colcon.colcon_core.package_identification:_identify(.) by extension 'colcon_meta'
[0.691s] Level 1:colcon.colcon_core.package_identification:_identify(.) by extensions ['ros']
[0.691s] Level 1:colcon.colcon_core.package_identification:_identify(.) by extension 'ros'
[0.707s] Level 1:colcon.colcon_core.package_identification:_identify(.) by extensions ['cmake', 'python']
[0.707s] Level 1:colcon.colcon_core.package_identification:_identify(.) by extension 'cmake'
[0.707s] Level 1:colcon.colcon_core.package_identification:_identify(.) by extension 'python'
[0.707s] Level 1:colcon.colcon_core.package_identification:_identify(.) by extensions ['python_setup_py']
[0.708s] Level 1:colcon.colcon_core.package_identification:_identify(.) by extension 'python_setup_py'
[0.708s] Level 1:colcon.colcon_core.package_identification:_identify(build) by extensions ['ignore', 'ignore_ament_install']
[0.708s] Level 1:colcon.colcon_core.package_identification:_identify(build) by extension 'ignore'
[0.708s] Level 1:colcon.colcon_core.package_identification:_identify(build) ignored
[0.708s] Level 1:colcon.colcon_core.package_identification:_identify(hw1_assignment) by extensions ['ignore', 'ignore_ament_install']
[0.708s] Level 1:colcon.colcon_core.package_identification:_identify(hw1_assignment) by extension 'ignore'
[0.708s] Level 1:colcon.colcon_core.package_identification:_identify(hw1_assignment) by extension 'ignore_ament_install'
[0.709s] Level 1:colcon.colcon_core.package_identification:_identify(hw1_assignment) by extensions ['colcon_pkg']
[0.709s] Level 1:colcon.colcon_core.package_identification:_identify(hw1_assignment) by extension 'colcon_pkg'
[0.709s] Level 1:colcon.colcon_core.package_identification:_identify(hw1_assignment) by extensions ['colcon_meta']
[0.709s] Level 1:colcon.colcon_core.package_identification:_identify(hw1_assignment) by extension 'colcon_meta'
[0.709s] Level 1:colcon.colcon_core.package_identification:_identify(hw1_assignment) by extensions ['ros']
[0.709s] Level 1:colcon.colcon_core.package_identification:_identify(hw1_assignment) by extension 'ros'
[0.713s] DEBUG:colcon.colcon_core.package_identification:Package 'hw1_assignment' with type 'ros.ament_python' and name 'hw1_assignment'
[0.713s] Level 1:colcon.colcon_core.package_identification:_identify(hw2_assignment) by extensions ['ignore', 'ignore_ament_install']
[0.713s] Level 1:colcon.colcon_core.package_identification:_identify(hw2_assignment) by extension 'ignore'
[0.713s] Level 1:colcon.colcon_core.package_identification:_identify(hw2_assignment) by extension 'ignore_ament_install'
[0.713s] Level 1:colcon.colcon_core.package_identification:_identify(hw2_assignment) by extensions ['colcon_pkg']
[0.713s] Level 1:colcon.colcon_core.package_identification:_identify(hw2_assignment) by extension 'colcon_pkg'
[0.713s] Level 1:colcon.colcon_core.package_identification:_identify(hw2_assignment) by extensions ['colcon_meta']
[0.714s] Level 1:colcon.colcon_core.package_identification:_identify(hw2_assignment) by extension 'colcon_meta'
[0.714s] Level 1:colcon.colcon_core.package_identification:_identify(hw2_assignment) by extensions ['ros']
[0.714s] Level 1:colcon.colcon_core.package_identification:_identify(hw2_assignment) by extension 'ros'
[0.714s] DEBUG:colcon.colcon_core.package_identification:Package 'hw2_assignment' with type 'ros.ament_python' and name 'hw2_assignment'
[0.715s] Level 1:colcon.colcon_core.package_identification:_identify(install) by extensions ['ignore', 'ignore_ament_install']
[0.715s] Level 1:colcon.colcon_core.package_identification:_identify(install) by extension 'ignore'
[0.715s] Level 1:colcon.colcon_core.package_identification:_identify(install) ignored
[0.715s] Level 1:colcon.colcon_core.package_identification:_identify(log) by extensions ['ignore', 'ignore_ament_install']
[0.715s] Level 1:colcon.colcon_core.package_identification:_identify(log) by extension 'ignore'
[0.715s] Level 1:colcon.colcon_core.package_identification:_identify(log) ignored
[0.715s] Level 1:colcon.colcon_core.package_discovery:discover_packages(recursive) using defaults
[0.715s] Level 1:colcon.colcon_core.package_discovery:discover_packages(ignore) discover
[0.715s] Level 1:colcon.colcon_core.package_discovery:discover_packages(ignore) using defaults
[0.715s] Level 1:colcon.colcon_core.package_discovery:discover_packages(path) discover
[0.715s] Level 1:colcon.colcon_core.package_discovery:discover_packages(path) using defaults
[0.801s] Level 5:colcon.colcon_core.verb:set package 'hw1_assignment' build argument 'cmake_args' from command line to 'None'
[0.801s] Level 5:colcon.colcon_core.verb:set package 'hw1_assignment' build argument 'cmake_target' from command line to 'None'
[0.802s] Level 5:colcon.colcon_core.verb:set package 'hw1_assignment' build argument 'cmake_target_skip_unavailable' from command line to 'False'
[0.802s] Level 5:colcon.colcon_core.verb:set package 'hw1_assignment' build argument 'cmake_clean_cache' from command line to 'False'
[0.803s] Level 5:colcon.colcon_core.verb:set package 'hw1_assignment' build argument 'cmake_clean_first' from command line to 'False'
[0.803s] Level 5:colcon.colcon_core.verb:set package 'hw1_assignment' build argument 'cmake_force_configure' from command line to 'False'
[0.803s] Level 5:colcon.colcon_core.verb:set package 'hw1_assignment' build argument 'ament_cmake_args' from command line to 'None'
[0.803s] Level 5:colcon.colcon_core.verb:set package 'hw1_assignment' build argument 'catkin_cmake_args' from command line to 'None'
[0.803s] Level 5:colcon.colcon_core.verb:set package 'hw1_assignment' build argument 'catkin_skip_building_tests' from command line to 'False'
[0.804s] DEBUG:colcon.colcon_core.verb:Building package 'hw1_assignment' with the following arguments: {'ament_cmake_args': None, 'build_base': '/home/haydenccarroll/Repositories/cs-453/build/hw1_assignment', 'catkin_cmake_args': None, 'catkin_skip_building_tests': False, 'cmake_args': None, 'cmake_clean_cache': False, 'cmake_clean_first': False, 'cmake_force_configure': False, 'cmake_target': None, 'cmake_target_skip_unavailable': False, 'install_base': '/home/haydenccarroll/Repositories/cs-453/install/hw1_assignment', 'merge_install': False, 'path': '/home/haydenccarroll/Repositories/cs-453/hw1_assignment', 'symlink_install': False, 'test_result_base': None}
[0.820s] Level 5:colcon.colcon_core.verb:set package 'hw2_assignment' build argument 'cmake_args' from command line to 'None'
[0.821s] Level 5:colcon.colcon_core.verb:set package 'hw2_assignment' build argument 'cmake_target' from command line to 'None'
[0.821s] Level 5:colcon.colcon_core.verb:set package 'hw2_assignment' build argument 'cmake_target_skip_unavailable' from command line to 'False'
[0.822s] Level 5:colcon.colcon_core.verb:set package 'hw2_assignment' build argument 'cmake_clean_cache' from command line to 'False'
[0.822s] Level 5:colcon.colcon_core.verb:set package 'hw2_assignment' build argument 'cmake_clean_first' from command line to 'False'
[0.822s] Level 5:colcon.colcon_core.verb:set package 'hw2_assignment' build argument 'cmake_force_configure' from command line to 'False'
[0.822s] Level 5:colcon.colcon_core.verb:set package 'hw2_assignment' build argument 'ament_cmake_args' from command line to 'None'
[0.822s] Level 5:colcon.colcon_core.verb:set package 'hw2_assignment' build argument 'catkin_cmake_args' from command line to 'None'
[0.822s] Level 5:colcon.colcon_core.verb:set package 'hw2_assignment' build argument 'catkin_skip_building_tests' from command line to 'False'
[0.822s] DEBUG:colcon.colcon_core.verb:Building package 'hw2_assignment' with the following arguments: {'ament_cmake_args': None, 'build_base': '/home/haydenccarroll/Repositories/cs-453/build/hw2_assignment', 'catkin_cmake_args': None, 'catkin_skip_building_tests': False, 'cmake_args': None, 'cmake_clean_cache': False, 'cmake_clean_first': False, 'cmake_force_configure': False, 'cmake_target': None, 'cmake_target_skip_unavailable': False, 'install_base': '/home/haydenccarroll/Repositories/cs-453/install/hw2_assignment', 'merge_install': False, 'path': '/home/haydenccarroll/Repositories/cs-453/hw2_assignment', 'symlink_install': False, 'test_result_base': None}
[0.826s] INFO:colcon.colcon_core.executor:Executing jobs using 'parallel' executor
[0.847s] DEBUG:colcon.colcon_parallel_executor.executor.parallel:run_until_complete
[0.848s] INFO:colcon.colcon_ros.task.ament_python.build:Building ROS package in '/home/haydenccarroll/Repositories/cs-453/hw1_assignment' with build type 'ament_python'
[0.849s] Level 1:colcon.colcon_core.shell:create_environment_hook('hw1_assignment', 'ament_prefix_path')
[0.862s] INFO:colcon.colcon_core.plugin_system:Skipping extension 'colcon_core.shell.bat': Not used on non-Windows systems
[0.862s] INFO:colcon.colcon_core.shell:Creating environment hook '/home/haydenccarroll/Repositories/cs-453/install/hw1_assignment/share/hw1_assignment/hook/ament_prefix_path.ps1'
[0.863s] INFO:colcon.colcon_core.shell:Creating environment descriptor '/home/haydenccarroll/Repositories/cs-453/install/hw1_assignment/share/hw1_assignment/hook/ament_prefix_path.dsv'
[0.864s] INFO:colcon.colcon_core.shell:Creating environment hook '/home/haydenccarroll/Repositories/cs-453/install/hw1_assignment/share/hw1_assignment/hook/ament_prefix_path.sh'
[0.872s] INFO:colcon.colcon_core.shell:Skip shell extension 'powershell' for command environment: Not usable outside of PowerShell
[0.872s] DEBUG:colcon.colcon_core.shell:Skip shell extension 'dsv' for command environment
[0.907s] INFO:colcon.colcon_ros.task.ament_python.build:Building ROS package in '/home/haydenccarroll/Repositories/cs-453/hw2_assignment' with build type 'ament_python'
[0.909s] Level 1:colcon.colcon_core.shell:create_environment_hook('hw2_assignment', 'ament_prefix_path')
[0.921s] INFO:colcon.colcon_core.shell:Creating environment hook '/home/haydenccarroll/Repositories/cs-453/install/hw2_assignment/share/hw2_assignment/hook/ament_prefix_path.ps1'
[0.922s] INFO:colcon.colcon_core.shell:Creating environment descriptor '/home/haydenccarroll/Repositories/cs-453/install/hw2_assignment/share/hw2_assignment/hook/ament_prefix_path.dsv'
[0.923s] INFO:colcon.colcon_core.shell:Creating environment hook '/home/haydenccarroll/Repositories/cs-453/install/hw2_assignment/share/hw2_assignment/hook/ament_prefix_path.sh'
[0.936s] INFO:colcon.colcon_core.shell:Skip shell extension 'powershell' for command environment: Not usable outside of PowerShell
[0.936s] DEBUG:colcon.colcon_core.shell:Skip shell extension 'dsv' for command environment
[1.552s] INFO:colcon.colcon_core.task.python.build:Building Python package in '/home/haydenccarroll/Repositories/cs-453/hw1_assignment'
[1.558s] INFO:colcon.colcon_core.shell:Skip shell extension 'powershell' for command environment: Not usable outside of PowerShell
[1.558s] DEBUG:colcon.colcon_core.shell:Skip shell extension 'dsv' for command environment
[2.008s] INFO:colcon.colcon_core.task.python.build:Building Python package in '/home/haydenccarroll/Repositories/cs-453/hw2_assignment'
[2.016s] INFO:colcon.colcon_core.shell:Skip shell extension 'powershell' for command environment: Not usable outside of PowerShell
[2.017s] DEBUG:colcon.colcon_core.shell:Skip shell extension 'dsv' for command environment
[2.659s] DEBUG:colcon.colcon_core.event_handler.log_command:Invoking command in '/home/haydenccarroll/Repositories/cs-453/hw2_assignment': PYTHONPATH=/home/haydenccarroll/Repositories/cs-453/install/hw2_assignment/lib/python3.10/site-packages:${PYTHONPATH} /usr/bin/python3 setup.py egg_info --egg-base ../build/hw2_assignment build --build-base /home/haydenccarroll/Repositories/cs-453/build/hw2_assignment/build install --prefix /home/haydenccarroll/Repositories/cs-453/install/hw2_assignment --record /home/haydenccarroll/Repositories/cs-453/build/hw2_assignment/install.log --single-version-externally-managed
[2.668s] DEBUG:colcon.colcon_core.event_handler.log_command:Invoking command in '/home/haydenccarroll/Repositories/cs-453/hw1_assignment': PYTHONPATH=/home/haydenccarroll/Repositories/cs-453/install/hw1_assignment/lib/python3.10/site-packages:${PYTHONPATH} /usr/bin/python3 setup.py egg_info --egg-base ../build/hw1_assignment build --build-base /home/haydenccarroll/Repositories/cs-453/build/hw1_assignment/build install --prefix /home/haydenccarroll/Repositories/cs-453/install/hw1_assignment --record /home/haydenccarroll/Repositories/cs-453/build/hw1_assignment/install.log --single-version-externally-managed
[3.414s] DEBUG:colcon.colcon_core.event_handler.log_command:Invoked command in '/home/haydenccarroll/Repositories/cs-453/hw1_assignment' returned '0': PYTHONPATH=/home/haydenccarroll/Repositories/cs-453/install/hw1_assignment/lib/python3.10/site-packages:${PYTHONPATH} /usr/bin/python3 setup.py egg_info --egg-base ../build/hw1_assignment build --build-base /home/haydenccarroll/Repositories/cs-453/build/hw1_assignment/build install --prefix /home/haydenccarroll/Repositories/cs-453/install/hw1_assignment --record /home/haydenccarroll/Repositories/cs-453/build/hw1_assignment/install.log --single-version-externally-managed
[3.420s] Level 1:colcon.colcon_core.environment:checking '/home/haydenccarroll/Repositories/cs-453/install/hw1_assignment' for CMake module files
[3.421s] Level 1:colcon.colcon_core.environment:checking '/home/haydenccarroll/Repositories/cs-453/install/hw1_assignment' for CMake config files
[3.422s] Level 1:colcon.colcon_core.environment:checking '/home/haydenccarroll/Repositories/cs-453/install/hw1_assignment/lib'
[3.423s] Level 1:colcon.colcon_core.environment:checking '/home/haydenccarroll/Repositories/cs-453/install/hw1_assignment/bin'
[3.423s] Level 1:colcon.colcon_core.environment:checking '/home/haydenccarroll/Repositories/cs-453/install/hw1_assignment/lib/pkgconfig/hw1_assignment.pc'
[3.424s] Level 1:colcon.colcon_core.environment:checking '/home/haydenccarroll/Repositories/cs-453/install/hw1_assignment/lib/python3.10/site-packages'
[3.424s] Level 1:colcon.colcon_core.shell:create_environment_hook('hw1_assignment', 'pythonpath')
[3.435s] INFO:colcon.colcon_core.shell:Creating environment hook '/home/haydenccarroll/Repositories/cs-453/install/hw1_assignment/share/hw1_assignment/hook/pythonpath.ps1'
[3.436s] INFO:colcon.colcon_core.shell:Creating environment descriptor '/home/haydenccarroll/Repositories/cs-453/install/hw1_assignment/share/hw1_assignment/hook/pythonpath.dsv'
[3.438s] INFO:colcon.colcon_core.shell:Creating environment hook '/home/haydenccarroll/Repositories/cs-453/install/hw1_assignment/share/hw1_assignment/hook/pythonpath.sh'
[3.439s] Level 1:colcon.colcon_core.environment:checking '/home/haydenccarroll/Repositories/cs-453/install/hw1_assignment/bin'
[3.439s] Level 1:colcon.colcon_core.environment:create_environment_scripts_only(hw1_assignment)
[3.446s] INFO:colcon.colcon_core.shell:Creating package script '/home/haydenccarroll/Repositories/cs-453/install/hw1_assignment/share/hw1_assignment/package.ps1'
[3.448s] INFO:colcon.colcon_core.shell:Creating package descriptor '/home/haydenccarroll/Repositories/cs-453/install/hw1_assignment/share/hw1_assignment/package.dsv'
[3.449s] INFO:colcon.colcon_core.shell:Creating package script '/home/haydenccarroll/Repositories/cs-453/install/hw1_assignment/share/hw1_assignment/package.sh'
[3.450s] INFO:colcon.colcon_core.shell:Creating package script '/home/haydenccarroll/Repositories/cs-453/install/hw1_assignment/share/hw1_assignment/package.bash'
[3.451s] INFO:colcon.colcon_core.shell:Creating package script '/home/haydenccarroll/Repositories/cs-453/install/hw1_assignment/share/hw1_assignment/package.zsh'
[3.452s] Level 1:colcon.colcon_core.environment:create_file_with_runtime_dependencies(/home/haydenccarroll/Repositories/cs-453/install/hw1_assignment/share/colcon-core/packages/hw1_assignment)
[3.461s] Level 1:colcon.colcon_core.environment:checking '/home/haydenccarroll/Repositories/cs-453/install/hw2_assignment' for CMake module files
[3.462s] DEBUG:colcon.colcon_core.event_handler.log_command:Invoked command in '/home/haydenccarroll/Repositories/cs-453/hw2_assignment' returned '0': PYTHONPATH=/home/haydenccarroll/Repositories/cs-453/install/hw2_assignment/lib/python3.10/site-packages:${PYTHONPATH} /usr/bin/python3 setup.py egg_info --egg-base ../build/hw2_assignment build --build-base /home/haydenccarroll/Repositories/cs-453/build/hw2_assignment/build install --prefix /home/haydenccarroll/Repositories/cs-453/install/hw2_assignment --record /home/haydenccarroll/Repositories/cs-453/build/hw2_assignment/install.log --single-version-externally-managed
[3.463s] Level 1:colcon.colcon_core.environment:checking '/home/haydenccarroll/Repositories/cs-453/install/hw2_assignment' for CMake config files
[3.464s] Level 1:colcon.colcon_core.environment:checking '/home/haydenccarroll/Repositories/cs-453/install/hw2_assignment/lib'
[3.464s] Level 1:colcon.colcon_core.environment:checking '/home/haydenccarroll/Repositories/cs-453/install/hw2_assignment/bin'
[3.464s] Level 1:colcon.colcon_core.environment:checking '/home/haydenccarroll/Repositories/cs-453/install/hw2_assignment/lib/pkgconfig/hw2_assignment.pc'
[3.464s] Level 1:colcon.colcon_core.environment:checking '/home/haydenccarroll/Repositories/cs-453/install/hw2_assignment/lib/python3.10/site-packages'
[3.464s] Level 1:colcon.colcon_core.shell:create_environment_hook('hw2_assignment', 'pythonpath')
[3.472s] INFO:colcon.colcon_core.shell:Creating environment hook '/home/haydenccarroll/Repositories/cs-453/install/hw2_assignment/share/hw2_assignment/hook/pythonpath.ps1'
[3.473s] INFO:colcon.colcon_core.shell:Creating environment descriptor '/home/haydenccarroll/Repositories/cs-453/install/hw2_assignment/share/hw2_assignment/hook/pythonpath.dsv'
[3.474s] INFO:colcon.colcon_core.shell:Creating environment hook '/home/haydenccarroll/Repositories/cs-453/install/hw2_assignment/share/hw2_assignment/hook/pythonpath.sh'
[3.475s] Level 1:colcon.colcon_core.environment:checking '/home/haydenccarroll/Repositories/cs-453/install/hw2_assignment/bin'
[3.475s] Level 1:colcon.colcon_core.environment:create_environment_scripts_only(hw2_assignment)
[3.486s] INFO:colcon.colcon_core.shell:Creating package script '/home/haydenccarroll/Repositories/cs-453/install/hw2_assignment/share/hw2_assignment/package.ps1'
[3.488s] INFO:colcon.colcon_core.shell:Creating package descriptor '/home/haydenccarroll/Repositories/cs-453/install/hw2_assignment/share/hw2_assignment/package.dsv'
[3.489s] INFO:colcon.colcon_core.shell:Creating package script '/home/haydenccarroll/Repositories/cs-453/install/hw2_assignment/share/hw2_assignment/package.sh'
[3.490s] INFO:colcon.colcon_core.shell:Creating package script '/home/haydenccarroll/Repositories/cs-453/install/hw2_assignment/share/hw2_assignment/package.bash'
[3.491s] INFO:colcon.colcon_core.shell:Creating package script '/home/haydenccarroll/Repositories/cs-453/install/hw2_assignment/share/hw2_assignment/package.zsh'
[3.491s] Level 1:colcon.colcon_core.environment:create_file_with_runtime_dependencies(/home/haydenccarroll/Repositories/cs-453/install/hw2_assignment/share/colcon-core/packages/hw2_assignment)
[3.492s] DEBUG:colcon.colcon_parallel_executor.executor.parallel:closing loop
[3.494s] DEBUG:colcon.colcon_parallel_executor.executor.parallel:loop closed
[3.494s] DEBUG:colcon.colcon_parallel_executor.executor.parallel:run_until_complete finished with '0'
[3.494s] DEBUG:colcon.colcon_core.event_reactor:joining thread
[3.515s] INFO:colcon.colcon_core.plugin_system:Skipping extension 'colcon_notification.desktop_notification.terminal_notifier': Not used on non-Darwin systems
[3.515s] INFO:colcon.colcon_core.plugin_system:Skipping extension 'colcon_notification.desktop_notification.win32': Not used on non-Windows systems
[3.516s] INFO:colcon.colcon_notification.desktop_notification:Sending desktop notification using 'notify2'
[3.540s] DEBUG:colcon.colcon_core.event_reactor:joined thread
[3.550s] INFO:colcon.colcon_core.shell:Creating prefix script '/home/haydenccarroll/Repositories/cs-453/install/local_setup.ps1'
[3.555s] INFO:colcon.colcon_core.shell:Creating prefix util module '/home/haydenccarroll/Repositories/cs-453/install/_local_setup_util_ps1.py'
[3.559s] INFO:colcon.colcon_core.shell:Creating prefix chain script '/home/haydenccarroll/Repositories/cs-453/install/setup.ps1'
[3.568s] INFO:colcon.colcon_core.shell:Creating prefix script '/home/haydenccarroll/Repositories/cs-453/install/local_setup.sh'
[3.570s] INFO:colcon.colcon_core.shell:Creating prefix util module '/home/haydenccarroll/Repositories/cs-453/install/_local_setup_util_sh.py'
[3.572s] INFO:colcon.colcon_core.shell:Creating prefix chain script '/home/haydenccarroll/Repositories/cs-453/install/setup.sh'
[3.579s] INFO:colcon.colcon_core.shell:Creating prefix script '/home/haydenccarroll/Repositories/cs-453/install/local_setup.bash'
[3.580s] INFO:colcon.colcon_core.shell:Creating prefix chain script '/home/haydenccarroll/Repositories/cs-453/install/setup.bash'
[3.592s] INFO:colcon.colcon_core.shell:Creating prefix script '/home/haydenccarroll/Repositories/cs-453/install/local_setup.zsh'
[3.593s] INFO:colcon.colcon_core.shell:Creating prefix chain script '/home/haydenccarroll/Repositories/cs-453/install/setup.zsh'
