running egg_info
creating ../build/hw1_assignment/hw1_assignment.egg-info
writing ../build/hw1_assignment/hw1_assignment.egg-info/PKG-INFO
writing dependency_links to ../build/hw1_assignment/hw1_assignment.egg-info/dependency_links.txt
writing entry points to ../build/hw1_assignment/hw1_assignment.egg-info/entry_points.txt
writing requirements to ../build/hw1_assignment/hw1_assignment.egg-info/requires.txt
writing top-level names to ../build/hw1_assignment/hw1_assignment.egg-info/top_level.txt
writing manifest file '../build/hw1_assignment/hw1_assignment.egg-info/SOURCES.txt'
reading manifest file '../build/hw1_assignment/hw1_assignment.egg-info/SOURCES.txt'
writing manifest file '../build/hw1_assignment/hw1_assignment.egg-info/SOURCES.txt'
running build
running build_py
creating /home/haydenccarroll/Repositories/cs-453/build/hw1_assignment/build
creating /home/haydenccarroll/Repositories/cs-453/build/hw1_assignment/build/lib
creating /home/haydenccarroll/Repositories/cs-453/build/hw1_assignment/build/lib/hw1_assignment
copying hw1_assignment/action_handler.py -> /home/haydenccarroll/Repositories/cs-453/build/hw1_assignment/build/lib/hw1_assignment
copying hw1_assignment/__init__.py -> /home/haydenccarroll/Repositories/cs-453/build/hw1_assignment/build/lib/hw1_assignment
copying hw1_assignment/dock.py -> /home/haydenccarroll/Repositories/cs-453/build/hw1_assignment/build/lib/hw1_assignment
copying hw1_assignment/turn.py -> /home/haydenccarroll/Repositories/cs-453/build/hw1_assignment/build/lib/hw1_assignment
copying hw1_assignment/noise.py -> /home/haydenccarroll/Repositories/cs-453/build/hw1_assignment/build/lib/hw1_assignment
copying hw1_assignment/forward.py -> /home/haydenccarroll/Repositories/cs-453/build/hw1_assignment/build/lib/hw1_assignment
copying hw1_assignment/undock.py -> /home/haydenccarroll/Repositories/cs-453/build/hw1_assignment/build/lib/hw1_assignment
running install
running install_lib
creating /home/haydenccarroll/Repositories/cs-453/install/hw1_assignment/lib/python3.10/site-packages/hw1_assignment
copying /home/haydenccarroll/Repositories/cs-453/build/hw1_assignment/build/lib/hw1_assignment/action_handler.py -> /home/haydenccarroll/Repositories/cs-453/install/hw1_assignment/lib/python3.10/site-packages/hw1_assignment
copying /home/haydenccarroll/Repositories/cs-453/build/hw1_assignment/build/lib/hw1_assignment/__init__.py -> /home/haydenccarroll/Repositories/cs-453/install/hw1_assignment/lib/python3.10/site-packages/hw1_assignment
copying /home/haydenccarroll/Repositories/cs-453/build/hw1_assignment/build/lib/hw1_assignment/dock.py -> /home/haydenccarroll/Repositories/cs-453/install/hw1_assignment/lib/python3.10/site-packages/hw1_assignment
copying /home/haydenccarroll/Repositories/cs-453/build/hw1_assignment/build/lib/hw1_assignment/turn.py -> /home/haydenccarroll/Repositories/cs-453/install/hw1_assignment/lib/python3.10/site-packages/hw1_assignment
copying /home/haydenccarroll/Repositories/cs-453/build/hw1_assignment/build/lib/hw1_assignment/noise.py -> /home/haydenccarroll/Repositories/cs-453/install/hw1_assignment/lib/python3.10/site-packages/hw1_assignment
copying /home/haydenccarroll/Repositories/cs-453/build/hw1_assignment/build/lib/hw1_assignment/forward.py -> /home/haydenccarroll/Repositories/cs-453/install/hw1_assignment/lib/python3.10/site-packages/hw1_assignment
copying /home/haydenccarroll/Repositories/cs-453/build/hw1_assignment/build/lib/hw1_assignment/undock.py -> /home/haydenccarroll/Repositories/cs-453/install/hw1_assignment/lib/python3.10/site-packages/hw1_assignment
byte-compiling /home/haydenccarroll/Repositories/cs-453/install/hw1_assignment/lib/python3.10/site-packages/hw1_assignment/action_handler.py to action_handler.cpython-310.pyc
byte-compiling /home/haydenccarroll/Repositories/cs-453/install/hw1_assignment/lib/python3.10/site-packages/hw1_assignment/__init__.py to __init__.cpython-310.pyc
byte-compiling /home/haydenccarroll/Repositories/cs-453/install/hw1_assignment/lib/python3.10/site-packages/hw1_assignment/dock.py to dock.cpython-310.pyc
byte-compiling /home/haydenccarroll/Repositories/cs-453/install/hw1_assignment/lib/python3.10/site-packages/hw1_assignment/turn.py to turn.cpython-310.pyc
byte-compiling /home/haydenccarroll/Repositories/cs-453/install/hw1_assignment/lib/python3.10/site-packages/hw1_assignment/noise.py to noise.cpython-310.pyc
byte-compiling /home/haydenccarroll/Repositories/cs-453/install/hw1_assignment/lib/python3.10/site-packages/hw1_assignment/forward.py to forward.cpython-310.pyc
byte-compiling /home/haydenccarroll/Repositories/cs-453/install/hw1_assignment/lib/python3.10/site-packages/hw1_assignment/undock.py to undock.cpython-310.pyc
running install_data
creating /home/haydenccarroll/Repositories/cs-453/install/hw1_assignment/share/ament_index
creating /home/haydenccarroll/Repositories/cs-453/install/hw1_assignment/share/ament_index/resource_index
creating /home/haydenccarroll/Repositories/cs-453/install/hw1_assignment/share/ament_index/resource_index/packages
copying resource/hw1_assignment -> /home/haydenccarroll/Repositories/cs-453/install/hw1_assignment/share/ament_index/resource_index/packages
copying package.xml -> /home/haydenccarroll/Repositories/cs-453/install/hw1_assignment/share/hw1_assignment
running install_egg_info
Copying ../build/hw1_assignment/hw1_assignment.egg-info to /home/haydenccarroll/Repositories/cs-453/install/hw1_assignment/lib/python3.10/site-packages/hw1_assignment-0.0.0-py3.10.egg-info
running install_scripts
Installing test script to /home/haydenccarroll/Repositories/cs-453/install/hw1_assignment/lib/hw1_assignment
writing list of installed files to '/home/haydenccarroll/Repositories/cs-453/build/hw1_assignment/install.log'
