[2.465s] Invoking command in '/home/haydenccarroll/Repositories/cs-453/hw1_assignment': PYTHONPATH=/home/haydenccarroll/Repositories/cs-453/install/hw1_assignment/lib/python3.10/site-packages:${PYTHONPATH} /usr/bin/python3 setup.py egg_info --egg-base ../build/hw1_assignment build --build-base /home/haydenccarroll/Repositories/cs-453/build/hw1_assignment/build install --prefix /home/haydenccarroll/Repositories/cs-453/install/hw1_assignment --record /home/haydenccarroll/Repositories/cs-453/build/hw1_assignment/install.log --single-version-externally-managed
[3.235s] running egg_info
[3.235s] creating ../build/hw1_assignment/hw1_assignment.egg-info
[3.235s] writing ../build/hw1_assignment/hw1_assignment.egg-info/PKG-INFO
[3.237s] writing dependency_links to ../build/hw1_assignment/hw1_assignment.egg-info/dependency_links.txt
[3.238s] writing entry points to ../build/hw1_assignment/hw1_assignment.egg-info/entry_points.txt
[3.238s] writing requirements to ../build/hw1_assignment/hw1_assignment.egg-info/requires.txt
[3.238s] writing top-level names to ../build/hw1_assignment/hw1_assignment.egg-info/top_level.txt
[3.238s] writing manifest file '../build/hw1_assignment/hw1_assignment.egg-info/SOURCES.txt'
[3.243s] reading manifest file '../build/hw1_assignment/hw1_assignment.egg-info/SOURCES.txt'
[3.245s] writing manifest file '../build/hw1_assignment/hw1_assignment.egg-info/SOURCES.txt'
[3.246s] running build
[3.246s] running build_py
[3.250s] creating /home/haydenccarroll/Repositories/cs-453/build/hw1_assignment/build
[3.251s] creating /home/haydenccarroll/Repositories/cs-453/build/hw1_assignment/build/lib
[3.251s] creating /home/haydenccarroll/Repositories/cs-453/build/hw1_assignment/build/lib/hw1_assignment
[3.251s] copying hw1_assignment/action_handler.py -> /home/haydenccarroll/Repositories/cs-453/build/hw1_assignment/build/lib/hw1_assignment
[3.251s] copying hw1_assignment/__init__.py -> /home/haydenccarroll/Repositories/cs-453/build/hw1_assignment/build/lib/hw1_assignment
[3.252s] copying hw1_assignment/dock.py -> /home/haydenccarroll/Repositories/cs-453/build/hw1_assignment/build/lib/hw1_assignment
[3.252s] copying hw1_assignment/turn.py -> /home/haydenccarroll/Repositories/cs-453/build/hw1_assignment/build/lib/hw1_assignment
[3.253s] copying hw1_assignment/noise.py -> /home/haydenccarroll/Repositories/cs-453/build/hw1_assignment/build/lib/hw1_assignment
[3.253s] copying hw1_assignment/forward.py -> /home/haydenccarroll/Repositories/cs-453/build/hw1_assignment/build/lib/hw1_assignment
[3.253s] copying hw1_assignment/undock.py -> /home/haydenccarroll/Repositories/cs-453/build/hw1_assignment/build/lib/hw1_assignment
[3.254s] running install
[3.255s] /usr/lib/python3/dist-packages/setuptools/command/install.py:34: SetuptoolsDeprecationWarning: setup.py install is deprecated. Use build and pip and other standards-based tools.
[3.256s]   warnings.warn(
[3.256s] running install_lib
[3.259s] creating /home/haydenccarroll/Repositories/cs-453/install/hw1_assignment/lib/python3.10/site-packages/hw1_assignment
[3.259s] copying /home/haydenccarroll/Repositories/cs-453/build/hw1_assignment/build/lib/hw1_assignment/action_handler.py -> /home/haydenccarroll/Repositories/cs-453/install/hw1_assignment/lib/python3.10/site-packages/hw1_assignment
[3.259s] copying /home/haydenccarroll/Repositories/cs-453/build/hw1_assignment/build/lib/hw1_assignment/__init__.py -> /home/haydenccarroll/Repositories/cs-453/install/hw1_assignment/lib/python3.10/site-packages/hw1_assignment
[3.259s] copying /home/haydenccarroll/Repositories/cs-453/build/hw1_assignment/build/lib/hw1_assignment/dock.py -> /home/haydenccarroll/Repositories/cs-453/install/hw1_assignment/lib/python3.10/site-packages/hw1_assignment
[3.260s] copying /home/haydenccarroll/Repositories/cs-453/build/hw1_assignment/build/lib/hw1_assignment/turn.py -> /home/haydenccarroll/Repositories/cs-453/install/hw1_assignment/lib/python3.10/site-packages/hw1_assignment
[3.260s] copying /home/haydenccarroll/Repositories/cs-453/build/hw1_assignment/build/lib/hw1_assignment/noise.py -> /home/haydenccarroll/Repositories/cs-453/install/hw1_assignment/lib/python3.10/site-packages/hw1_assignment
[3.260s] copying /home/haydenccarroll/Repositories/cs-453/build/hw1_assignment/build/lib/hw1_assignment/forward.py -> /home/haydenccarroll/Repositories/cs-453/install/hw1_assignment/lib/python3.10/site-packages/hw1_assignment
[3.260s] copying /home/haydenccarroll/Repositories/cs-453/build/hw1_assignment/build/lib/hw1_assignment/undock.py -> /home/haydenccarroll/Repositories/cs-453/install/hw1_assignment/lib/python3.10/site-packages/hw1_assignment
[3.263s] byte-compiling /home/haydenccarroll/Repositories/cs-453/install/hw1_assignment/lib/python3.10/site-packages/hw1_assignment/action_handler.py to action_handler.cpython-310.pyc
[3.263s] byte-compiling /home/haydenccarroll/Repositories/cs-453/install/hw1_assignment/lib/python3.10/site-packages/hw1_assignment/__init__.py to __init__.cpython-310.pyc
[3.267s] byte-compiling /home/haydenccarroll/Repositories/cs-453/install/hw1_assignment/lib/python3.10/site-packages/hw1_assignment/dock.py to dock.cpython-310.pyc
[3.267s] byte-compiling /home/haydenccarroll/Repositories/cs-453/install/hw1_assignment/lib/python3.10/site-packages/hw1_assignment/turn.py to turn.cpython-310.pyc
[3.267s] byte-compiling /home/haydenccarroll/Repositories/cs-453/install/hw1_assignment/lib/python3.10/site-packages/hw1_assignment/noise.py to noise.cpython-310.pyc
[3.267s] byte-compiling /home/haydenccarroll/Repositories/cs-453/install/hw1_assignment/lib/python3.10/site-packages/hw1_assignment/forward.py to forward.cpython-310.pyc
[3.268s] byte-compiling /home/haydenccarroll/Repositories/cs-453/install/hw1_assignment/lib/python3.10/site-packages/hw1_assignment/undock.py to undock.cpython-310.pyc
[3.269s] running install_data
[3.271s] creating /home/haydenccarroll/Repositories/cs-453/install/hw1_assignment/share/ament_index
[3.271s] creating /home/haydenccarroll/Repositories/cs-453/install/hw1_assignment/share/ament_index/resource_index
[3.272s] creating /home/haydenccarroll/Repositories/cs-453/install/hw1_assignment/share/ament_index/resource_index/packages
[3.272s] copying resource/hw1_assignment -> /home/haydenccarroll/Repositories/cs-453/install/hw1_assignment/share/ament_index/resource_index/packages
[3.272s] copying package.xml -> /home/haydenccarroll/Repositories/cs-453/install/hw1_assignment/share/hw1_assignment
[3.272s] running install_egg_info
[3.279s] Copying ../build/hw1_assignment/hw1_assignment.egg-info to /home/haydenccarroll/Repositories/cs-453/install/hw1_assignment/lib/python3.10/site-packages/hw1_assignment-0.0.0-py3.10.egg-info
[3.279s] running install_scripts
[3.344s] Installing test script to /home/haydenccarroll/Repositories/cs-453/install/hw1_assignment/lib/hw1_assignment
[3.345s] writing list of installed files to '/home/haydenccarroll/Repositories/cs-453/build/hw1_assignment/install.log'
