[0.416s] Invoking command in '/home/robotnik/OneDrive/Documents/U_of_I/2022-23_UofI/CS553_AdvancedRobotics/HW/1_Drive_Figure_4/src/figure_four': PYTHONPATH=/home/robotnik/OneDrive/Documents/U_of_I/2022-23_UofI/CS553_AdvancedRobotics/HW/1_Drive_Figure_4/install/figure_four/lib/python3.10/site-packages:${PYTHONPATH} /usr/bin/python3 setup.py egg_info --egg-base ../../build/figure_four build --build-base /home/robotnik/OneDrive/Documents/U_of_I/2022-23_UofI/CS553_AdvancedRobotics/HW/1_Drive_Figure_4/build/figure_four/build install --prefix /home/robotnik/OneDrive/Documents/U_of_I/2022-23_UofI/CS553_AdvancedRobotics/HW/1_Drive_Figure_4/install/figure_four --record /home/robotnik/OneDrive/Documents/U_of_I/2022-23_UofI/CS553_AdvancedRobotics/HW/1_Drive_Figure_4/build/figure_four/install.log --single-version-externally-managed
[0.583s] running egg_info
[0.583s] writing ../../build/figure_four/figure_four.egg-info/PKG-INFO
[0.583s] writing dependency_links to ../../build/figure_four/figure_four.egg-info/dependency_links.txt
[0.584s] writing entry points to ../../build/figure_four/figure_four.egg-info/entry_points.txt
[0.584s] writing requirements to ../../build/figure_four/figure_four.egg-info/requires.txt
[0.584s] writing top-level names to ../../build/figure_four/figure_four.egg-info/top_level.txt
[0.585s] reading manifest file '../../build/figure_four/figure_four.egg-info/SOURCES.txt'
[0.585s] writing manifest file '../../build/figure_four/figure_four.egg-info/SOURCES.txt'
[0.586s] running build
[0.586s] running build_py
[0.586s] copying figure_four/figure_four.py -> /home/robotnik/OneDrive/Documents/U_of_I/2022-23_UofI/CS553_AdvancedRobotics/HW/1_Drive_Figure_4/build/figure_four/build/lib/figure_four
[0.586s] running install
[0.586s] running install_lib
[0.586s] copying /home/robotnik/OneDrive/Documents/U_of_I/2022-23_UofI/CS553_AdvancedRobotics/HW/1_Drive_Figure_4/build/figure_four/build/lib/figure_four/figure_four.py -> /home/robotnik/OneDrive/Documents/U_of_I/2022-23_UofI/CS553_AdvancedRobotics/HW/1_Drive_Figure_4/install/figure_four/lib/python3.10/site-packages/figure_four
[0.587s] byte-compiling /home/robotnik/OneDrive/Documents/U_of_I/2022-23_UofI/CS553_AdvancedRobotics/HW/1_Drive_Figure_4/install/figure_four/lib/python3.10/site-packages/figure_four/figure_four.py to figure_four.cpython-310.pyc
[0.587s] running install_data
[0.587s] copying package.xml -> /home/robotnik/OneDrive/Documents/U_of_I/2022-23_UofI/CS553_AdvancedRobotics/HW/1_Drive_Figure_4/install/figure_four/share/figure_four
[0.588s] running install_egg_info
[0.588s] removing '/home/robotnik/OneDrive/Documents/U_of_I/2022-23_UofI/CS553_AdvancedRobotics/HW/1_Drive_Figure_4/install/figure_four/lib/python3.10/site-packages/figure_four-0.0.0-py3.10.egg-info' (and everything under it)
[0.589s] Copying ../../build/figure_four/figure_four.egg-info to /home/robotnik/OneDrive/Documents/U_of_I/2022-23_UofI/CS553_AdvancedRobotics/HW/1_Drive_Figure_4/install/figure_four/lib/python3.10/site-packages/figure_four-0.0.0-py3.10.egg-info
[0.589s] running install_scripts
[0.604s] writing list of installed files to '/home/robotnik/OneDrive/Documents/U_of_I/2022-23_UofI/CS553_AdvancedRobotics/HW/1_Drive_Figure_4/build/figure_four/install.log'
[0.624s] Invoked command in '/home/robotnik/OneDrive/Documents/U_of_I/2022-23_UofI/CS553_AdvancedRobotics/HW/1_Drive_Figure_4/src/figure_four' returned '0': PYTHONPATH=/home/robotnik/OneDrive/Documents/U_of_I/2022-23_UofI/CS553_AdvancedRobotics/HW/1_Drive_Figure_4/install/figure_four/lib/python3.10/site-packages:${PYTHONPATH} /usr/bin/python3 setup.py egg_info --egg-base ../../build/figure_four build --build-base /home/robotnik/OneDrive/Documents/U_of_I/2022-23_UofI/CS553_AdvancedRobotics/HW/1_Drive_Figure_4/build/figure_four/build install --prefix /home/robotnik/OneDrive/Documents/U_of_I/2022-23_UofI/CS553_AdvancedRobotics/HW/1_Drive_Figure_4/install/figure_four --record /home/robotnik/OneDrive/Documents/U_of_I/2022-23_UofI/CS553_AdvancedRobotics/HW/1_Drive_Figure_4/build/figure_four/install.log --single-version-externally-managed
