/home/haydenccarroll/Repositories/create3_examples_ws/src/hw2_assignment/install/hw2_assignment/lib/python3.10/site-packages/hw2_assignment/odom_sub.py
/home/haydenccarroll/Repositories/create3_examples_ws/src/hw2_assignment/install/hw2_assignment/lib/python3.10/site-packages/hw2_assignment/action_handler.py
/home/haydenccarroll/Repositories/create3_examples_ws/src/hw2_assignment/install/hw2_assignment/lib/python3.10/site-packages/hw2_assignment/main.py
/home/haydenccarroll/Repositories/create3_examples_ws/src/hw2_assignment/install/hw2_assignment/lib/python3.10/site-packages/hw2_assignment/__init__.py
/home/haydenccarroll/Repositories/create3_examples_ws/src/hw2_assignment/install/hw2_assignment/lib/python3.10/site-packages/hw2_assignment/undock.py
/home/haydenccarroll/Repositories/create3_examples_ws/src/hw2_assignment/install/hw2_assignment/lib/python3.10/site-packages/hw2_assignment/__pycache__/odom_sub.cpython-310.pyc
/home/haydenccarroll/Repositories/create3_examples_ws/src/hw2_assignment/install/hw2_assignment/lib/python3.10/site-packages/hw2_assignment/__pycache__/action_handler.cpython-310.pyc
/home/haydenccarroll/Repositories/create3_examples_ws/src/hw2_assignment/install/hw2_assignment/lib/python3.10/site-packages/hw2_assignment/__pycache__/main.cpython-310.pyc
/home/haydenccarroll/Repositories/create3_examples_ws/src/hw2_assignment/install/hw2_assignment/lib/python3.10/site-packages/hw2_assignment/__pycache__/__init__.cpython-310.pyc
/home/haydenccarroll/Repositories/create3_examples_ws/src/hw2_assignment/install/hw2_assignment/lib/python3.10/site-packages/hw2_assignment/__pycache__/undock.cpython-310.pyc
/home/haydenccarroll/Repositories/create3_examples_ws/src/hw2_assignment/install/hw2_assignment/share/ament_index/resource_index/packages/hw2_assignment
/home/haydenccarroll/Repositories/create3_examples_ws/src/hw2_assignment/install/hw2_assignment/share/hw2_assignment/package.xml
/home/haydenccarroll/Repositories/create3_examples_ws/src/hw2_assignment/install/hw2_assignment/lib/python3.10/site-packages/hw2_assignment-0.0.0-py3.10.egg-info/zip-safe
/home/haydenccarroll/Repositories/create3_examples_ws/src/hw2_assignment/install/hw2_assignment/lib/python3.10/site-packages/hw2_assignment-0.0.0-py3.10.egg-info/entry_points.txt
/home/haydenccarroll/Repositories/create3_examples_ws/src/hw2_assignment/install/hw2_assignment/lib/python3.10/site-packages/hw2_assignment-0.0.0-py3.10.egg-info/SOURCES.txt
/home/haydenccarroll/Repositories/create3_examples_ws/src/hw2_assignment/install/hw2_assignment/lib/python3.10/site-packages/hw2_assignment-0.0.0-py3.10.egg-info/requires.txt
/home/haydenccarroll/Repositories/create3_examples_ws/src/hw2_assignment/install/hw2_assignment/lib/python3.10/site-packages/hw2_assignment-0.0.0-py3.10.egg-info/dependency_links.txt
/home/haydenccarroll/Repositories/create3_examples_ws/src/hw2_assignment/install/hw2_assignment/lib/python3.10/site-packages/hw2_assignment-0.0.0-py3.10.egg-info/PKG-INFO
/home/haydenccarroll/Repositories/create3_examples_ws/src/hw2_assignment/install/hw2_assignment/lib/python3.10/site-packages/hw2_assignment-0.0.0-py3.10.egg-info/top_level.txt
/home/haydenccarroll/Repositories/create3_examples_ws/src/hw2_assignment/install/hw2_assignment/lib/hw2_assignment/test
