[0.375s] Invoking command in '/home/robotnik/OneDrive/Documents/U_of_I/2022-23_UofI/CS553_AdvancedRobotics/HW/1_Drive_Figure_4/src/figure_four': PYTHONPATH=/home/robotnik/OneDrive/Documents/U_of_I/2022-23_UofI/CS553_AdvancedRobotics/HW/1_Drive_Figure_4/install/figure_four/lib/python3.10/site-packages:${PYTHONPATH} /usr/bin/python3 setup.py egg_info --egg-base ../../build/figure_four build --build-base /home/robotnik/OneDrive/Documents/U_of_I/2022-23_UofI/CS553_AdvancedRobotics/HW/1_Drive_Figure_4/build/figure_four/build install --prefix /home/robotnik/OneDrive/Documents/U_of_I/2022-23_UofI/CS553_AdvancedRobotics/HW/1_Drive_Figure_4/install/figure_four --record /home/robotnik/OneDrive/Documents/U_of_I/2022-23_UofI/CS553_AdvancedRobotics/HW/1_Drive_Figure_4/build/figure_four/install.log --single-version-externally-managed
[0.516s] running egg_info
[0.517s] creating ../../build/figure_four/figure_four.egg-info
[0.517s] writing ../../build/figure_four/figure_four.egg-info/PKG-INFO
[0.517s] writing dependency_links to ../../build/figure_four/figure_four.egg-info/dependency_links.txt
[0.517s] writing entry points to ../../build/figure_four/figure_four.egg-info/entry_points.txt
[0.517s] writing requirements to ../../build/figure_four/figure_four.egg-info/requires.txt
[0.517s] writing top-level names to ../../build/figure_four/figure_four.egg-info/top_level.txt
[0.518s] writing manifest file '../../build/figure_four/figure_four.egg-info/SOURCES.txt'
[0.519s] reading manifest file '../../build/figure_four/figure_four.egg-info/SOURCES.txt'
[0.519s] writing manifest file '../../build/figure_four/figure_four.egg-info/SOURCES.txt'
[0.519s] running build
[0.519s] running build_py
[0.519s] creating /home/robotnik/OneDrive/Documents/U_of_I/2022-23_UofI/CS553_AdvancedRobotics/HW/1_Drive_Figure_4/build/figure_four/build
[0.519s] creating /home/robotnik/OneDrive/Documents/U_of_I/2022-23_UofI/CS553_AdvancedRobotics/HW/1_Drive_Figure_4/build/figure_four/build/lib
[0.519s] creating /home/robotnik/OneDrive/Documents/U_of_I/2022-23_UofI/CS553_AdvancedRobotics/HW/1_Drive_Figure_4/build/figure_four/build/lib/figure_four
[0.519s] copying figure_four/__init__.py -> /home/robotnik/OneDrive/Documents/U_of_I/2022-23_UofI/CS553_AdvancedRobotics/HW/1_Drive_Figure_4/build/figure_four/build/lib/figure_four
[0.519s] running install
[0.525s] /usr/lib/python3/dist-packages/setuptools/command/install.py:34: SetuptoolsDeprecationWarning: setup.py install is deprecated. Use build and pip and other standards-based tools.
[0.525s]   warnings.warn(
[0.525s] running install_lib
[0.526s] creating /home/robotnik/OneDrive/Documents/U_of_I/2022-23_UofI/CS553_AdvancedRobotics/HW/1_Drive_Figure_4/install/figure_four/lib/python3.10/site-packages/figure_four
[0.526s] copying /home/robotnik/OneDrive/Documents/U_of_I/2022-23_UofI/CS553_AdvancedRobotics/HW/1_Drive_Figure_4/build/figure_four/build/lib/figure_four/__init__.py -> /home/robotnik/OneDrive/Documents/U_of_I/2022-23_UofI/CS553_AdvancedRobotics/HW/1_Drive_Figure_4/install/figure_four/lib/python3.10/site-packages/figure_four
[0.526s] byte-compiling /home/robotnik/OneDrive/Documents/U_of_I/2022-23_UofI/CS553_AdvancedRobotics/HW/1_Drive_Figure_4/install/figure_four/lib/python3.10/site-packages/figure_four/__init__.py to __init__.cpython-310.pyc
[0.526s] running install_data
[0.527s] creating /home/robotnik/OneDrive/Documents/U_of_I/2022-23_UofI/CS553_AdvancedRobotics/HW/1_Drive_Figure_4/install/figure_four/share/ament_index
[0.527s] creating /home/robotnik/OneDrive/Documents/U_of_I/2022-23_UofI/CS553_AdvancedRobotics/HW/1_Drive_Figure_4/install/figure_four/share/ament_index/resource_index
[0.527s] creating /home/robotnik/OneDrive/Documents/U_of_I/2022-23_UofI/CS553_AdvancedRobotics/HW/1_Drive_Figure_4/install/figure_four/share/ament_index/resource_index/packages
[0.527s] copying resource/figure_four -> /home/robotnik/OneDrive/Documents/U_of_I/2022-23_UofI/CS553_AdvancedRobotics/HW/1_Drive_Figure_4/install/figure_four/share/ament_index/resource_index/packages
[0.527s] copying package.xml -> /home/robotnik/OneDrive/Documents/U_of_I/2022-23_UofI/CS553_AdvancedRobotics/HW/1_Drive_Figure_4/install/figure_four/share/figure_four
[0.527s] running install_egg_info
[0.528s] Copying ../../build/figure_four/figure_four.egg-info to /home/robotnik/OneDrive/Documents/U_of_I/2022-23_UofI/CS553_AdvancedRobotics/HW/1_Drive_Figure_4/install/figure_four/lib/python3.10/site-packages/figure_four-0.0.0-py3.10.egg-info
[0.529s] running install_scripts
[0.542s] writing list of installed files to '/home/robotnik/OneDrive/Documents/U_of_I/2022-23_UofI/CS553_AdvancedRobotics/HW/1_Drive_Figure_4/build/figure_four/install.log'
[0.557s] Invoked command in '/home/robotnik/OneDrive/Documents/U_of_I/2022-23_UofI/CS553_AdvancedRobotics/HW/1_Drive_Figure_4/src/figure_four' returned '0': PYTHONPATH=/home/robotnik/OneDrive/Documents/U_of_I/2022-23_UofI/CS553_AdvancedRobotics/HW/1_Drive_Figure_4/install/figure_four/lib/python3.10/site-packages:${PYTHONPATH} /usr/bin/python3 setup.py egg_info --egg-base ../../build/figure_four build --build-base /home/robotnik/OneDrive/Documents/U_of_I/2022-23_UofI/CS553_AdvancedRobotics/HW/1_Drive_Figure_4/build/figure_four/build install --prefix /home/robotnik/OneDrive/Documents/U_of_I/2022-23_UofI/CS553_AdvancedRobotics/HW/1_Drive_Figure_4/install/figure_four --record /home/robotnik/OneDrive/Documents/U_of_I/2022-23_UofI/CS553_AdvancedRobotics/HW/1_Drive_Figure_4/build/figure_four/install.log --single-version-externally-managed
