[1.147s] Invoking command in '/home/haydenccarroll/Repositories/create3_examples_ws/src/hw1_assignment': PYTHONPATH=/home/haydenccarroll/Repositories/create3_examples_ws/src/hw1_assignment/install/hw1_assignment/lib/python3.10/site-packages:${PYTHONPATH} /usr/bin/python3 setup.py egg_info --egg-base build/hw1_assignment build --build-base /home/haydenccarroll/Repositories/create3_examples_ws/src/hw1_assignment/build/hw1_assignment/build install --prefix /home/haydenccarroll/Repositories/create3_examples_ws/src/hw1_assignment/install/hw1_assignment --record /home/haydenccarroll/Repositories/create3_examples_ws/src/hw1_assignment/build/hw1_assignment/install.log --single-version-externally-managed
[1.521s] running egg_info
[1.522s] writing build/hw1_assignment/hw1_assignment.egg-info/PKG-INFO
[1.522s] writing dependency_links to build/hw1_assignment/hw1_assignment.egg-info/dependency_links.txt
[1.522s] writing entry points to build/hw1_assignment/hw1_assignment.egg-info/entry_points.txt
[1.523s] writing requirements to build/hw1_assignment/hw1_assignment.egg-info/requires.txt
[1.523s] writing top-level names to build/hw1_assignment/hw1_assignment.egg-info/top_level.txt
[1.526s] reading manifest file 'build/hw1_assignment/hw1_assignment.egg-info/SOURCES.txt'
[1.528s] writing manifest file 'build/hw1_assignment/hw1_assignment.egg-info/SOURCES.txt'
[1.528s] running build
[1.529s] running build_py
[1.529s] copying hw1_assignment/action_handler.py -> /home/haydenccarroll/Repositories/create3_examples_ws/src/hw1_assignment/build/hw1_assignment/build/lib/hw1_assignment
[1.529s] copying hw1_assignment/__init__.py -> /home/haydenccarroll/Repositories/create3_examples_ws/src/hw1_assignment/build/hw1_assignment/build/lib/hw1_assignment
[1.531s] copying hw1_assignment/dock.py -> /home/haydenccarroll/Repositories/create3_examples_ws/src/hw1_assignment/build/hw1_assignment/build/lib/hw1_assignment
[1.532s] copying hw1_assignment/turn.py -> /home/haydenccarroll/Repositories/create3_examples_ws/src/hw1_assignment/build/hw1_assignment/build/lib/hw1_assignment
[1.532s] copying hw1_assignment/noise.py -> /home/haydenccarroll/Repositories/create3_examples_ws/src/hw1_assignment/build/hw1_assignment/build/lib/hw1_assignment
[1.533s] copying hw1_assignment/forward.py -> /home/haydenccarroll/Repositories/create3_examples_ws/src/hw1_assignment/build/hw1_assignment/build/lib/hw1_assignment
[1.533s] copying hw1_assignment/undock.py -> /home/haydenccarroll/Repositories/create3_examples_ws/src/hw1_assignment/build/hw1_assignment/build/lib/hw1_assignment
[1.536s] running install
[1.536s] /usr/lib/python3/dist-packages/setuptools/command/install.py:34: SetuptoolsDeprecationWarning: setup.py install is deprecated. Use build and pip and other standards-based tools.
[1.536s]   warnings.warn(
[1.536s] running install_lib
[1.537s] copying /home/haydenccarroll/Repositories/create3_examples_ws/src/hw1_assignment/build/hw1_assignment/build/lib/hw1_assignment/action_handler.py -> /home/haydenccarroll/Repositories/create3_examples_ws/src/hw1_assignment/install/hw1_assignment/lib/python3.10/site-packages/hw1_assignment
[1.538s] copying /home/haydenccarroll/Repositories/create3_examples_ws/src/hw1_assignment/build/hw1_assignment/build/lib/hw1_assignment/__init__.py -> /home/haydenccarroll/Repositories/create3_examples_ws/src/hw1_assignment/install/hw1_assignment/lib/python3.10/site-packages/hw1_assignment
[1.538s] copying /home/haydenccarroll/Repositories/create3_examples_ws/src/hw1_assignment/build/hw1_assignment/build/lib/hw1_assignment/dock.py -> /home/haydenccarroll/Repositories/create3_examples_ws/src/hw1_assignment/install/hw1_assignment/lib/python3.10/site-packages/hw1_assignment
[1.538s] copying /home/haydenccarroll/Repositories/create3_examples_ws/src/hw1_assignment/build/hw1_assignment/build/lib/hw1_assignment/turn.py -> /home/haydenccarroll/Repositories/create3_examples_ws/src/hw1_assignment/install/hw1_assignment/lib/python3.10/site-packages/hw1_assignment
[1.538s] copying /home/haydenccarroll/Repositories/create3_examples_ws/src/hw1_assignment/build/hw1_assignment/build/lib/hw1_assignment/noise.py -> /home/haydenccarroll/Repositories/create3_examples_ws/src/hw1_assignment/install/hw1_assignment/lib/python3.10/site-packages/hw1_assignment
[1.539s] copying /home/haydenccarroll/Repositories/create3_examples_ws/src/hw1_assignment/build/hw1_assignment/build/lib/hw1_assignment/forward.py -> /home/haydenccarroll/Repositories/create3_examples_ws/src/hw1_assignment/install/hw1_assignment/lib/python3.10/site-packages/hw1_assignment
[1.539s] copying /home/haydenccarroll/Repositories/create3_examples_ws/src/hw1_assignment/build/hw1_assignment/build/lib/hw1_assignment/undock.py -> /home/haydenccarroll/Repositories/create3_examples_ws/src/hw1_assignment/install/hw1_assignment/lib/python3.10/site-packages/hw1_assignment
[1.540s] byte-compiling /home/haydenccarroll/Repositories/create3_examples_ws/src/hw1_assignment/install/hw1_assignment/lib/python3.10/site-packages/hw1_assignment/action_handler.py to action_handler.cpython-310.pyc
[1.541s] byte-compiling /home/haydenccarroll/Repositories/create3_examples_ws/src/hw1_assignment/install/hw1_assignment/lib/python3.10/site-packages/hw1_assignment/__init__.py to __init__.cpython-310.pyc
[1.542s] byte-compiling /home/haydenccarroll/Repositories/create3_examples_ws/src/hw1_assignment/install/hw1_assignment/lib/python3.10/site-packages/hw1_assignment/dock.py to dock.cpython-310.pyc
[1.542s] byte-compiling /home/haydenccarroll/Repositories/create3_examples_ws/src/hw1_assignment/install/hw1_assignment/lib/python3.10/site-packages/hw1_assignment/turn.py to turn.cpython-310.pyc
[1.543s] byte-compiling /home/haydenccarroll/Repositories/create3_examples_ws/src/hw1_assignment/install/hw1_assignment/lib/python3.10/site-packages/hw1_assignment/noise.py to noise.cpython-310.pyc
[1.544s] byte-compiling /home/haydenccarroll/Repositories/create3_examples_ws/src/hw1_assignment/install/hw1_assignment/lib/python3.10/site-packages/hw1_assignment/forward.py to forward.cpython-310.pyc
[1.544s] byte-compiling /home/haydenccarroll/Repositories/create3_examples_ws/src/hw1_assignment/install/hw1_assignment/lib/python3.10/site-packages/hw1_assignment/undock.py to undock.cpython-310.pyc
[1.548s] running install_data
[1.548s] running install_egg_info
[1.550s] removing '/home/haydenccarroll/Repositories/create3_examples_ws/src/hw1_assignment/install/hw1_assignment/lib/python3.10/site-packages/hw1_assignment-0.0.0-py3.10.egg-info' (and everything under it)
[1.551s] Copying build/hw1_assignment/hw1_assignment.egg-info to /home/haydenccarroll/Repositories/create3_examples_ws/src/hw1_assignment/install/hw1_assignment/lib/python3.10/site-packages/hw1_assignment-0.0.0-py3.10.egg-info
[1.553s] running install_scripts
[1.588s] Installing test script to /home/haydenccarroll/Repositories/create3_examples_ws/src/hw1_assignment/install/hw1_assignment/lib/hw1_assignment
[1.588s] writing list of installed files to '/home/haydenccarroll/Repositories/create3_examples_ws/src/hw1_assignment/build/hw1_assignment/install.log'
[1.642s] Invoked command in '/home/haydenccarroll/Repositories/create3_examples_ws/src/hw1_assignment' returned '0': PYTHONPATH=/home/haydenccarroll/Repositories/create3_examples_ws/src/hw1_assignment/install/hw1_assignment/lib/python3.10/site-packages:${PYTHONPATH} /usr/bin/python3 setup.py egg_info --egg-base build/hw1_assignment build --build-base /home/haydenccarroll/Repositories/create3_examples_ws/src/hw1_assignment/build/hw1_assignment/build install --prefix /home/haydenccarroll/Repositories/create3_examples_ws/src/hw1_assignment/install/hw1_assignment --record /home/haydenccarroll/Repositories/create3_examples_ws/src/hw1_assignment/build/hw1_assignment/install.log --single-version-externally-managed
