[1.001s] DEBUG:colcon:Command line arguments: ['/home/haydenccarroll/.local/bin/colcon', 'build']
[1.001s] DEBUG:colcon:Parsed command line arguments: Namespace(log_base=None, log_level=None, verb_name='build', build_base='build', install_base='install', merge_install=False, symlink_install=False, test_result_base=None, continue_on_error=False, executor='parallel', parallel_workers=4, event_handlers=None, ignore_user_meta=False, metas=['./colcon.meta'], base_paths=['.'], packages_ignore=None, packages_ignore_regex=None, paths=None, packages_up_to=None, packages_up_to_regex=None, packages_above=None, packages_above_and_dependencies=None, packages_above_depth=None, packages_select_by_dep=None, packages_skip_by_dep=None, packages_skip_up_to=None, packages_select_build_failed=False, packages_skip_build_finished=False, packages_select_test_failures=False, packages_skip_test_passed=False, packages_select=None, packages_skip=None, packages_select_regex=None, packages_skip_regex=None, packages_start=None, packages_end=None, cmake_args=None, cmake_target=None, cmake_target_skip_unavailable=False, cmake_clean_cache=False, cmake_clean_first=False, cmake_force_configure=False, ament_cmake_args=None, catkin_cmake_args=None, catkin_skip_building_tests=False, verb_parser=<colcon_defaults.argument_parser.defaults.DefaultArgumentsDecorator object at 0x7fc51a7070d0>, verb_extension=<colcon_core.verb.build.BuildVerb object at 0x7fc51b050550>, main=<bound method BuildVerb.main of <colcon_core.verb.build.BuildVerb object at 0x7fc51b050550>>)
[1.045s] Level 1:colcon.colcon_core.package_discovery:discover_packages(colcon_meta) check parameters
[1.045s] Level 1:colcon.colcon_core.package_discovery:discover_packages(recursive) check parameters
[1.045s] Level 1:colcon.colcon_core.package_discovery:discover_packages(ignore) check parameters
[1.045s] Level 1:colcon.colcon_core.package_discovery:discover_packages(path) check parameters
[1.045s] Level 1:colcon.colcon_core.package_discovery:discover_packages(colcon_meta) discover
[1.045s] Level 1:colcon.colcon_core.package_discovery:discover_packages(recursive) discover
[1.045s] INFO:colcon.colcon_core.package_discovery:Crawling recursively for packages in '/home/haydenccarroll/Repositories/cs-453'
[1.045s] Level 1:colcon.colcon_core.package_identification:_identify(.) by extensions ['ignore', 'ignore_ament_install']
[1.045s] Level 1:colcon.colcon_core.package_identification:_identify(.) by extension 'ignore'
[1.045s] Level 1:colcon.colcon_core.package_identification:_identify(.) by extension 'ignore_ament_install'
[1.046s] Level 1:colcon.colcon_core.package_identification:_identify(.) by extensions ['colcon_pkg']
[1.046s] Level 1:colcon.colcon_core.package_identification:_identify(.) by extension 'colcon_pkg'
[1.046s] Level 1:colcon.colcon_core.package_identification:_identify(.) by extensions ['colcon_meta']
[1.046s] Level 1:colcon.colcon_core.package_identification:_identify(.) by extension 'colcon_meta'
[1.046s] Level 1:colcon.colcon_core.package_identification:_identify(.) by extensions ['ros']
[1.046s] Level 1:colcon.colcon_core.package_identification:_identify(.) by extension 'ros'
[1.061s] Level 1:colcon.colcon_core.package_identification:_identify(.) by extensions ['cmake', 'python']
[1.061s] Level 1:colcon.colcon_core.package_identification:_identify(.) by extension 'cmake'
[1.061s] Level 1:colcon.colcon_core.package_identification:_identify(.) by extension 'python'
[1.062s] Level 1:colcon.colcon_core.package_identification:_identify(.) by extensions ['python_setup_py']
[1.062s] Level 1:colcon.colcon_core.package_identification:_identify(.) by extension 'python_setup_py'
[1.062s] Level 1:colcon.colcon_core.package_identification:_identify(build) by extensions ['ignore', 'ignore_ament_install']
[1.062s] Level 1:colcon.colcon_core.package_identification:_identify(build) by extension 'ignore'
[1.062s] Level 1:colcon.colcon_core.package_identification:_identify(build) ignored
[1.062s] Level 1:colcon.colcon_core.package_identification:_identify(hw1_assignment) by extensions ['ignore', 'ignore_ament_install']
[1.062s] Level 1:colcon.colcon_core.package_identification:_identify(hw1_assignment) by extension 'ignore'
[1.063s] Level 1:colcon.colcon_core.package_identification:_identify(hw1_assignment) by extension 'ignore_ament_install'
[1.063s] Level 1:colcon.colcon_core.package_identification:_identify(hw1_assignment) by extensions ['colcon_pkg']
[1.063s] Level 1:colcon.colcon_core.package_identification:_identify(hw1_assignment) by extension 'colcon_pkg'
[1.063s] Level 1:colcon.colcon_core.package_identification:_identify(hw1_assignment) by extensions ['colcon_meta']
[1.063s] Level 1:colcon.colcon_core.package_identification:_identify(hw1_assignment) by extension 'colcon_meta'
[1.063s] Level 1:colcon.colcon_core.package_identification:_identify(hw1_assignment) by extensions ['ros']
[1.063s] Level 1:colcon.colcon_core.package_identification:_identify(hw1_assignment) by extension 'ros'
[1.067s] DEBUG:colcon.colcon_core.package_identification:Package 'hw1_assignment' with type 'ros.ament_python' and name 'hw1_assignment'
[1.067s] Level 1:colcon.colcon_core.package_identification:_identify(hw2_assignment) by extensions ['ignore', 'ignore_ament_install']
[1.067s] Level 1:colcon.colcon_core.package_identification:_identify(hw2_assignment) by extension 'ignore'
[1.067s] Level 1:colcon.colcon_core.package_identification:_identify(hw2_assignment) by extension 'ignore_ament_install'
[1.067s] Level 1:colcon.colcon_core.package_identification:_identify(hw2_assignment) by extensions ['colcon_pkg']
[1.067s] Level 1:colcon.colcon_core.package_identification:_identify(hw2_assignment) by extension 'colcon_pkg'
[1.068s] Level 1:colcon.colcon_core.package_identification:_identify(hw2_assignment) by extensions ['colcon_meta']
[1.068s] Level 1:colcon.colcon_core.package_identification:_identify(hw2_assignment) by extension 'colcon_meta'
[1.068s] Level 1:colcon.colcon_core.package_identification:_identify(hw2_assignment) by extensions ['ros']
[1.068s] Level 1:colcon.colcon_core.package_identification:_identify(hw2_assignment) by extension 'ros'
[1.068s] DEBUG:colcon.colcon_core.package_identification:Package 'hw2_assignment' with type 'ros.ament_python' and name 'hw2_assignment'
[1.069s] Level 1:colcon.colcon_core.package_identification:_identify(install) by extensions ['ignore', 'ignore_ament_install']
[1.069s] Level 1:colcon.colcon_core.package_identification:_identify(install) by extension 'ignore'
[1.069s] Level 1:colcon.colcon_core.package_identification:_identify(install) ignored
[1.069s] Level 1:colcon.colcon_core.package_identification:_identify(log) by extensions ['ignore', 'ignore_ament_install']
[1.069s] Level 1:colcon.colcon_core.package_identification:_identify(log) by extension 'ignore'
[1.069s] Level 1:colcon.colcon_core.package_identification:_identify(log) ignored
[1.069s] Level 1:colcon.colcon_core.package_discovery:discover_packages(recursive) using defaults
[1.069s] Level 1:colcon.colcon_core.package_discovery:discover_packages(ignore) discover
[1.070s] Level 1:colcon.colcon_core.package_discovery:discover_packages(ignore) using defaults
[1.070s] Level 1:colcon.colcon_core.package_discovery:discover_packages(path) discover
[1.070s] Level 1:colcon.colcon_core.package_discovery:discover_packages(path) using defaults
[1.130s] Level 5:colcon.colcon_core.verb:set package 'hw1_assignment' build argument 'cmake_args' from command line to 'None'
[1.131s] Level 5:colcon.colcon_core.verb:set package 'hw1_assignment' build argument 'cmake_target' from command line to 'None'
[1.131s] Level 5:colcon.colcon_core.verb:set package 'hw1_assignment' build argument 'cmake_target_skip_unavailable' from command line to 'False'
[1.131s] Level 5:colcon.colcon_core.verb:set package 'hw1_assignment' build argument 'cmake_clean_cache' from command line to 'False'
[1.131s] Level 5:colcon.colcon_core.verb:set package 'hw1_assignment' build argument 'cmake_clean_first' from command line to 'False'
[1.131s] Level 5:colcon.colcon_core.verb:set package 'hw1_assignment' build argument 'cmake_force_configure' from command line to 'False'
[1.131s] Level 5:colcon.colcon_core.verb:set package 'hw1_assignment' build argument 'ament_cmake_args' from command line to 'None'
[1.131s] Level 5:colcon.colcon_core.verb:set package 'hw1_assignment' build argument 'catkin_cmake_args' from command line to 'None'
[1.131s] Level 5:colcon.colcon_core.verb:set package 'hw1_assignment' build argument 'catkin_skip_building_tests' from command line to 'False'
[1.131s] DEBUG:colcon.colcon_core.verb:Building package 'hw1_assignment' with the following arguments: {'ament_cmake_args': None, 'build_base': '/home/haydenccarroll/Repositories/cs-453/build/hw1_assignment', 'catkin_cmake_args': None, 'catkin_skip_building_tests': False, 'cmake_args': None, 'cmake_clean_cache': False, 'cmake_clean_first': False, 'cmake_force_configure': False, 'cmake_target': None, 'cmake_target_skip_unavailable': False, 'install_base': '/home/haydenccarroll/Repositories/cs-453/install/hw1_assignment', 'merge_install': False, 'path': '/home/haydenccarroll/Repositories/cs-453/hw1_assignment', 'symlink_install': False, 'test_result_base': None}
[1.149s] Level 5:colcon.colcon_core.verb:set package 'hw2_assignment' build argument 'cmake_args' from command line to 'None'
[1.149s] Level 5:colcon.colcon_core.verb:set package 'hw2_assignment' build argument 'cmake_target' from command line to 'None'
[1.149s] Level 5:colcon.colcon_core.verb:set package 'hw2_assignment' build argument 'cmake_target_skip_unavailable' from command line to 'False'
[1.149s] Level 5:colcon.colcon_core.verb:set package 'hw2_assignment' build argument 'cmake_clean_cache' from command line to 'False'
[1.149s] Level 5:colcon.colcon_core.verb:set package 'hw2_assignment' build argument 'cmake_clean_first' from command line to 'False'
[1.149s] Level 5:colcon.colcon_core.verb:set package 'hw2_assignment' build argument 'cmake_force_configure' from command line to 'False'
[1.149s] Level 5:colcon.colcon_core.verb:set package 'hw2_assignment' build argument 'ament_cmake_args' from command line to 'None'
[1.150s] Level 5:colcon.colcon_core.verb:set package 'hw2_assignment' build argument 'catkin_cmake_args' from command line to 'None'
[1.150s] Level 5:colcon.colcon_core.verb:set package 'hw2_assignment' build argument 'catkin_skip_building_tests' from command line to 'False'
[1.150s] DEBUG:colcon.colcon_core.verb:Building package 'hw2_assignment' with the following arguments: {'ament_cmake_args': None, 'build_base': '/home/haydenccarroll/Repositories/cs-453/build/hw2_assignment', 'catkin_cmake_args': None, 'catkin_skip_building_tests': False, 'cmake_args': None, 'cmake_clean_cache': False, 'cmake_clean_first': False, 'cmake_force_configure': False, 'cmake_target': None, 'cmake_target_skip_unavailable': False, 'install_base': '/home/haydenccarroll/Repositories/cs-453/install/hw2_assignment', 'merge_install': False, 'path': '/home/haydenccarroll/Repositories/cs-453/hw2_assignment', 'symlink_install': False, 'test_result_base': None}
[1.155s] INFO:colcon.colcon_core.executor:Executing jobs using 'parallel' executor
[1.184s] DEBUG:colcon.colcon_parallel_executor.executor.parallel:run_until_complete
[1.185s] INFO:colcon.colcon_ros.task.ament_python.build:Building ROS package in '/home/haydenccarroll/Repositories/cs-453/hw1_assignment' with build type 'ament_python'
[1.186s] Level 1:colcon.colcon_core.shell:create_environment_hook('hw1_assignment', 'ament_prefix_path')
[1.205s] INFO:colcon.colcon_core.plugin_system:Skipping extension 'colcon_core.shell.bat': Not used on non-Windows systems
[1.206s] INFO:colcon.colcon_core.shell:Creating environment hook '/home/haydenccarroll/Repositories/cs-453/install/hw1_assignment/share/hw1_assignment/hook/ament_prefix_path.ps1'
[1.207s] INFO:colcon.colcon_core.shell:Creating environment descriptor '/home/haydenccarroll/Repositories/cs-453/install/hw1_assignment/share/hw1_assignment/hook/ament_prefix_path.dsv'
[1.208s] INFO:colcon.colcon_core.shell:Creating environment hook '/home/haydenccarroll/Repositories/cs-453/install/hw1_assignment/share/hw1_assignment/hook/ament_prefix_path.sh'
[1.220s] INFO:colcon.colcon_core.shell:Skip shell extension 'powershell' for command environment: Not usable outside of PowerShell
[1.221s] DEBUG:colcon.colcon_core.shell:Skip shell extension 'dsv' for command environment
[1.247s] INFO:colcon.colcon_ros.task.ament_python.build:Building ROS package in '/home/haydenccarroll/Repositories/cs-453/hw2_assignment' with build type 'ament_python'
[1.248s] Level 1:colcon.colcon_core.shell:create_environment_hook('hw2_assignment', 'ament_prefix_path')
[1.259s] INFO:colcon.colcon_core.shell:Creating environment hook '/home/haydenccarroll/Repositories/cs-453/install/hw2_assignment/share/hw2_assignment/hook/ament_prefix_path.ps1'
[1.260s] INFO:colcon.colcon_core.shell:Creating environment descriptor '/home/haydenccarroll/Repositories/cs-453/install/hw2_assignment/share/hw2_assignment/hook/ament_prefix_path.dsv'
[1.261s] INFO:colcon.colcon_core.shell:Creating environment hook '/home/haydenccarroll/Repositories/cs-453/install/hw2_assignment/share/hw2_assignment/hook/ament_prefix_path.sh'
[1.272s] INFO:colcon.colcon_core.shell:Skip shell extension 'powershell' for command environment: Not usable outside of PowerShell
[1.273s] DEBUG:colcon.colcon_core.shell:Skip shell extension 'dsv' for command environment
[1.989s] INFO:colcon.colcon_core.task.python.build:Building Python package in '/home/haydenccarroll/Repositories/cs-453/hw1_assignment'
[2.002s] INFO:colcon.colcon_core.shell:Skip shell extension 'powershell' for command environment: Not usable outside of PowerShell
[2.002s] DEBUG:colcon.colcon_core.shell:Skip shell extension 'dsv' for command environment
[2.595s] INFO:colcon.colcon_core.task.python.build:Building Python package in '/home/haydenccarroll/Repositories/cs-453/hw2_assignment'
[2.601s] INFO:colcon.colcon_core.shell:Skip shell extension 'powershell' for command environment: Not usable outside of PowerShell
[2.602s] DEBUG:colcon.colcon_core.shell:Skip shell extension 'dsv' for command environment
[3.471s] DEBUG:colcon.colcon_core.event_handler.log_command:Invoking command in '/home/haydenccarroll/Repositories/cs-453/hw1_assignment': PYTHONPATH=/home/haydenccarroll/Repositories/cs-453/install/hw1_assignment/lib/python3.10/site-packages:${PYTHONPATH} /usr/bin/python3 setup.py egg_info --egg-base ../build/hw1_assignment build --build-base /home/haydenccarroll/Repositories/cs-453/build/hw1_assignment/build install --prefix /home/haydenccarroll/Repositories/cs-453/install/hw1_assignment --record /home/haydenccarroll/Repositories/cs-453/build/hw1_assignment/install.log --single-version-externally-managed
[3.494s] DEBUG:colcon.colcon_core.event_handler.log_command:Invoking command in '/home/haydenccarroll/Repositories/cs-453/hw2_assignment': PYTHONPATH=/home/haydenccarroll/Repositories/cs-453/install/hw2_assignment/lib/python3.10/site-packages:${PYTHONPATH} /usr/bin/python3 setup.py egg_info --egg-base ../build/hw2_assignment build --build-base /home/haydenccarroll/Repositories/cs-453/build/hw2_assignment/build install --prefix /home/haydenccarroll/Repositories/cs-453/install/hw2_assignment --record /home/haydenccarroll/Repositories/cs-453/build/hw2_assignment/install.log --single-version-externally-managed
[4.118s] DEBUG:colcon.colcon_core.event_handler.log_command:Invoked command in '/home/haydenccarroll/Repositories/cs-453/hw1_assignment' returned '0': PYTHONPATH=/home/haydenccarroll/Repositories/cs-453/install/hw1_assignment/lib/python3.10/site-packages:${PYTHONPATH} /usr/bin/python3 setup.py egg_info --egg-base ../build/hw1_assignment build --build-base /home/haydenccarroll/Repositories/cs-453/build/hw1_assignment/build install --prefix /home/haydenccarroll/Repositories/cs-453/install/hw1_assignment --record /home/haydenccarroll/Repositories/cs-453/build/hw1_assignment/install.log --single-version-externally-managed
[4.139s] Level 1:colcon.colcon_core.environment:checking '/home/haydenccarroll/Repositories/cs-453/install/hw1_assignment' for CMake module files
[4.139s] Level 1:colcon.colcon_core.environment:checking '/home/haydenccarroll/Repositories/cs-453/install/hw1_assignment' for CMake config files
[4.141s] Level 1:colcon.colcon_core.environment:checking '/home/haydenccarroll/Repositories/cs-453/install/hw1_assignment/lib'
[4.141s] Level 1:colcon.colcon_core.environment:checking '/home/haydenccarroll/Repositories/cs-453/install/hw1_assignment/bin'
[4.141s] Level 1:colcon.colcon_core.environment:checking '/home/haydenccarroll/Repositories/cs-453/install/hw1_assignment/lib/pkgconfig/hw1_assignment.pc'
[4.142s] Level 1:colcon.colcon_core.environment:checking '/home/haydenccarroll/Repositories/cs-453/install/hw1_assignment/lib/python3.10/site-packages'
[4.142s] Level 1:colcon.colcon_core.shell:create_environment_hook('hw1_assignment', 'pythonpath')
[4.151s] INFO:colcon.colcon_core.shell:Creating environment hook '/home/haydenccarroll/Repositories/cs-453/install/hw1_assignment/share/hw1_assignment/hook/pythonpath.ps1'
[4.152s] INFO:colcon.colcon_core.shell:Creating environment descriptor '/home/haydenccarroll/Repositories/cs-453/install/hw1_assignment/share/hw1_assignment/hook/pythonpath.dsv'
[4.153s] INFO:colcon.colcon_core.shell:Creating environment hook '/home/haydenccarroll/Repositories/cs-453/install/hw1_assignment/share/hw1_assignment/hook/pythonpath.sh'
[4.154s] Level 1:colcon.colcon_core.environment:checking '/home/haydenccarroll/Repositories/cs-453/install/hw1_assignment/bin'
[4.154s] Level 1:colcon.colcon_core.environment:create_environment_scripts_only(hw1_assignment)
[4.163s] INFO:colcon.colcon_core.shell:Creating package script '/home/haydenccarroll/Repositories/cs-453/install/hw1_assignment/share/hw1_assignment/package.ps1'
[4.166s] INFO:colcon.colcon_core.shell:Creating package descriptor '/home/haydenccarroll/Repositories/cs-453/install/hw1_assignment/share/hw1_assignment/package.dsv'
[4.168s] INFO:colcon.colcon_core.shell:Creating package script '/home/haydenccarroll/Repositories/cs-453/install/hw1_assignment/share/hw1_assignment/package.sh'
[4.170s] INFO:colcon.colcon_core.shell:Creating package script '/home/haydenccarroll/Repositories/cs-453/install/hw1_assignment/share/hw1_assignment/package.bash'
[4.171s] INFO:colcon.colcon_core.shell:Creating package script '/home/haydenccarroll/Repositories/cs-453/install/hw1_assignment/share/hw1_assignment/package.zsh'
[4.173s] Level 1:colcon.colcon_core.environment:create_file_with_runtime_dependencies(/home/haydenccarroll/Repositories/cs-453/install/hw1_assignment/share/colcon-core/packages/hw1_assignment)
[4.184s] Level 1:colcon.colcon_core.environment:checking '/home/haydenccarroll/Repositories/cs-453/install/hw2_assignment' for CMake module files
[4.185s] DEBUG:colcon.colcon_core.event_handler.log_command:Invoked command in '/home/haydenccarroll/Repositories/cs-453/hw2_assignment' returned '0': PYTHONPATH=/home/haydenccarroll/Repositories/cs-453/install/hw2_assignment/lib/python3.10/site-packages:${PYTHONPATH} /usr/bin/python3 setup.py egg_info --egg-base ../build/hw2_assignment build --build-base /home/haydenccarroll/Repositories/cs-453/build/hw2_assignment/build install --prefix /home/haydenccarroll/Repositories/cs-453/install/hw2_assignment --record /home/haydenccarroll/Repositories/cs-453/build/hw2_assignment/install.log --single-version-externally-managed
[4.185s] Level 1:colcon.colcon_core.environment:checking '/home/haydenccarroll/Repositories/cs-453/install/hw2_assignment' for CMake config files
[4.186s] Level 1:colcon.colcon_core.environment:checking '/home/haydenccarroll/Repositories/cs-453/install/hw2_assignment/lib'
[4.186s] Level 1:colcon.colcon_core.environment:checking '/home/haydenccarroll/Repositories/cs-453/install/hw2_assignment/bin'
[4.186s] Level 1:colcon.colcon_core.environment:checking '/home/haydenccarroll/Repositories/cs-453/install/hw2_assignment/lib/pkgconfig/hw2_assignment.pc'
[4.186s] Level 1:colcon.colcon_core.environment:checking '/home/haydenccarroll/Repositories/cs-453/install/hw2_assignment/lib/python3.10/site-packages'
[4.186s] Level 1:colcon.colcon_core.shell:create_environment_hook('hw2_assignment', 'pythonpath')
[4.193s] INFO:colcon.colcon_core.shell:Creating environment hook '/home/haydenccarroll/Repositories/cs-453/install/hw2_assignment/share/hw2_assignment/hook/pythonpath.ps1'
[4.194s] INFO:colcon.colcon_core.shell:Creating environment descriptor '/home/haydenccarroll/Repositories/cs-453/install/hw2_assignment/share/hw2_assignment/hook/pythonpath.dsv'
[4.194s] INFO:colcon.colcon_core.shell:Creating environment hook '/home/haydenccarroll/Repositories/cs-453/install/hw2_assignment/share/hw2_assignment/hook/pythonpath.sh'
[4.195s] Level 1:colcon.colcon_core.environment:checking '/home/haydenccarroll/Repositories/cs-453/install/hw2_assignment/bin'
[4.195s] Level 1:colcon.colcon_core.environment:create_environment_scripts_only(hw2_assignment)
[4.201s] INFO:colcon.colcon_core.shell:Creating package script '/home/haydenccarroll/Repositories/cs-453/install/hw2_assignment/share/hw2_assignment/package.ps1'
[4.202s] INFO:colcon.colcon_core.shell:Creating package descriptor '/home/haydenccarroll/Repositories/cs-453/install/hw2_assignment/share/hw2_assignment/package.dsv'
[4.202s] INFO:colcon.colcon_core.shell:Creating package script '/home/haydenccarroll/Repositories/cs-453/install/hw2_assignment/share/hw2_assignment/package.sh'
[4.203s] INFO:colcon.colcon_core.shell:Creating package script '/home/haydenccarroll/Repositories/cs-453/install/hw2_assignment/share/hw2_assignment/package.bash'
[4.204s] INFO:colcon.colcon_core.shell:Creating package script '/home/haydenccarroll/Repositories/cs-453/install/hw2_assignment/share/hw2_assignment/package.zsh'
[4.204s] Level 1:colcon.colcon_core.environment:create_file_with_runtime_dependencies(/home/haydenccarroll/Repositories/cs-453/install/hw2_assignment/share/colcon-core/packages/hw2_assignment)
[4.205s] DEBUG:colcon.colcon_parallel_executor.executor.parallel:closing loop
[4.205s] DEBUG:colcon.colcon_parallel_executor.executor.parallel:loop closed
[4.205s] DEBUG:colcon.colcon_parallel_executor.executor.parallel:run_until_complete finished with '0'
[4.206s] DEBUG:colcon.colcon_core.event_reactor:joining thread
[4.223s] INFO:colcon.colcon_core.plugin_system:Skipping extension 'colcon_notification.desktop_notification.terminal_notifier': Not used on non-Darwin systems
[4.223s] INFO:colcon.colcon_core.plugin_system:Skipping extension 'colcon_notification.desktop_notification.win32': Not used on non-Windows systems
[4.223s] INFO:colcon.colcon_notification.desktop_notification:Sending desktop notification using 'notify2'
[4.245s] DEBUG:colcon.colcon_core.event_reactor:joined thread
[4.255s] INFO:colcon.colcon_core.shell:Creating prefix script '/home/haydenccarroll/Repositories/cs-453/install/local_setup.ps1'
[4.258s] INFO:colcon.colcon_core.shell:Creating prefix util module '/home/haydenccarroll/Repositories/cs-453/install/_local_setup_util_ps1.py'
[4.260s] INFO:colcon.colcon_core.shell:Creating prefix chain script '/home/haydenccarroll/Repositories/cs-453/install/setup.ps1'
[4.269s] INFO:colcon.colcon_core.shell:Creating prefix script '/home/haydenccarroll/Repositories/cs-453/install/local_setup.sh'
[4.271s] INFO:colcon.colcon_core.shell:Creating prefix util module '/home/haydenccarroll/Repositories/cs-453/install/_local_setup_util_sh.py'
[4.272s] INFO:colcon.colcon_core.shell:Creating prefix chain script '/home/haydenccarroll/Repositories/cs-453/install/setup.sh'
[4.282s] INFO:colcon.colcon_core.shell:Creating prefix script '/home/haydenccarroll/Repositories/cs-453/install/local_setup.bash'
[4.283s] INFO:colcon.colcon_core.shell:Creating prefix chain script '/home/haydenccarroll/Repositories/cs-453/install/setup.bash'
[4.294s] INFO:colcon.colcon_core.shell:Creating prefix script '/home/haydenccarroll/Repositories/cs-453/install/local_setup.zsh'
[4.295s] INFO:colcon.colcon_core.shell:Creating prefix chain script '/home/haydenccarroll/Repositories/cs-453/install/setup.zsh'
