[1.752s] Invoking command in '/home/haydenccarroll/Repositories/cs-453/hw2_assignment': PYTHONPATH=/home/haydenccarroll/Repositories/cs-453/install/hw2_assignment/lib/python3.10/site-packages:${PYTHONPATH} /usr/bin/python3 setup.py egg_info --egg-base ../build/hw2_assignment build --build-base /home/haydenccarroll/Repositories/cs-453/build/hw2_assignment/build install --prefix /home/haydenccarroll/Repositories/cs-453/install/hw2_assignment --record /home/haydenccarroll/Repositories/cs-453/build/hw2_assignment/install.log --single-version-externally-managed
[2.382s] running egg_info
[2.383s] writing ../build/hw2_assignment/hw2_assignment.egg-info/PKG-INFO
[2.384s] writing dependency_links to ../build/hw2_assignment/hw2_assignment.egg-info/dependency_links.txt
[2.384s] writing entry points to ../build/hw2_assignment/hw2_assignment.egg-info/entry_points.txt
[2.384s] writing requirements to ../build/hw2_assignment/hw2_assignment.egg-info/requires.txt
[2.385s] writing top-level names to ../build/hw2_assignment/hw2_assignment.egg-info/top_level.txt
[2.387s] reading manifest file '../build/hw2_assignment/hw2_assignment.egg-info/SOURCES.txt'
[2.392s] writing manifest file '../build/hw2_assignment/hw2_assignment.egg-info/SOURCES.txt'
[2.392s] running build
[2.392s] running build_py
[2.394s] /usr/lib/python3/dist-packages/setuptools/command/install.py:34: SetuptoolsDeprecationWarning: setup.py install is deprecated. Use build and pip and other standards-based tools.
[2.394s]   warnings.warn(
[2.394s] running install
[2.400s] running install_lib
[2.403s] running install_data
[2.405s] running install_egg_info
[2.409s] removing '/home/haydenccarroll/Repositories/cs-453/install/hw2_assignment/lib/python3.10/site-packages/hw2_assignment-0.0.0-py3.10.egg-info' (and everything under it)
[2.410s] Copying ../build/hw2_assignment/hw2_assignment.egg-info to /home/haydenccarroll/Repositories/cs-453/install/hw2_assignment/lib/python3.10/site-packages/hw2_assignment-0.0.0-py3.10.egg-info
[2.412s] running install_scripts
[2.455s] Installing test script to /home/haydenccarroll/Repositories/cs-453/install/hw2_assignment/lib/hw2_assignment
[2.456s] writing list of installed files to '/home/haydenccarroll/Repositories/cs-453/build/hw2_assignment/install.log'
[2.555s] Invoked command in '/home/haydenccarroll/Repositories/cs-453/hw2_assignment' returned '0': PYTHONPATH=/home/haydenccarroll/Repositories/cs-453/install/hw2_assignment/lib/python3.10/site-packages:${PYTHONPATH} /usr/bin/python3 setup.py egg_info --egg-base ../build/hw2_assignment build --build-base /home/haydenccarroll/Repositories/cs-453/build/hw2_assignment/build install --prefix /home/haydenccarroll/Repositories/cs-453/install/hw2_assignment --record /home/haydenccarroll/Repositories/cs-453/build/hw2_assignment/install.log --single-version-externally-managed
