[1.073s] Invoking command in '/home/haydenccarroll/Repositories/create3_examples_ws/src/hw2_assignment': PYTHONPATH=/home/haydenccarroll/Repositories/create3_examples_ws/src/hw2_assignment/install/hw2_assignment/lib/python3.10/site-packages:${PYTHONPATH} /usr/bin/python3 setup.py egg_info --egg-base build/hw2_assignment build --build-base /home/haydenccarroll/Repositories/create3_examples_ws/src/hw2_assignment/build/hw2_assignment/build install --prefix /home/haydenccarroll/Repositories/create3_examples_ws/src/hw2_assignment/install/hw2_assignment --record /home/haydenccarroll/Repositories/create3_examples_ws/src/hw2_assignment/build/hw2_assignment/install.log --single-version-externally-managed
[1.439s] running egg_info
[1.440s] creating build/hw2_assignment/hw2_assignment.egg-info
[1.440s] writing build/hw2_assignment/hw2_assignment.egg-info/PKG-INFO
[1.440s] writing dependency_links to build/hw2_assignment/hw2_assignment.egg-info/dependency_links.txt
[1.441s] writing entry points to build/hw2_assignment/hw2_assignment.egg-info/entry_points.txt
[1.441s] writing requirements to build/hw2_assignment/hw2_assignment.egg-info/requires.txt
[1.441s] writing top-level names to build/hw2_assignment/hw2_assignment.egg-info/top_level.txt
[1.441s] writing manifest file 'build/hw2_assignment/hw2_assignment.egg-info/SOURCES.txt'
[1.444s] reading manifest file 'build/hw2_assignment/hw2_assignment.egg-info/SOURCES.txt'
[1.446s] writing manifest file 'build/hw2_assignment/hw2_assignment.egg-info/SOURCES.txt'
[1.447s] running build
[1.447s] running build_py
[1.447s] creating /home/haydenccarroll/Repositories/create3_examples_ws/src/hw2_assignment/build/hw2_assignment/build
[1.447s] creating /home/haydenccarroll/Repositories/create3_examples_ws/src/hw2_assignment/build/hw2_assignment/build/lib
[1.448s] creating /home/haydenccarroll/Repositories/create3_examples_ws/src/hw2_assignment/build/hw2_assignment/build/lib/hw2_assignment
[1.448s] copying hw2_assignment/main.py -> /home/haydenccarroll/Repositories/create3_examples_ws/src/hw2_assignment/build/hw2_assignment/build/lib/hw2_assignment
[1.449s] copying hw2_assignment/__init__.py -> /home/haydenccarroll/Repositories/create3_examples_ws/src/hw2_assignment/build/hw2_assignment/build/lib/hw2_assignment
[1.449s] copying hw2_assignment/rotator.py -> /home/haydenccarroll/Repositories/create3_examples_ws/src/hw2_assignment/build/hw2_assignment/build/lib/hw2_assignment
[1.449s] copying hw2_assignment/docker.py -> /home/haydenccarroll/Repositories/create3_examples_ws/src/hw2_assignment/build/hw2_assignment/build/lib/hw2_assignment
[1.449s] copying hw2_assignment/audio_manager.py -> /home/haydenccarroll/Repositories/create3_examples_ws/src/hw2_assignment/build/hw2_assignment/build/lib/hw2_assignment
[1.449s] copying hw2_assignment/driver.py -> /home/haydenccarroll/Repositories/create3_examples_ws/src/hw2_assignment/build/hw2_assignment/build/lib/hw2_assignment
[1.449s] copying hw2_assignment/navigator.py -> /home/haydenccarroll/Repositories/create3_examples_ws/src/hw2_assignment/build/hw2_assignment/build/lib/hw2_assignment
[1.449s] running install
[1.450s] /usr/lib/python3/dist-packages/setuptools/command/install.py:34: SetuptoolsDeprecationWarning: setup.py install is deprecated. Use build and pip and other standards-based tools.
[1.450s]   warnings.warn(
[1.450s] running install_lib
[1.452s] creating /home/haydenccarroll/Repositories/create3_examples_ws/src/hw2_assignment/install/hw2_assignment/lib/python3.10/site-packages/hw2_assignment
[1.452s] copying /home/haydenccarroll/Repositories/create3_examples_ws/src/hw2_assignment/build/hw2_assignment/build/lib/hw2_assignment/main.py -> /home/haydenccarroll/Repositories/create3_examples_ws/src/hw2_assignment/install/hw2_assignment/lib/python3.10/site-packages/hw2_assignment
[1.452s] copying /home/haydenccarroll/Repositories/create3_examples_ws/src/hw2_assignment/build/hw2_assignment/build/lib/hw2_assignment/__init__.py -> /home/haydenccarroll/Repositories/create3_examples_ws/src/hw2_assignment/install/hw2_assignment/lib/python3.10/site-packages/hw2_assignment
[1.452s] copying /home/haydenccarroll/Repositories/create3_examples_ws/src/hw2_assignment/build/hw2_assignment/build/lib/hw2_assignment/rotator.py -> /home/haydenccarroll/Repositories/create3_examples_ws/src/hw2_assignment/install/hw2_assignment/lib/python3.10/site-packages/hw2_assignment
[1.452s] copying /home/haydenccarroll/Repositories/create3_examples_ws/src/hw2_assignment/build/hw2_assignment/build/lib/hw2_assignment/docker.py -> /home/haydenccarroll/Repositories/create3_examples_ws/src/hw2_assignment/install/hw2_assignment/lib/python3.10/site-packages/hw2_assignment
[1.453s] copying /home/haydenccarroll/Repositories/create3_examples_ws/src/hw2_assignment/build/hw2_assignment/build/lib/hw2_assignment/audio_manager.py -> /home/haydenccarroll/Repositories/create3_examples_ws/src/hw2_assignment/install/hw2_assignment/lib/python3.10/site-packages/hw2_assignment
[1.453s] copying /home/haydenccarroll/Repositories/create3_examples_ws/src/hw2_assignment/build/hw2_assignment/build/lib/hw2_assignment/driver.py -> /home/haydenccarroll/Repositories/create3_examples_ws/src/hw2_assignment/install/hw2_assignment/lib/python3.10/site-packages/hw2_assignment
[1.453s] copying /home/haydenccarroll/Repositories/create3_examples_ws/src/hw2_assignment/build/hw2_assignment/build/lib/hw2_assignment/navigator.py -> /home/haydenccarroll/Repositories/create3_examples_ws/src/hw2_assignment/install/hw2_assignment/lib/python3.10/site-packages/hw2_assignment
[1.454s] byte-compiling /home/haydenccarroll/Repositories/create3_examples_ws/src/hw2_assignment/install/hw2_assignment/lib/python3.10/site-packages/hw2_assignment/main.py to main.cpython-310.pyc
[1.457s] byte-compiling /home/haydenccarroll/Repositories/create3_examples_ws/src/hw2_assignment/install/hw2_assignment/lib/python3.10/site-packages/hw2_assignment/__init__.py to __init__.cpython-310.pyc
[1.457s] byte-compiling /home/haydenccarroll/Repositories/create3_examples_ws/src/hw2_assignment/install/hw2_assignment/lib/python3.10/site-packages/hw2_assignment/rotator.py to rotator.cpython-310.pyc
[1.458s] byte-compiling /home/haydenccarroll/Repositories/create3_examples_ws/src/hw2_assignment/install/hw2_assignment/lib/python3.10/site-packages/hw2_assignment/docker.py to docker.cpython-310.pyc
[1.459s] byte-compiling /home/haydenccarroll/Repositories/create3_examples_ws/src/hw2_assignment/install/hw2_assignment/lib/python3.10/site-packages/hw2_assignment/audio_manager.py to audio_manager.cpython-310.pyc
[1.460s] byte-compiling /home/haydenccarroll/Repositories/create3_examples_ws/src/hw2_assignment/install/hw2_assignment/lib/python3.10/site-packages/hw2_assignment/driver.py to driver.cpython-310.pyc
[1.461s] byte-compiling /home/haydenccarroll/Repositories/create3_examples_ws/src/hw2_assignment/install/hw2_assignment/lib/python3.10/site-packages/hw2_assignment/navigator.py to navigator.cpython-310.pyc
[1.462s] running install_data
[1.463s] creating /home/haydenccarroll/Repositories/create3_examples_ws/src/hw2_assignment/install/hw2_assignment/share/ament_index
[1.463s] creating /home/haydenccarroll/Repositories/create3_examples_ws/src/hw2_assignment/install/hw2_assignment/share/ament_index/resource_index
[1.464s] creating /home/haydenccarroll/Repositories/create3_examples_ws/src/hw2_assignment/install/hw2_assignment/share/ament_index/resource_index/packages
[1.464s] copying resource/hw2_assignment -> /home/haydenccarroll/Repositories/create3_examples_ws/src/hw2_assignment/install/hw2_assignment/share/ament_index/resource_index/packages
[1.464s] copying package.xml -> /home/haydenccarroll/Repositories/create3_examples_ws/src/hw2_assignment/install/hw2_assignment/share/hw2_assignment
[1.464s] running install_egg_info
[1.466s] Copying build/hw2_assignment/hw2_assignment.egg-info to /home/haydenccarroll/Repositories/create3_examples_ws/src/hw2_assignment/install/hw2_assignment/lib/python3.10/site-packages/hw2_assignment-0.0.0-py3.10.egg-info
[1.468s] running install_scripts
[1.493s] Installing test script to /home/haydenccarroll/Repositories/create3_examples_ws/src/hw2_assignment/install/hw2_assignment/lib/hw2_assignment
[1.494s] writing list of installed files to '/home/haydenccarroll/Repositories/create3_examples_ws/src/hw2_assignment/build/hw2_assignment/install.log'
[1.541s] Invoked command in '/home/haydenccarroll/Repositories/create3_examples_ws/src/hw2_assignment' returned '0': PYTHONPATH=/home/haydenccarroll/Repositories/create3_examples_ws/src/hw2_assignment/install/hw2_assignment/lib/python3.10/site-packages:${PYTHONPATH} /usr/bin/python3 setup.py egg_info --egg-base build/hw2_assignment build --build-base /home/haydenccarroll/Repositories/create3_examples_ws/src/hw2_assignment/build/hw2_assignment/build install --prefix /home/haydenccarroll/Repositories/create3_examples_ws/src/hw2_assignment/install/hw2_assignment --record /home/haydenccarroll/Repositories/create3_examples_ws/src/hw2_assignment/build/hw2_assignment/install.log --single-version-externally-managed
