[0.916s] DEBUG:colcon:Command line arguments: ['/home/haydenccarroll/.local/bin/colcon', 'build']
[0.917s] DEBUG:colcon:Parsed command line arguments: Namespace(log_base=None, log_level=None, verb_name='build', build_base='build', install_base='install', merge_install=False, symlink_install=False, test_result_base=None, continue_on_error=False, executor='parallel', parallel_workers=4, event_handlers=None, ignore_user_meta=False, metas=['./colcon.meta'], base_paths=['.'], packages_ignore=None, packages_ignore_regex=None, paths=None, packages_up_to=None, packages_up_to_regex=None, packages_above=None, packages_above_and_dependencies=None, packages_above_depth=None, packages_select_by_dep=None, packages_skip_by_dep=None, packages_skip_up_to=None, packages_select_build_failed=False, packages_skip_build_finished=False, packages_select_test_failures=False, packages_skip_test_passed=False, packages_select=None, packages_skip=None, packages_select_regex=None, packages_skip_regex=None, packages_start=None, packages_end=None, cmake_args=None, cmake_target=None, cmake_target_skip_unavailable=False, cmake_clean_cache=False, cmake_clean_first=False, cmake_force_configure=False, ament_cmake_args=None, catkin_cmake_args=None, catkin_skip_building_tests=False, verb_parser=<colcon_defaults.argument_parser.defaults.DefaultArgumentsDecorator object at 0x7f70552ffd60>, verb_extension=<colcon_core.verb.build.BuildVerb object at 0x7f7055c86800>, main=<bound method BuildVerb.main of <colcon_core.verb.build.BuildVerb object at 0x7f7055c86800>>)
[1.027s] Level 1:colcon.colcon_core.package_discovery:discover_packages(colcon_meta) check parameters
[1.027s] Level 1:colcon.colcon_core.package_discovery:discover_packages(recursive) check parameters
[1.027s] Level 1:colcon.colcon_core.package_discovery:discover_packages(ignore) check parameters
[1.027s] Level 1:colcon.colcon_core.package_discovery:discover_packages(path) check parameters
[1.027s] Level 1:colcon.colcon_core.package_discovery:discover_packages(colcon_meta) discover
[1.027s] Level 1:colcon.colcon_core.package_discovery:discover_packages(recursive) discover
[1.027s] INFO:colcon.colcon_core.package_discovery:Crawling recursively for packages in '/home/haydenccarroll/Repositories/cs-453'
[1.028s] Level 1:colcon.colcon_core.package_identification:_identify(.) by extensions ['ignore', 'ignore_ament_install']
[1.028s] Level 1:colcon.colcon_core.package_identification:_identify(.) by extension 'ignore'
[1.028s] Level 1:colcon.colcon_core.package_identification:_identify(.) by extension 'ignore_ament_install'
[1.028s] Level 1:colcon.colcon_core.package_identification:_identify(.) by extensions ['colcon_pkg']
[1.028s] Level 1:colcon.colcon_core.package_identification:_identify(.) by extension 'colcon_pkg'
[1.028s] Level 1:colcon.colcon_core.package_identification:_identify(.) by extensions ['colcon_meta']
[1.028s] Level 1:colcon.colcon_core.package_identification:_identify(.) by extension 'colcon_meta'
[1.028s] Level 1:colcon.colcon_core.package_identification:_identify(.) by extensions ['ros']
[1.028s] Level 1:colcon.colcon_core.package_identification:_identify(.) by extension 'ros'
[1.056s] Level 1:colcon.colcon_core.package_identification:_identify(.) by extensions ['cmake', 'python']
[1.056s] Level 1:colcon.colcon_core.package_identification:_identify(.) by extension 'cmake'
[1.056s] Level 1:colcon.colcon_core.package_identification:_identify(.) by extension 'python'
[1.057s] Level 1:colcon.colcon_core.package_identification:_identify(.) by extensions ['python_setup_py']
[1.057s] Level 1:colcon.colcon_core.package_identification:_identify(.) by extension 'python_setup_py'
[1.057s] Level 1:colcon.colcon_core.package_identification:_identify(build) by extensions ['ignore', 'ignore_ament_install']
[1.057s] Level 1:colcon.colcon_core.package_identification:_identify(build) by extension 'ignore'
[1.057s] Level 1:colcon.colcon_core.package_identification:_identify(build) ignored
[1.057s] Level 1:colcon.colcon_core.package_identification:_identify(hw1_assignment) by extensions ['ignore', 'ignore_ament_install']
[1.057s] Level 1:colcon.colcon_core.package_identification:_identify(hw1_assignment) by extension 'ignore'
[1.058s] Level 1:colcon.colcon_core.package_identification:_identify(hw1_assignment) by extension 'ignore_ament_install'
[1.058s] Level 1:colcon.colcon_core.package_identification:_identify(hw1_assignment) by extensions ['colcon_pkg']
[1.058s] Level 1:colcon.colcon_core.package_identification:_identify(hw1_assignment) by extension 'colcon_pkg'
[1.058s] Level 1:colcon.colcon_core.package_identification:_identify(hw1_assignment) by extensions ['colcon_meta']
[1.058s] Level 1:colcon.colcon_core.package_identification:_identify(hw1_assignment) by extension 'colcon_meta'
[1.058s] Level 1:colcon.colcon_core.package_identification:_identify(hw1_assignment) by extensions ['ros']
[1.058s] Level 1:colcon.colcon_core.package_identification:_identify(hw1_assignment) by extension 'ros'
[1.063s] DEBUG:colcon.colcon_core.package_identification:Package 'hw1_assignment' with type 'ros.ament_python' and name 'hw1_assignment'
[1.063s] Level 1:colcon.colcon_core.package_identification:_identify(hw2_assignment) by extensions ['ignore', 'ignore_ament_install']
[1.064s] Level 1:colcon.colcon_core.package_identification:_identify(hw2_assignment) by extension 'ignore'
[1.064s] Level 1:colcon.colcon_core.package_identification:_identify(hw2_assignment) by extension 'ignore_ament_install'
[1.064s] Level 1:colcon.colcon_core.package_identification:_identify(hw2_assignment) by extensions ['colcon_pkg']
[1.064s] Level 1:colcon.colcon_core.package_identification:_identify(hw2_assignment) by extension 'colcon_pkg'
[1.064s] Level 1:colcon.colcon_core.package_identification:_identify(hw2_assignment) by extensions ['colcon_meta']
[1.064s] Level 1:colcon.colcon_core.package_identification:_identify(hw2_assignment) by extension 'colcon_meta'
[1.064s] Level 1:colcon.colcon_core.package_identification:_identify(hw2_assignment) by extensions ['ros']
[1.064s] Level 1:colcon.colcon_core.package_identification:_identify(hw2_assignment) by extension 'ros'
[1.065s] DEBUG:colcon.colcon_core.package_identification:Package 'hw2_assignment' with type 'ros.ament_python' and name 'hw2_assignment'
[1.065s] Level 1:colcon.colcon_core.package_identification:_identify(install) by extensions ['ignore', 'ignore_ament_install']
[1.065s] Level 1:colcon.colcon_core.package_identification:_identify(install) by extension 'ignore'
[1.065s] Level 1:colcon.colcon_core.package_identification:_identify(install) ignored
[1.066s] Level 1:colcon.colcon_core.package_identification:_identify(log) by extensions ['ignore', 'ignore_ament_install']
[1.066s] Level 1:colcon.colcon_core.package_identification:_identify(log) by extension 'ignore'
[1.066s] Level 1:colcon.colcon_core.package_identification:_identify(log) ignored
[1.066s] Level 1:colcon.colcon_core.package_discovery:discover_packages(recursive) using defaults
[1.066s] Level 1:colcon.colcon_core.package_discovery:discover_packages(ignore) discover
[1.066s] Level 1:colcon.colcon_core.package_discovery:discover_packages(ignore) using defaults
[1.066s] Level 1:colcon.colcon_core.package_discovery:discover_packages(path) discover
[1.066s] Level 1:colcon.colcon_core.package_discovery:discover_packages(path) using defaults
[1.132s] Level 5:colcon.colcon_core.verb:set package 'hw1_assignment' build argument 'cmake_args' from command line to 'None'
[1.132s] Level 5:colcon.colcon_core.verb:set package 'hw1_assignment' build argument 'cmake_target' from command line to 'None'
[1.132s] Level 5:colcon.colcon_core.verb:set package 'hw1_assignment' build argument 'cmake_target_skip_unavailable' from command line to 'False'
[1.132s] Level 5:colcon.colcon_core.verb:set package 'hw1_assignment' build argument 'cmake_clean_cache' from command line to 'False'
[1.132s] Level 5:colcon.colcon_core.verb:set package 'hw1_assignment' build argument 'cmake_clean_first' from command line to 'False'
[1.132s] Level 5:colcon.colcon_core.verb:set package 'hw1_assignment' build argument 'cmake_force_configure' from command line to 'False'
[1.132s] Level 5:colcon.colcon_core.verb:set package 'hw1_assignment' build argument 'ament_cmake_args' from command line to 'None'
[1.132s] Level 5:colcon.colcon_core.verb:set package 'hw1_assignment' build argument 'catkin_cmake_args' from command line to 'None'
[1.132s] Level 5:colcon.colcon_core.verb:set package 'hw1_assignment' build argument 'catkin_skip_building_tests' from command line to 'False'
[1.132s] DEBUG:colcon.colcon_core.verb:Building package 'hw1_assignment' with the following arguments: {'ament_cmake_args': None, 'build_base': '/home/haydenccarroll/Repositories/cs-453/build/hw1_assignment', 'catkin_cmake_args': None, 'catkin_skip_building_tests': False, 'cmake_args': None, 'cmake_clean_cache': False, 'cmake_clean_first': False, 'cmake_force_configure': False, 'cmake_target': None, 'cmake_target_skip_unavailable': False, 'install_base': '/home/haydenccarroll/Repositories/cs-453/install/hw1_assignment', 'merge_install': False, 'path': '/home/haydenccarroll/Repositories/cs-453/hw1_assignment', 'symlink_install': False, 'test_result_base': None}
[1.141s] Level 5:colcon.colcon_core.verb:set package 'hw2_assignment' build argument 'cmake_args' from command line to 'None'
[1.141s] Level 5:colcon.colcon_core.verb:set package 'hw2_assignment' build argument 'cmake_target' from command line to 'None'
[1.141s] Level 5:colcon.colcon_core.verb:set package 'hw2_assignment' build argument 'cmake_target_skip_unavailable' from command line to 'False'
[1.141s] Level 5:colcon.colcon_core.verb:set package 'hw2_assignment' build argument 'cmake_clean_cache' from command line to 'False'
[1.141s] Level 5:colcon.colcon_core.verb:set package 'hw2_assignment' build argument 'cmake_clean_first' from command line to 'False'
[1.141s] Level 5:colcon.colcon_core.verb:set package 'hw2_assignment' build argument 'cmake_force_configure' from command line to 'False'
[1.141s] Level 5:colcon.colcon_core.verb:set package 'hw2_assignment' build argument 'ament_cmake_args' from command line to 'None'
[1.141s] Level 5:colcon.colcon_core.verb:set package 'hw2_assignment' build argument 'catkin_cmake_args' from command line to 'None'
[1.141s] Level 5:colcon.colcon_core.verb:set package 'hw2_assignment' build argument 'catkin_skip_building_tests' from command line to 'False'
[1.141s] DEBUG:colcon.colcon_core.verb:Building package 'hw2_assignment' with the following arguments: {'ament_cmake_args': None, 'build_base': '/home/haydenccarroll/Repositories/cs-453/build/hw2_assignment', 'catkin_cmake_args': None, 'catkin_skip_building_tests': False, 'cmake_args': None, 'cmake_clean_cache': False, 'cmake_clean_first': False, 'cmake_force_configure': False, 'cmake_target': None, 'cmake_target_skip_unavailable': False, 'install_base': '/home/haydenccarroll/Repositories/cs-453/install/hw2_assignment', 'merge_install': False, 'path': '/home/haydenccarroll/Repositories/cs-453/hw2_assignment', 'symlink_install': False, 'test_result_base': None}
[1.143s] INFO:colcon.colcon_core.executor:Executing jobs using 'parallel' executor
[1.156s] DEBUG:colcon.colcon_parallel_executor.executor.parallel:run_until_complete
[1.156s] INFO:colcon.colcon_ros.task.ament_python.build:Building ROS package in '/home/haydenccarroll/Repositories/cs-453/hw1_assignment' with build type 'ament_python'
[1.156s] Level 1:colcon.colcon_core.shell:create_environment_hook('hw1_assignment', 'ament_prefix_path')
[1.177s] INFO:colcon.colcon_core.plugin_system:Skipping extension 'colcon_core.shell.bat': Not used on non-Windows systems
[1.178s] INFO:colcon.colcon_core.shell:Creating environment hook '/home/haydenccarroll/Repositories/cs-453/install/hw1_assignment/share/hw1_assignment/hook/ament_prefix_path.ps1'
[1.180s] INFO:colcon.colcon_core.shell:Creating environment descriptor '/home/haydenccarroll/Repositories/cs-453/install/hw1_assignment/share/hw1_assignment/hook/ament_prefix_path.dsv'
[1.181s] INFO:colcon.colcon_core.shell:Creating environment hook '/home/haydenccarroll/Repositories/cs-453/install/hw1_assignment/share/hw1_assignment/hook/ament_prefix_path.sh'
[1.194s] INFO:colcon.colcon_core.shell:Skip shell extension 'powershell' for command environment: Not usable outside of PowerShell
[1.194s] DEBUG:colcon.colcon_core.shell:Skip shell extension 'dsv' for command environment
[1.228s] INFO:colcon.colcon_ros.task.ament_python.build:Building ROS package in '/home/haydenccarroll/Repositories/cs-453/hw2_assignment' with build type 'ament_python'
[1.228s] Level 1:colcon.colcon_core.shell:create_environment_hook('hw2_assignment', 'ament_prefix_path')
[1.236s] INFO:colcon.colcon_core.shell:Creating environment hook '/home/haydenccarroll/Repositories/cs-453/install/hw2_assignment/share/hw2_assignment/hook/ament_prefix_path.ps1'
[1.237s] INFO:colcon.colcon_core.shell:Creating environment descriptor '/home/haydenccarroll/Repositories/cs-453/install/hw2_assignment/share/hw2_assignment/hook/ament_prefix_path.dsv'
[1.238s] INFO:colcon.colcon_core.shell:Creating environment hook '/home/haydenccarroll/Repositories/cs-453/install/hw2_assignment/share/hw2_assignment/hook/ament_prefix_path.sh'
[1.249s] INFO:colcon.colcon_core.shell:Skip shell extension 'powershell' for command environment: Not usable outside of PowerShell
[1.249s] DEBUG:colcon.colcon_core.shell:Skip shell extension 'dsv' for command environment
[1.736s] INFO:colcon.colcon_core.task.python.build:Building Python package in '/home/haydenccarroll/Repositories/cs-453/hw1_assignment'
[1.741s] INFO:colcon.colcon_core.shell:Skip shell extension 'powershell' for command environment: Not usable outside of PowerShell
[1.741s] DEBUG:colcon.colcon_core.shell:Skip shell extension 'dsv' for command environment
[2.155s] INFO:colcon.colcon_core.task.python.build:Building Python package in '/home/haydenccarroll/Repositories/cs-453/hw2_assignment'
[2.161s] INFO:colcon.colcon_core.shell:Skip shell extension 'powershell' for command environment: Not usable outside of PowerShell
[2.161s] DEBUG:colcon.colcon_core.shell:Skip shell extension 'dsv' for command environment
[3.027s] DEBUG:colcon.colcon_core.event_handler.log_command:Invoking command in '/home/haydenccarroll/Repositories/cs-453/hw1_assignment': PYTHONPATH=/home/haydenccarroll/Repositories/cs-453/install/hw1_assignment/lib/python3.10/site-packages:${PYTHONPATH} /usr/bin/python3 setup.py egg_info --egg-base ../build/hw1_assignment build --build-base /home/haydenccarroll/Repositories/cs-453/build/hw1_assignment/build install --prefix /home/haydenccarroll/Repositories/cs-453/install/hw1_assignment --record /home/haydenccarroll/Repositories/cs-453/build/hw1_assignment/install.log --single-version-externally-managed
[3.033s] DEBUG:colcon.colcon_core.event_handler.log_command:Invoking command in '/home/haydenccarroll/Repositories/cs-453/hw2_assignment': PYTHONPATH=/home/haydenccarroll/Repositories/cs-453/install/hw2_assignment/lib/python3.10/site-packages:${PYTHONPATH} /usr/bin/python3 setup.py egg_info --egg-base ../build/hw2_assignment build --build-base /home/haydenccarroll/Repositories/cs-453/build/hw2_assignment/build install --prefix /home/haydenccarroll/Repositories/cs-453/install/hw2_assignment --record /home/haydenccarroll/Repositories/cs-453/build/hw2_assignment/install.log --single-version-externally-managed
[3.584s] DEBUG:colcon.colcon_core.event_handler.log_command:Invoked command in '/home/haydenccarroll/Repositories/cs-453/hw1_assignment' returned '0': PYTHONPATH=/home/haydenccarroll/Repositories/cs-453/install/hw1_assignment/lib/python3.10/site-packages:${PYTHONPATH} /usr/bin/python3 setup.py egg_info --egg-base ../build/hw1_assignment build --build-base /home/haydenccarroll/Repositories/cs-453/build/hw1_assignment/build install --prefix /home/haydenccarroll/Repositories/cs-453/install/hw1_assignment --record /home/haydenccarroll/Repositories/cs-453/build/hw1_assignment/install.log --single-version-externally-managed
[3.614s] Level 1:colcon.colcon_core.environment:checking '/home/haydenccarroll/Repositories/cs-453/install/hw1_assignment' for CMake module files
[3.615s] Level 1:colcon.colcon_core.environment:checking '/home/haydenccarroll/Repositories/cs-453/install/hw1_assignment' for CMake config files
[3.616s] Level 1:colcon.colcon_core.environment:checking '/home/haydenccarroll/Repositories/cs-453/install/hw1_assignment/lib'
[3.616s] Level 1:colcon.colcon_core.environment:checking '/home/haydenccarroll/Repositories/cs-453/install/hw1_assignment/bin'
[3.616s] Level 1:colcon.colcon_core.environment:checking '/home/haydenccarroll/Repositories/cs-453/install/hw1_assignment/lib/pkgconfig/hw1_assignment.pc'
[3.617s] Level 1:colcon.colcon_core.environment:checking '/home/haydenccarroll/Repositories/cs-453/install/hw1_assignment/lib/python3.10/site-packages'
[3.617s] Level 1:colcon.colcon_core.shell:create_environment_hook('hw1_assignment', 'pythonpath')
[3.622s] INFO:colcon.colcon_core.shell:Creating environment hook '/home/haydenccarroll/Repositories/cs-453/install/hw1_assignment/share/hw1_assignment/hook/pythonpath.ps1'
[3.623s] INFO:colcon.colcon_core.shell:Creating environment descriptor '/home/haydenccarroll/Repositories/cs-453/install/hw1_assignment/share/hw1_assignment/hook/pythonpath.dsv'
[3.624s] INFO:colcon.colcon_core.shell:Creating environment hook '/home/haydenccarroll/Repositories/cs-453/install/hw1_assignment/share/hw1_assignment/hook/pythonpath.sh'
[3.625s] Level 1:colcon.colcon_core.environment:checking '/home/haydenccarroll/Repositories/cs-453/install/hw1_assignment/bin'
[3.625s] Level 1:colcon.colcon_core.environment:create_environment_scripts_only(hw1_assignment)
[3.630s] INFO:colcon.colcon_core.shell:Creating package script '/home/haydenccarroll/Repositories/cs-453/install/hw1_assignment/share/hw1_assignment/package.ps1'
[3.632s] INFO:colcon.colcon_core.shell:Creating package descriptor '/home/haydenccarroll/Repositories/cs-453/install/hw1_assignment/share/hw1_assignment/package.dsv'
[3.633s] INFO:colcon.colcon_core.shell:Creating package script '/home/haydenccarroll/Repositories/cs-453/install/hw1_assignment/share/hw1_assignment/package.sh'
[3.635s] INFO:colcon.colcon_core.shell:Creating package script '/home/haydenccarroll/Repositories/cs-453/install/hw1_assignment/share/hw1_assignment/package.bash'
[3.636s] INFO:colcon.colcon_core.shell:Creating package script '/home/haydenccarroll/Repositories/cs-453/install/hw1_assignment/share/hw1_assignment/package.zsh'
[3.637s] Level 1:colcon.colcon_core.environment:create_file_with_runtime_dependencies(/home/haydenccarroll/Repositories/cs-453/install/hw1_assignment/share/colcon-core/packages/hw1_assignment)
[3.647s] Level 1:colcon.colcon_core.environment:checking '/home/haydenccarroll/Repositories/cs-453/install/hw2_assignment' for CMake module files
[3.648s] DEBUG:colcon.colcon_core.event_handler.log_command:Invoked command in '/home/haydenccarroll/Repositories/cs-453/hw2_assignment' returned '0': PYTHONPATH=/home/haydenccarroll/Repositories/cs-453/install/hw2_assignment/lib/python3.10/site-packages:${PYTHONPATH} /usr/bin/python3 setup.py egg_info --egg-base ../build/hw2_assignment build --build-base /home/haydenccarroll/Repositories/cs-453/build/hw2_assignment/build install --prefix /home/haydenccarroll/Repositories/cs-453/install/hw2_assignment --record /home/haydenccarroll/Repositories/cs-453/build/hw2_assignment/install.log --single-version-externally-managed
[3.649s] Level 1:colcon.colcon_core.environment:checking '/home/haydenccarroll/Repositories/cs-453/install/hw2_assignment' for CMake config files
[3.650s] Level 1:colcon.colcon_core.environment:checking '/home/haydenccarroll/Repositories/cs-453/install/hw2_assignment/lib'
[3.650s] Level 1:colcon.colcon_core.environment:checking '/home/haydenccarroll/Repositories/cs-453/install/hw2_assignment/bin'
[3.650s] Level 1:colcon.colcon_core.environment:checking '/home/haydenccarroll/Repositories/cs-453/install/hw2_assignment/lib/pkgconfig/hw2_assignment.pc'
[3.651s] Level 1:colcon.colcon_core.environment:checking '/home/haydenccarroll/Repositories/cs-453/install/hw2_assignment/lib/python3.10/site-packages'
[3.651s] Level 1:colcon.colcon_core.shell:create_environment_hook('hw2_assignment', 'pythonpath')
[3.661s] INFO:colcon.colcon_core.shell:Creating environment hook '/home/haydenccarroll/Repositories/cs-453/install/hw2_assignment/share/hw2_assignment/hook/pythonpath.ps1'
[3.662s] INFO:colcon.colcon_core.shell:Creating environment descriptor '/home/haydenccarroll/Repositories/cs-453/install/hw2_assignment/share/hw2_assignment/hook/pythonpath.dsv'
[3.663s] INFO:colcon.colcon_core.shell:Creating environment hook '/home/haydenccarroll/Repositories/cs-453/install/hw2_assignment/share/hw2_assignment/hook/pythonpath.sh'
[3.664s] Level 1:colcon.colcon_core.environment:checking '/home/haydenccarroll/Repositories/cs-453/install/hw2_assignment/bin'
[3.664s] Level 1:colcon.colcon_core.environment:create_environment_scripts_only(hw2_assignment)
[3.676s] INFO:colcon.colcon_core.shell:Creating package script '/home/haydenccarroll/Repositories/cs-453/install/hw2_assignment/share/hw2_assignment/package.ps1'
[3.678s] INFO:colcon.colcon_core.shell:Creating package descriptor '/home/haydenccarroll/Repositories/cs-453/install/hw2_assignment/share/hw2_assignment/package.dsv'
[3.679s] INFO:colcon.colcon_core.shell:Creating package script '/home/haydenccarroll/Repositories/cs-453/install/hw2_assignment/share/hw2_assignment/package.sh'
[3.680s] INFO:colcon.colcon_core.shell:Creating package script '/home/haydenccarroll/Repositories/cs-453/install/hw2_assignment/share/hw2_assignment/package.bash'
[3.681s] INFO:colcon.colcon_core.shell:Creating package script '/home/haydenccarroll/Repositories/cs-453/install/hw2_assignment/share/hw2_assignment/package.zsh'
[3.681s] Level 1:colcon.colcon_core.environment:create_file_with_runtime_dependencies(/home/haydenccarroll/Repositories/cs-453/install/hw2_assignment/share/colcon-core/packages/hw2_assignment)
[3.682s] DEBUG:colcon.colcon_parallel_executor.executor.parallel:closing loop
[3.682s] DEBUG:colcon.colcon_parallel_executor.executor.parallel:loop closed
[3.683s] DEBUG:colcon.colcon_parallel_executor.executor.parallel:run_until_complete finished with '0'
[3.683s] DEBUG:colcon.colcon_core.event_reactor:joining thread
[3.712s] INFO:colcon.colcon_core.plugin_system:Skipping extension 'colcon_notification.desktop_notification.terminal_notifier': Not used on non-Darwin systems
[3.712s] INFO:colcon.colcon_core.plugin_system:Skipping extension 'colcon_notification.desktop_notification.win32': Not used on non-Windows systems
[3.713s] INFO:colcon.colcon_notification.desktop_notification:Sending desktop notification using 'notify2'
[3.737s] DEBUG:colcon.colcon_core.event_reactor:joined thread
[3.749s] INFO:colcon.colcon_core.shell:Creating prefix script '/home/haydenccarroll/Repositories/cs-453/install/local_setup.ps1'
[3.752s] INFO:colcon.colcon_core.shell:Creating prefix util module '/home/haydenccarroll/Repositories/cs-453/install/_local_setup_util_ps1.py'
[3.755s] INFO:colcon.colcon_core.shell:Creating prefix chain script '/home/haydenccarroll/Repositories/cs-453/install/setup.ps1'
[3.768s] INFO:colcon.colcon_core.shell:Creating prefix script '/home/haydenccarroll/Repositories/cs-453/install/local_setup.sh'
[3.770s] INFO:colcon.colcon_core.shell:Creating prefix util module '/home/haydenccarroll/Repositories/cs-453/install/_local_setup_util_sh.py'
[3.772s] INFO:colcon.colcon_core.shell:Creating prefix chain script '/home/haydenccarroll/Repositories/cs-453/install/setup.sh'
[3.783s] INFO:colcon.colcon_core.shell:Creating prefix script '/home/haydenccarroll/Repositories/cs-453/install/local_setup.bash'
[3.785s] INFO:colcon.colcon_core.shell:Creating prefix chain script '/home/haydenccarroll/Repositories/cs-453/install/setup.bash'
[3.796s] INFO:colcon.colcon_core.shell:Creating prefix script '/home/haydenccarroll/Repositories/cs-453/install/local_setup.zsh'
[3.798s] INFO:colcon.colcon_core.shell:Creating prefix chain script '/home/haydenccarroll/Repositories/cs-453/install/setup.zsh'
