/home/haydenccarroll/Repositories/cs-453/install/hw2_assignment/lib/python3.10/site-packages/hw2_assignment/main.py
/home/haydenccarroll/Repositories/cs-453/install/hw2_assignment/lib/python3.10/site-packages/hw2_assignment/__init__.py
/home/haydenccarroll/Repositories/cs-453/install/hw2_assignment/lib/python3.10/site-packages/hw2_assignment/rotator.py
/home/haydenccarroll/Repositories/cs-453/install/hw2_assignment/lib/python3.10/site-packages/hw2_assignment/docker.py
/home/haydenccarroll/Repositories/cs-453/install/hw2_assignment/lib/python3.10/site-packages/hw2_assignment/audio_manager.py
/home/haydenccarroll/Repositories/cs-453/install/hw2_assignment/lib/python3.10/site-packages/hw2_assignment/driver.py
/home/haydenccarroll/Repositories/cs-453/install/hw2_assignment/lib/python3.10/site-packages/hw2_assignment/navigator.py
/home/haydenccarroll/Repositories/cs-453/install/hw2_assignment/lib/python3.10/site-packages/hw2_assignment/__pycache__/main.cpython-310.pyc
/home/haydenccarroll/Repositories/cs-453/install/hw2_assignment/lib/python3.10/site-packages/hw2_assignment/__pycache__/__init__.cpython-310.pyc
/home/haydenccarroll/Repositories/cs-453/install/hw2_assignment/lib/python3.10/site-packages/hw2_assignment/__pycache__/rotator.cpython-310.pyc
/home/haydenccarroll/Repositories/cs-453/install/hw2_assignment/lib/python3.10/site-packages/hw2_assignment/__pycache__/docker.cpython-310.pyc
/home/haydenccarroll/Repositories/cs-453/install/hw2_assignment/lib/python3.10/site-packages/hw2_assignment/__pycache__/audio_manager.cpython-310.pyc
/home/haydenccarroll/Repositories/cs-453/install/hw2_assignment/lib/python3.10/site-packages/hw2_assignment/__pycache__/driver.cpython-310.pyc
/home/haydenccarroll/Repositories/cs-453/install/hw2_assignment/lib/python3.10/site-packages/hw2_assignment/__pycache__/navigator.cpython-310.pyc
/home/haydenccarroll/Repositories/cs-453/install/hw2_assignment/share/ament_index/resource_index/packages/hw2_assignment
/home/haydenccarroll/Repositories/cs-453/install/hw2_assignment/share/hw2_assignment/package.xml
/home/haydenccarroll/Repositories/cs-453/install/hw2_assignment/lib/python3.10/site-packages/hw2_assignment-0.0.0-py3.10.egg-info/zip-safe
/home/haydenccarroll/Repositories/cs-453/install/hw2_assignment/lib/python3.10/site-packages/hw2_assignment-0.0.0-py3.10.egg-info/entry_points.txt
/home/haydenccarroll/Repositories/cs-453/install/hw2_assignment/lib/python3.10/site-packages/hw2_assignment-0.0.0-py3.10.egg-info/SOURCES.txt
/home/haydenccarroll/Repositories/cs-453/install/hw2_assignment/lib/python3.10/site-packages/hw2_assignment-0.0.0-py3.10.egg-info/requires.txt
/home/haydenccarroll/Repositories/cs-453/install/hw2_assignment/lib/python3.10/site-packages/hw2_assignment-0.0.0-py3.10.egg-info/dependency_links.txt
/home/haydenccarroll/Repositories/cs-453/install/hw2_assignment/lib/python3.10/site-packages/hw2_assignment-0.0.0-py3.10.egg-info/PKG-INFO
/home/haydenccarroll/Repositories/cs-453/install/hw2_assignment/lib/python3.10/site-packages/hw2_assignment-0.0.0-py3.10.egg-info/top_level.txt
/home/haydenccarroll/Repositories/cs-453/install/hw2_assignment/lib/hw2_assignment/test
