[1.520s] Invoking command in '/home/haydenccarroll/Repositories/cs-453/hw2_assignment': PYTHONPATH=/home/haydenccarroll/Repositories/cs-453/hw2_assignment/install/hw2_assignment/lib/python3.10/site-packages:${PYTHONPATH} /usr/bin/python3 setup.py egg_info --egg-base build/hw2_assignment build --build-base /home/haydenccarroll/Repositories/cs-453/hw2_assignment/build/hw2_assignment/build install --prefix /home/haydenccarroll/Repositories/cs-453/hw2_assignment/install/hw2_assignment --record /home/haydenccarroll/Repositories/cs-453/hw2_assignment/build/hw2_assignment/install.log --single-version-externally-managed
[2.175s] running egg_info
[2.176s] creating build/hw2_assignment/hw2_assignment.egg-info
[2.177s] writing build/hw2_assignment/hw2_assignment.egg-info/PKG-INFO
[2.177s] writing dependency_links to build/hw2_assignment/hw2_assignment.egg-info/dependency_links.txt
[2.177s] writing entry points to build/hw2_assignment/hw2_assignment.egg-info/entry_points.txt
[2.178s] writing requirements to build/hw2_assignment/hw2_assignment.egg-info/requires.txt
[2.178s] writing top-level names to build/hw2_assignment/hw2_assignment.egg-info/top_level.txt
[2.178s] writing manifest file 'build/hw2_assignment/hw2_assignment.egg-info/SOURCES.txt'
[2.181s] package init file 'hw2_assignment/__init__.py' not found (or not a regular file)
[2.182s] reading manifest file 'build/hw2_assignment/hw2_assignment.egg-info/SOURCES.txt'
[2.187s] writing manifest file 'build/hw2_assignment/hw2_assignment.egg-info/SOURCES.txt'
[2.187s] running build
[2.187s] running build_py
[2.188s] running install
[2.188s] /usr/lib/python3/dist-packages/setuptools/command/install.py:34: SetuptoolsDeprecationWarning: setup.py install is deprecated. Use build and pip and other standards-based tools.
[2.188s]   warnings.warn(
[2.188s] running install_lib
[2.190s] warning: install_lib: '/home/haydenccarroll/Repositories/cs-453/hw2_assignment/build/hw2_assignment/build/lib' does not exist -- no Python modules to install
[2.190s] 
[2.190s] running install_data
[2.191s] creating /home/haydenccarroll/Repositories/cs-453/hw2_assignment/install/hw2_assignment/share/ament_index
[2.192s] creating /home/haydenccarroll/Repositories/cs-453/hw2_assignment/install/hw2_assignment/share/ament_index/resource_index
[2.192s] creating /home/haydenccarroll/Repositories/cs-453/hw2_assignment/install/hw2_assignment/share/ament_index/resource_index/packages
[2.192s] copying resource/hw2_assignment -> /home/haydenccarroll/Repositories/cs-453/hw2_assignment/install/hw2_assignment/share/ament_index/resource_index/packages
[2.192s] copying package.xml -> /home/haydenccarroll/Repositories/cs-453/hw2_assignment/install/hw2_assignment/share/hw2_assignment
[2.192s] running install_egg_info
[2.196s] Copying build/hw2_assignment/hw2_assignment.egg-info to /home/haydenccarroll/Repositories/cs-453/hw2_assignment/install/hw2_assignment/lib/python3.10/site-packages/hw2_assignment-0.0.0-py3.10.egg-info
[2.198s] running install_scripts
[2.250s] writing list of installed files to '/home/haydenccarroll/Repositories/cs-453/hw2_assignment/build/hw2_assignment/install.log'
[2.337s] Invoked command in '/home/haydenccarroll/Repositories/cs-453/hw2_assignment' returned '0': PYTHONPATH=/home/haydenccarroll/Repositories/cs-453/hw2_assignment/install/hw2_assignment/lib/python3.10/site-packages:${PYTHONPATH} /usr/bin/python3 setup.py egg_info --egg-base build/hw2_assignment build --build-base /home/haydenccarroll/Repositories/cs-453/hw2_assignment/build/hw2_assignment/build install --prefix /home/haydenccarroll/Repositories/cs-453/hw2_assignment/install/hw2_assignment --record /home/haydenccarroll/Repositories/cs-453/hw2_assignment/build/hw2_assignment/install.log --single-version-externally-managed
