running egg_info
writing build/hw2_assignment/hw2_assignment.egg-info/PKG-INFO
writing dependency_links to build/hw2_assignment/hw2_assignment.egg-info/dependency_links.txt
writing entry points to build/hw2_assignment/hw2_assignment.egg-info/entry_points.txt
writing requirements to build/hw2_assignment/hw2_assignment.egg-info/requires.txt
writing top-level names to build/hw2_assignment/hw2_assignment.egg-info/top_level.txt
reading manifest file 'build/hw2_assignment/hw2_assignment.egg-info/SOURCES.txt'
writing manifest file 'build/hw2_assignment/hw2_assignment.egg-info/SOURCES.txt'
running build
running build_py
copying hw2_assignment/odom_sub.py -> /home/haydenccarroll/Repositories/create3_examples_ws/src/hw2_assignment/build/hw2_assignment/build/lib/hw2_assignment
copying hw2_assignment/action_handler.py -> /home/haydenccarroll/Repositories/create3_examples_ws/src/hw2_assignment/build/hw2_assignment/build/lib/hw2_assignment
copying hw2_assignment/main.py -> /home/haydenccarroll/Repositories/create3_examples_ws/src/hw2_assignment/build/hw2_assignment/build/lib/hw2_assignment
copying hw2_assignment/__init__.py -> /home/haydenccarroll/Repositories/create3_examples_ws/src/hw2_assignment/build/hw2_assignment/build/lib/hw2_assignment
copying hw2_assignment/undock.py -> /home/haydenccarroll/Repositories/create3_examples_ws/src/hw2_assignment/build/hw2_assignment/build/lib/hw2_assignment
running install
running install_lib
copying /home/haydenccarroll/Repositories/create3_examples_ws/src/hw2_assignment/build/hw2_assignment/build/lib/hw2_assignment/odom_sub.py -> /home/haydenccarroll/Repositories/create3_examples_ws/src/hw2_assignment/install/hw2_assignment/lib/python3.10/site-packages/hw2_assignment
copying /home/haydenccarroll/Repositories/create3_examples_ws/src/hw2_assignment/build/hw2_assignment/build/lib/hw2_assignment/action_handler.py -> /home/haydenccarroll/Repositories/create3_examples_ws/src/hw2_assignment/install/hw2_assignment/lib/python3.10/site-packages/hw2_assignment
copying /home/haydenccarroll/Repositories/create3_examples_ws/src/hw2_assignment/build/hw2_assignment/build/lib/hw2_assignment/main.py -> /home/haydenccarroll/Repositories/create3_examples_ws/src/hw2_assignment/install/hw2_assignment/lib/python3.10/site-packages/hw2_assignment
copying /home/haydenccarroll/Repositories/create3_examples_ws/src/hw2_assignment/build/hw2_assignment/build/lib/hw2_assignment/__init__.py -> /home/haydenccarroll/Repositories/create3_examples_ws/src/hw2_assignment/install/hw2_assignment/lib/python3.10/site-packages/hw2_assignment
copying /home/haydenccarroll/Repositories/create3_examples_ws/src/hw2_assignment/build/hw2_assignment/build/lib/hw2_assignment/undock.py -> /home/haydenccarroll/Repositories/create3_examples_ws/src/hw2_assignment/install/hw2_assignment/lib/python3.10/site-packages/hw2_assignment
byte-compiling /home/haydenccarroll/Repositories/create3_examples_ws/src/hw2_assignment/install/hw2_assignment/lib/python3.10/site-packages/hw2_assignment/odom_sub.py to odom_sub.cpython-310.pyc
byte-compiling /home/haydenccarroll/Repositories/create3_examples_ws/src/hw2_assignment/install/hw2_assignment/lib/python3.10/site-packages/hw2_assignment/action_handler.py to action_handler.cpython-310.pyc
byte-compiling /home/haydenccarroll/Repositories/create3_examples_ws/src/hw2_assignment/install/hw2_assignment/lib/python3.10/site-packages/hw2_assignment/main.py to main.cpython-310.pyc
byte-compiling /home/haydenccarroll/Repositories/create3_examples_ws/src/hw2_assignment/install/hw2_assignment/lib/python3.10/site-packages/hw2_assignment/__init__.py to __init__.cpython-310.pyc
byte-compiling /home/haydenccarroll/Repositories/create3_examples_ws/src/hw2_assignment/install/hw2_assignment/lib/python3.10/site-packages/hw2_assignment/undock.py to undock.cpython-310.pyc
running install_data
running install_egg_info
removing '/home/haydenccarroll/Repositories/create3_examples_ws/src/hw2_assignment/install/hw2_assignment/lib/python3.10/site-packages/hw2_assignment-0.0.0-py3.10.egg-info' (and everything under it)
Copying build/hw2_assignment/hw2_assignment.egg-info to /home/haydenccarroll/Repositories/create3_examples_ws/src/hw2_assignment/install/hw2_assignment/lib/python3.10/site-packages/hw2_assignment-0.0.0-py3.10.egg-info
running install_scripts
Installing test script to /home/haydenccarroll/Repositories/create3_examples_ws/src/hw2_assignment/install/hw2_assignment/lib/hw2_assignment
writing list of installed files to '/home/haydenccarroll/Repositories/create3_examples_ws/src/hw2_assignment/build/hw2_assignment/install.log'
