[0.908s] Invoking command in '/home/haydenccarroll/Repositories/create3_examples_ws/src/hw2_assignment': PYTHONPATH=/home/haydenccarroll/Repositories/create3_examples_ws/src/hw2_assignment/install/hw2_assignment/lib/python3.10/site-packages:${PYTHONPATH} /usr/bin/python3 setup.py egg_info --egg-base build/hw2_assignment build --build-base /home/haydenccarroll/Repositories/create3_examples_ws/src/hw2_assignment/build/hw2_assignment/build install --prefix /home/haydenccarroll/Repositories/create3_examples_ws/src/hw2_assignment/install/hw2_assignment --record /home/haydenccarroll/Repositories/create3_examples_ws/src/hw2_assignment/build/hw2_assignment/install.log --single-version-externally-managed
[1.210s] running egg_info
[1.211s] writing build/hw2_assignment/hw2_assignment.egg-info/PKG-INFO
[1.212s] writing dependency_links to build/hw2_assignment/hw2_assignment.egg-info/dependency_links.txt
[1.212s] writing entry points to build/hw2_assignment/hw2_assignment.egg-info/entry_points.txt
[1.213s] writing requirements to build/hw2_assignment/hw2_assignment.egg-info/requires.txt
[1.213s] writing top-level names to build/hw2_assignment/hw2_assignment.egg-info/top_level.txt
[1.217s] reading manifest file 'build/hw2_assignment/hw2_assignment.egg-info/SOURCES.txt'
[1.220s] writing manifest file 'build/hw2_assignment/hw2_assignment.egg-info/SOURCES.txt'
[1.220s] running build
[1.220s] running build_py
[1.220s] copying hw2_assignment/odom_sub.py -> /home/haydenccarroll/Repositories/create3_examples_ws/src/hw2_assignment/build/hw2_assignment/build/lib/hw2_assignment
[1.220s] copying hw2_assignment/action_handler.py -> /home/haydenccarroll/Repositories/create3_examples_ws/src/hw2_assignment/build/hw2_assignment/build/lib/hw2_assignment
[1.221s] copying hw2_assignment/main.py -> /home/haydenccarroll/Repositories/create3_examples_ws/src/hw2_assignment/build/hw2_assignment/build/lib/hw2_assignment
[1.221s] copying hw2_assignment/__init__.py -> /home/haydenccarroll/Repositories/create3_examples_ws/src/hw2_assignment/build/hw2_assignment/build/lib/hw2_assignment
[1.221s] copying hw2_assignment/undock.py -> /home/haydenccarroll/Repositories/create3_examples_ws/src/hw2_assignment/build/hw2_assignment/build/lib/hw2_assignment
[1.222s] running install
[1.222s] /usr/lib/python3/dist-packages/setuptools/command/install.py:34: SetuptoolsDeprecationWarning: setup.py install is deprecated. Use build and pip and other standards-based tools.
[1.222s]   warnings.warn(
[1.223s] running install_lib
[1.224s] copying /home/haydenccarroll/Repositories/create3_examples_ws/src/hw2_assignment/build/hw2_assignment/build/lib/hw2_assignment/odom_sub.py -> /home/haydenccarroll/Repositories/create3_examples_ws/src/hw2_assignment/install/hw2_assignment/lib/python3.10/site-packages/hw2_assignment
[1.225s] copying /home/haydenccarroll/Repositories/create3_examples_ws/src/hw2_assignment/build/hw2_assignment/build/lib/hw2_assignment/action_handler.py -> /home/haydenccarroll/Repositories/create3_examples_ws/src/hw2_assignment/install/hw2_assignment/lib/python3.10/site-packages/hw2_assignment
[1.225s] copying /home/haydenccarroll/Repositories/create3_examples_ws/src/hw2_assignment/build/hw2_assignment/build/lib/hw2_assignment/main.py -> /home/haydenccarroll/Repositories/create3_examples_ws/src/hw2_assignment/install/hw2_assignment/lib/python3.10/site-packages/hw2_assignment
[1.226s] copying /home/haydenccarroll/Repositories/create3_examples_ws/src/hw2_assignment/build/hw2_assignment/build/lib/hw2_assignment/__init__.py -> /home/haydenccarroll/Repositories/create3_examples_ws/src/hw2_assignment/install/hw2_assignment/lib/python3.10/site-packages/hw2_assignment
[1.226s] copying /home/haydenccarroll/Repositories/create3_examples_ws/src/hw2_assignment/build/hw2_assignment/build/lib/hw2_assignment/undock.py -> /home/haydenccarroll/Repositories/create3_examples_ws/src/hw2_assignment/install/hw2_assignment/lib/python3.10/site-packages/hw2_assignment
[1.228s] byte-compiling /home/haydenccarroll/Repositories/create3_examples_ws/src/hw2_assignment/install/hw2_assignment/lib/python3.10/site-packages/hw2_assignment/odom_sub.py to odom_sub.cpython-310.pyc
[1.228s]   File "/home/haydenccarroll/Repositories/create3_examples_ws/src/hw2_assignment/install/hw2_assignment/lib/python3.10/site-packages/hw2_assignment/odom_sub.py", line 3
[1.228s]     from irobot_create_msgs.msg import 
[1.229s]                                        ^
[1.229s] SyntaxError: invalid syntax
[1.229s] 
[1.229s] byte-compiling /home/haydenccarroll/Repositories/create3_examples_ws/src/hw2_assignment/install/hw2_assignment/lib/python3.10/site-packages/hw2_assignment/action_handler.py to action_handler.cpython-310.pyc
[1.230s] byte-compiling /home/haydenccarroll/Repositories/create3_examples_ws/src/hw2_assignment/install/hw2_assignment/lib/python3.10/site-packages/hw2_assignment/main.py to main.cpython-310.pyc
[1.230s] byte-compiling /home/haydenccarroll/Repositories/create3_examples_ws/src/hw2_assignment/install/hw2_assignment/lib/python3.10/site-packages/hw2_assignment/__init__.py to __init__.cpython-310.pyc
[1.231s] byte-compiling /home/haydenccarroll/Repositories/create3_examples_ws/src/hw2_assignment/install/hw2_assignment/lib/python3.10/site-packages/hw2_assignment/undock.py to undock.cpython-310.pyc
[1.231s] running install_data
[1.233s] running install_egg_info
[1.236s] removing '/home/haydenccarroll/Repositories/create3_examples_ws/src/hw2_assignment/install/hw2_assignment/lib/python3.10/site-packages/hw2_assignment-0.0.0-py3.10.egg-info' (and everything under it)
[1.237s] Copying build/hw2_assignment/hw2_assignment.egg-info to /home/haydenccarroll/Repositories/create3_examples_ws/src/hw2_assignment/install/hw2_assignment/lib/python3.10/site-packages/hw2_assignment-0.0.0-py3.10.egg-info
[1.239s] running install_scripts
[1.264s] Installing test script to /home/haydenccarroll/Repositories/create3_examples_ws/src/hw2_assignment/install/hw2_assignment/lib/hw2_assignment
[1.265s] writing list of installed files to '/home/haydenccarroll/Repositories/create3_examples_ws/src/hw2_assignment/build/hw2_assignment/install.log'
[1.302s] Invoked command in '/home/haydenccarroll/Repositories/create3_examples_ws/src/hw2_assignment' returned '0': PYTHONPATH=/home/haydenccarroll/Repositories/create3_examples_ws/src/hw2_assignment/install/hw2_assignment/lib/python3.10/site-packages:${PYTHONPATH} /usr/bin/python3 setup.py egg_info --egg-base build/hw2_assignment build --build-base /home/haydenccarroll/Repositories/create3_examples_ws/src/hw2_assignment/build/hw2_assignment/build install --prefix /home/haydenccarroll/Repositories/create3_examples_ws/src/hw2_assignment/install/hw2_assignment --record /home/haydenccarroll/Repositories/create3_examples_ws/src/hw2_assignment/build/hw2_assignment/install.log --single-version-externally-managed
